[0.551s] Invoking command in '/home/mayo_poyo/ros2_ws2/src/py_pubsub': DEBUGINFOD_URLS=https://debuginfod.ubuntu.com PYTHONPATH=/home/mayo_poyo/ros2_ws2/build/py_pubsub/prefix_override:/usr/lib/python3/dist-packages/colcon_core/task/python/colcon_distutils_commands:/home/mayo_poyo/ros2_ws2/install/py_pubsub/lib/python3.12/site-packages:${PYTHONPATH} /usr/bin/python3 -W ignore:setup.py install is deprecated setup.py egg_info --egg-base ../../build/py_pubsub build --build-base /home/mayo_poyo/ros2_ws2/build/py_pubsub/build install --record /home/mayo_poyo/ros2_ws2/build/py_pubsub/install.log --single-version-externally-managed install_data
[0.665s] running egg_info
[0.672s] writing ../../build/py_pubsub/py_pubsub.egg-info/PKG-INFO
[0.673s] writing dependency_links to ../../build/py_pubsub/py_pubsub.egg-info/dependency_links.txt
[0.673s] writing entry points to ../../build/py_pubsub/py_pubsub.egg-info/entry_points.txt
[0.673s] writing requirements to ../../build/py_pubsub/py_pubsub.egg-info/requires.txt
[0.673s] writing top-level names to ../../build/py_pubsub/py_pubsub.egg-info/top_level.txt
[0.688s] reading manifest file '../../build/py_pubsub/py_pubsub.egg-info/SOURCES.txt'
[0.689s] adding license file 'LICENSE'
[0.689s] writing manifest file '../../build/py_pubsub/py_pubsub.egg-info/SOURCES.txt'
[0.689s] running build
[0.689s] running build_py
[0.689s] running install
[0.693s] running install_lib
[0.701s] running install_data
[0.701s] running install_egg_info
[0.710s] removing '/home/mayo_poyo/ros2_ws2/install/py_pubsub/lib/python3.12/site-packages/py_pubsub-0.0.0-py3.12.egg-info' (and everything under it)
[0.710s] Copying ../../build/py_pubsub/py_pubsub.egg-info to /home/mayo_poyo/ros2_ws2/install/py_pubsub/lib/python3.12/site-packages/py_pubsub-0.0.0-py3.12.egg-info
[0.710s] running install_scripts
[0.769s] Installing listener script to /home/mayo_poyo/ros2_ws2/install/py_pubsub/lib/py_pubsub
[0.769s] Installing talker script to /home/mayo_poyo/ros2_ws2/install/py_pubsub/lib/py_pubsub
[0.769s] writing list of installed files to '/home/mayo_poyo/ros2_ws2/build/py_pubsub/install.log'
[0.791s] Invoked command in '/home/mayo_poyo/ros2_ws2/src/py_pubsub' returned '0': DEBUGINFOD_URLS=https://debuginfod.ubuntu.com PYTHONPATH=/home/mayo_poyo/ros2_ws2/build/py_pubsub/prefix_override:/usr/lib/python3/dist-packages/colcon_core/task/python/colcon_distutils_commands:/home/mayo_poyo/ros2_ws2/install/py_pubsub/lib/python3.12/site-packages:${PYTHONPATH} /usr/bin/python3 -W ignore:setup.py install is deprecated setup.py egg_info --egg-base ../../build/py_pubsub build --build-base /home/mayo_poyo/ros2_ws2/build/py_pubsub/build install --record /home/mayo_poyo/ros2_ws2/build/py_pubsub/install.log --single-version-externally-managed install_data
