[0.175s] DEBUG:colcon:Command line arguments: ['/usr/bin/colcon', 'build']
[0.175s] DEBUG:colcon:Parsed command line arguments: Namespace(log_base=None, log_level=None, verb_name='build', build_base='build', install_base='install', merge_install=False, symlink_install=False, test_result_base=None, continue_on_error=False, executor='parallel', parallel_workers=8, event_handlers=None, ignore_user_meta=False, metas=['./colcon.meta'], base_paths=['.'], packages_ignore=None, packages_ignore_regex=None, paths=None, packages_up_to=None, packages_up_to_regex=None, packages_above=None, packages_above_and_dependencies=None, packages_above_depth=None, packages_select_by_dep=None, packages_skip_by_dep=None, packages_skip_up_to=None, packages_select_build_failed=False, packages_skip_build_finished=False, packages_select_test_failures=False, packages_skip_test_passed=False, packages_select=None, packages_skip=None, packages_select_regex=None, packages_skip_regex=None, packages_start=None, packages_end=None, allow_overriding=[], cmake_args=None, cmake_target=None, cmake_target_skip_unavailable=False, cmake_clean_cache=False, cmake_clean_first=False, cmake_force_configure=False, ament_cmake_args=None, catkin_cmake_args=None, catkin_skip_building_tests=False, mixin_files=None, mixin=None, verb_parser=<colcon_mixin.mixin.mixin_argument.MixinArgumentDecorator object at 0xffff8585ba70>, verb_extension=<colcon_core.verb.build.BuildVerb object at 0xffff85a12690>, main=<bound method BuildVerb.main of <colcon_core.verb.build.BuildVerb object at 0xffff85a12690>>, mixin_verb=('build',))
[0.205s] Level 1:colcon.colcon_core.package_discovery:discover_packages(colcon_meta) check parameters
[0.205s] Level 1:colcon.colcon_core.package_discovery:discover_packages(recursive) check parameters
[0.205s] Level 1:colcon.colcon_core.package_discovery:discover_packages(ignore) check parameters
[0.205s] Level 1:colcon.colcon_core.package_discovery:discover_packages(path) check parameters
[0.205s] Level 1:colcon.colcon_core.package_discovery:discover_packages(colcon_meta) discover
[0.205s] Level 1:colcon.colcon_core.package_discovery:discover_packages(recursive) discover
[0.205s] INFO:colcon.colcon_core.package_discovery:Crawling recursively for packages in '/home/mayo_poyo/ros2_ws2'
[0.205s] Level 1:colcon.colcon_core.package_identification:_identify(.) by extensions ['ignore', 'ignore_ament_install']
[0.206s] Level 1:colcon.colcon_core.package_identification:_identify(.) by extension 'ignore'
[0.206s] Level 1:colcon.colcon_core.package_identification:_identify(.) by extension 'ignore_ament_install'
[0.206s] Level 1:colcon.colcon_core.package_identification:_identify(.) by extensions ['colcon_pkg']
[0.206s] Level 1:colcon.colcon_core.package_identification:_identify(.) by extension 'colcon_pkg'
[0.206s] Level 1:colcon.colcon_core.package_identification:_identify(.) by extensions ['colcon_meta']
[0.206s] Level 1:colcon.colcon_core.package_identification:_identify(.) by extension 'colcon_meta'
[0.206s] Level 1:colcon.colcon_core.package_identification:_identify(.) by extensions ['ros']
[0.206s] Level 1:colcon.colcon_core.package_identification:_identify(.) by extension 'ros'
[0.223s] Level 1:colcon.colcon_core.package_identification:_identify(.) by extensions ['cmake', 'python']
[0.223s] Level 1:colcon.colcon_core.package_identification:_identify(.) by extension 'cmake'
[0.223s] Level 1:colcon.colcon_core.package_identification:_identify(.) by extension 'python'
[0.223s] Level 1:colcon.colcon_core.package_identification:_identify(.) by extensions ['python_setup_py']
[0.223s] Level 1:colcon.colcon_core.package_identification:_identify(.) by extension 'python_setup_py'
[0.223s] Level 1:colcon.colcon_core.package_identification:_identify(build) by extensions ['ignore', 'ignore_ament_install']
[0.223s] Level 1:colcon.colcon_core.package_identification:_identify(build) by extension 'ignore'
[0.223s] Level 1:colcon.colcon_core.package_identification:_identify(build) ignored
[0.223s] Level 1:colcon.colcon_core.package_identification:_identify(go_to_goal) by extensions ['ignore', 'ignore_ament_install']
[0.223s] Level 1:colcon.colcon_core.package_identification:_identify(go_to_goal) by extension 'ignore'
[0.223s] Level 1:colcon.colcon_core.package_identification:_identify(go_to_goal) by extension 'ignore_ament_install'
[0.223s] Level 1:colcon.colcon_core.package_identification:_identify(go_to_goal) by extensions ['colcon_pkg']
[0.223s] Level 1:colcon.colcon_core.package_identification:_identify(go_to_goal) by extension 'colcon_pkg'
[0.223s] Level 1:colcon.colcon_core.package_identification:_identify(go_to_goal) by extensions ['colcon_meta']
[0.223s] Level 1:colcon.colcon_core.package_identification:_identify(go_to_goal) by extension 'colcon_meta'
[0.223s] Level 1:colcon.colcon_core.package_identification:_identify(go_to_goal) by extensions ['ros']
[0.223s] Level 1:colcon.colcon_core.package_identification:_identify(go_to_goal) by extension 'ros'
[0.225s] DEBUG:colcon.colcon_core.package_identification:Package 'go_to_goal' with type 'ros.ament_python' and name 'go_to_goal'
[0.225s] Level 1:colcon.colcon_core.package_identification:_identify(install) by extensions ['ignore', 'ignore_ament_install']
[0.225s] Level 1:colcon.colcon_core.package_identification:_identify(install) by extension 'ignore'
[0.225s] Level 1:colcon.colcon_core.package_identification:_identify(install) ignored
[0.225s] Level 1:colcon.colcon_core.package_identification:_identify(log) by extensions ['ignore', 'ignore_ament_install']
[0.225s] Level 1:colcon.colcon_core.package_identification:_identify(log) by extension 'ignore'
[0.225s] Level 1:colcon.colcon_core.package_identification:_identify(log) ignored
[0.225s] Level 1:colcon.colcon_core.package_identification:_identify(src) by extensions ['ignore', 'ignore_ament_install']
[0.225s] Level 1:colcon.colcon_core.package_identification:_identify(src) by extension 'ignore'
[0.225s] Level 1:colcon.colcon_core.package_identification:_identify(src) by extension 'ignore_ament_install'
[0.225s] Level 1:colcon.colcon_core.package_identification:_identify(src) by extensions ['colcon_pkg']
[0.225s] Level 1:colcon.colcon_core.package_identification:_identify(src) by extension 'colcon_pkg'
[0.225s] Level 1:colcon.colcon_core.package_identification:_identify(src) by extensions ['colcon_meta']
[0.225s] Level 1:colcon.colcon_core.package_identification:_identify(src) by extension 'colcon_meta'
[0.225s] Level 1:colcon.colcon_core.package_identification:_identify(src) by extensions ['ros']
[0.225s] Level 1:colcon.colcon_core.package_identification:_identify(src) by extension 'ros'
[0.225s] Level 1:colcon.colcon_core.package_identification:_identify(src) by extensions ['cmake', 'python']
[0.225s] Level 1:colcon.colcon_core.package_identification:_identify(src) by extension 'cmake'
[0.225s] Level 1:colcon.colcon_core.package_identification:_identify(src) by extension 'python'
[0.225s] Level 1:colcon.colcon_core.package_identification:_identify(src) by extensions ['python_setup_py']
[0.225s] Level 1:colcon.colcon_core.package_identification:_identify(src) by extension 'python_setup_py'
[0.225s] Level 1:colcon.colcon_core.package_identification:_identify(src/py_pubsub) by extensions ['ignore', 'ignore_ament_install']
[0.226s] Level 1:colcon.colcon_core.package_identification:_identify(src/py_pubsub) by extension 'ignore'
[0.226s] Level 1:colcon.colcon_core.package_identification:_identify(src/py_pubsub) by extension 'ignore_ament_install'
[0.226s] Level 1:colcon.colcon_core.package_identification:_identify(src/py_pubsub) by extensions ['colcon_pkg']
[0.226s] Level 1:colcon.colcon_core.package_identification:_identify(src/py_pubsub) by extension 'colcon_pkg'
[0.226s] Level 1:colcon.colcon_core.package_identification:_identify(src/py_pubsub) by extensions ['colcon_meta']
[0.226s] Level 1:colcon.colcon_core.package_identification:_identify(src/py_pubsub) by extension 'colcon_meta'
[0.226s] Level 1:colcon.colcon_core.package_identification:_identify(src/py_pubsub) by extensions ['ros']
[0.226s] Level 1:colcon.colcon_core.package_identification:_identify(src/py_pubsub) by extension 'ros'
[0.226s] DEBUG:colcon.colcon_core.package_identification:Package 'src/py_pubsub' with type 'ros.ament_python' and name 'py_pubsub'
[0.226s] Level 1:colcon.colcon_core.package_identification:_identify(src/py_srvcli) by extensions ['ignore', 'ignore_ament_install']
[0.226s] Level 1:colcon.colcon_core.package_identification:_identify(src/py_srvcli) by extension 'ignore'
[0.226s] Level 1:colcon.colcon_core.package_identification:_identify(src/py_srvcli) by extension 'ignore_ament_install'
[0.226s] Level 1:colcon.colcon_core.package_identification:_identify(src/py_srvcli) by extensions ['colcon_pkg']
[0.226s] Level 1:colcon.colcon_core.package_identification:_identify(src/py_srvcli) by extension 'colcon_pkg'
[0.226s] Level 1:colcon.colcon_core.package_identification:_identify(src/py_srvcli) by extensions ['colcon_meta']
[0.226s] Level 1:colcon.colcon_core.package_identification:_identify(src/py_srvcli) by extension 'colcon_meta'
[0.226s] Level 1:colcon.colcon_core.package_identification:_identify(src/py_srvcli) by extensions ['ros']
[0.226s] Level 1:colcon.colcon_core.package_identification:_identify(src/py_srvcli) by extension 'ros'
[0.227s] DEBUG:colcon.colcon_core.package_identification:Package 'src/py_srvcli' with type 'ros.ament_python' and name 'py_srvcli'
[0.227s] Level 1:colcon.colcon_core.package_identification:_identify(src/python_parameters) by extensions ['ignore', 'ignore_ament_install']
[0.227s] Level 1:colcon.colcon_core.package_identification:_identify(src/python_parameters) by extension 'ignore'
[0.227s] Level 1:colcon.colcon_core.package_identification:_identify(src/python_parameters) by extension 'ignore_ament_install'
[0.227s] Level 1:colcon.colcon_core.package_identification:_identify(src/python_parameters) by extensions ['colcon_pkg']
[0.227s] Level 1:colcon.colcon_core.package_identification:_identify(src/python_parameters) by extension 'colcon_pkg'
[0.227s] Level 1:colcon.colcon_core.package_identification:_identify(src/python_parameters) by extensions ['colcon_meta']
[0.227s] Level 1:colcon.colcon_core.package_identification:_identify(src/python_parameters) by extension 'colcon_meta'
[0.227s] Level 1:colcon.colcon_core.package_identification:_identify(src/python_parameters) by extensions ['ros']
[0.227s] Level 1:colcon.colcon_core.package_identification:_identify(src/python_parameters) by extension 'ros'
[0.227s] DEBUG:colcon.colcon_core.package_identification:Package 'src/python_parameters' with type 'ros.ament_python' and name 'python_parameters'
[0.228s] Level 1:colcon.colcon_core.package_identification:_identify(src/tutorial_interfaces) by extensions ['ignore', 'ignore_ament_install']
[0.228s] Level 1:colcon.colcon_core.package_identification:_identify(src/tutorial_interfaces) by extension 'ignore'
[0.228s] Level 1:colcon.colcon_core.package_identification:_identify(src/tutorial_interfaces) by extension 'ignore_ament_install'
[0.228s] Level 1:colcon.colcon_core.package_identification:_identify(src/tutorial_interfaces) by extensions ['colcon_pkg']
[0.228s] Level 1:colcon.colcon_core.package_identification:_identify(src/tutorial_interfaces) by extension 'colcon_pkg'
[0.228s] Level 1:colcon.colcon_core.package_identification:_identify(src/tutorial_interfaces) by extensions ['colcon_meta']
[0.228s] Level 1:colcon.colcon_core.package_identification:_identify(src/tutorial_interfaces) by extension 'colcon_meta'
[0.228s] Level 1:colcon.colcon_core.package_identification:_identify(src/tutorial_interfaces) by extensions ['ros']
[0.228s] Level 1:colcon.colcon_core.package_identification:_identify(src/tutorial_interfaces) by extension 'ros'
[0.228s] DEBUG:colcon.colcon_core.package_identification:Package 'src/tutorial_interfaces' with type 'ros.ament_cmake' and name 'tutorial_interfaces'
[0.228s] Level 1:colcon.colcon_core.package_discovery:discover_packages(recursive) using defaults
[0.228s] Level 1:colcon.colcon_core.package_discovery:discover_packages(ignore) discover
[0.228s] Level 1:colcon.colcon_core.package_discovery:discover_packages(ignore) using defaults
[0.228s] Level 1:colcon.colcon_core.package_discovery:discover_packages(path) discover
[0.228s] Level 1:colcon.colcon_core.package_discovery:discover_packages(path) using defaults
[0.242s] Level 1:colcon.colcon_core.package_discovery:discover_packages(prefix_path) check parameters
[0.242s] Level 1:colcon.colcon_core.package_discovery:discover_packages(prefix_path) discover
[0.246s] DEBUG:colcon.colcon_installed_package_information.package_discovery:Found 5 installed packages in /home/mayo_poyo/ros2_ws2/install
[0.250s] DEBUG:colcon.colcon_installed_package_information.package_discovery:Found 382 installed packages in /opt/ros/jazzy
[0.251s] Level 1:colcon.colcon_core.package_discovery:discover_packages(prefix_path) using defaults
[0.316s] Level 5:colcon.colcon_core.verb:set package 'go_to_goal' build argument 'cmake_args' from command line to 'None'
[0.316s] Level 5:colcon.colcon_core.verb:set package 'go_to_goal' build argument 'cmake_target' from command line to 'None'
[0.316s] Level 5:colcon.colcon_core.verb:set package 'go_to_goal' build argument 'cmake_target_skip_unavailable' from command line to 'False'
[0.316s] Level 5:colcon.colcon_core.verb:set package 'go_to_goal' build argument 'cmake_clean_cache' from command line to 'False'
[0.316s] Level 5:colcon.colcon_core.verb:set package 'go_to_goal' build argument 'cmake_clean_first' from command line to 'False'
[0.316s] Level 5:colcon.colcon_core.verb:set package 'go_to_goal' build argument 'cmake_force_configure' from command line to 'False'
[0.316s] Level 5:colcon.colcon_core.verb:set package 'go_to_goal' build argument 'ament_cmake_args' from command line to 'None'
[0.316s] Level 5:colcon.colcon_core.verb:set package 'go_to_goal' build argument 'catkin_cmake_args' from command line to 'None'
[0.316s] Level 5:colcon.colcon_core.verb:set package 'go_to_goal' build argument 'catkin_skip_building_tests' from command line to 'False'
[0.316s] DEBUG:colcon.colcon_core.verb:Building package 'go_to_goal' with the following arguments: {'ament_cmake_args': None, 'build_base': '/home/mayo_poyo/ros2_ws2/build/go_to_goal', 'catkin_cmake_args': None, 'catkin_skip_building_tests': False, 'cmake_args': None, 'cmake_clean_cache': False, 'cmake_clean_first': False, 'cmake_force_configure': False, 'cmake_target': None, 'cmake_target_skip_unavailable': False, 'install_base': '/home/mayo_poyo/ros2_ws2/install/go_to_goal', 'merge_install': False, 'path': '/home/mayo_poyo/ros2_ws2/go_to_goal', 'symlink_install': False, 'test_result_base': None}
[0.316s] Level 5:colcon.colcon_core.verb:set package 'python_parameters' build argument 'cmake_args' from command line to 'None'
[0.316s] Level 5:colcon.colcon_core.verb:set package 'python_parameters' build argument 'cmake_target' from command line to 'None'
[0.316s] Level 5:colcon.colcon_core.verb:set package 'python_parameters' build argument 'cmake_target_skip_unavailable' from command line to 'False'
[0.316s] Level 5:colcon.colcon_core.verb:set package 'python_parameters' build argument 'cmake_clean_cache' from command line to 'False'
[0.316s] Level 5:colcon.colcon_core.verb:set package 'python_parameters' build argument 'cmake_clean_first' from command line to 'False'
[0.316s] Level 5:colcon.colcon_core.verb:set package 'python_parameters' build argument 'cmake_force_configure' from command line to 'False'
[0.316s] Level 5:colcon.colcon_core.verb:set package 'python_parameters' build argument 'ament_cmake_args' from command line to 'None'
[0.316s] Level 5:colcon.colcon_core.verb:set package 'python_parameters' build argument 'catkin_cmake_args' from command line to 'None'
[0.316s] Level 5:colcon.colcon_core.verb:set package 'python_parameters' build argument 'catkin_skip_building_tests' from command line to 'False'
[0.316s] DEBUG:colcon.colcon_core.verb:Building package 'python_parameters' with the following arguments: {'ament_cmake_args': None, 'build_base': '/home/mayo_poyo/ros2_ws2/build/python_parameters', 'catkin_cmake_args': None, 'catkin_skip_building_tests': False, 'cmake_args': None, 'cmake_clean_cache': False, 'cmake_clean_first': False, 'cmake_force_configure': False, 'cmake_target': None, 'cmake_target_skip_unavailable': False, 'install_base': '/home/mayo_poyo/ros2_ws2/install/python_parameters', 'merge_install': False, 'path': '/home/mayo_poyo/ros2_ws2/src/python_parameters', 'symlink_install': False, 'test_result_base': None}
[0.316s] Level 5:colcon.colcon_core.verb:set package 'tutorial_interfaces' build argument 'cmake_args' from command line to 'None'
[0.316s] Level 5:colcon.colcon_core.verb:set package 'tutorial_interfaces' build argument 'cmake_target' from command line to 'None'
[0.316s] Level 5:colcon.colcon_core.verb:set package 'tutorial_interfaces' build argument 'cmake_target_skip_unavailable' from command line to 'False'
[0.316s] Level 5:colcon.colcon_core.verb:set package 'tutorial_interfaces' build argument 'cmake_clean_cache' from command line to 'False'
[0.316s] Level 5:colcon.colcon_core.verb:set package 'tutorial_interfaces' build argument 'cmake_clean_first' from command line to 'False'
[0.316s] Level 5:colcon.colcon_core.verb:set package 'tutorial_interfaces' build argument 'cmake_force_configure' from command line to 'False'
[0.316s] Level 5:colcon.colcon_core.verb:set package 'tutorial_interfaces' build argument 'ament_cmake_args' from command line to 'None'
[0.316s] Level 5:colcon.colcon_core.verb:set package 'tutorial_interfaces' build argument 'catkin_cmake_args' from command line to 'None'
[0.316s] Level 5:colcon.colcon_core.verb:set package 'tutorial_interfaces' build argument 'catkin_skip_building_tests' from command line to 'False'
[0.316s] DEBUG:colcon.colcon_core.verb:Building package 'tutorial_interfaces' with the following arguments: {'ament_cmake_args': None, 'build_base': '/home/mayo_poyo/ros2_ws2/build/tutorial_interfaces', 'catkin_cmake_args': None, 'catkin_skip_building_tests': False, 'cmake_args': None, 'cmake_clean_cache': False, 'cmake_clean_first': False, 'cmake_force_configure': False, 'cmake_target': None, 'cmake_target_skip_unavailable': False, 'install_base': '/home/mayo_poyo/ros2_ws2/install/tutorial_interfaces', 'merge_install': False, 'path': '/home/mayo_poyo/ros2_ws2/src/tutorial_interfaces', 'symlink_install': False, 'test_result_base': None}
[0.316s] Level 5:colcon.colcon_core.verb:set package 'py_pubsub' build argument 'cmake_args' from command line to 'None'
[0.316s] Level 5:colcon.colcon_core.verb:set package 'py_pubsub' build argument 'cmake_target' from command line to 'None'
[0.316s] Level 5:colcon.colcon_core.verb:set package 'py_pubsub' build argument 'cmake_target_skip_unavailable' from command line to 'False'
[0.316s] Level 5:colcon.colcon_core.verb:set package 'py_pubsub' build argument 'cmake_clean_cache' from command line to 'False'
[0.316s] Level 5:colcon.colcon_core.verb:set package 'py_pubsub' build argument 'cmake_clean_first' from command line to 'False'
[0.316s] Level 5:colcon.colcon_core.verb:set package 'py_pubsub' build argument 'cmake_force_configure' from command line to 'False'
[0.316s] Level 5:colcon.colcon_core.verb:set package 'py_pubsub' build argument 'ament_cmake_args' from command line to 'None'
[0.316s] Level 5:colcon.colcon_core.verb:set package 'py_pubsub' build argument 'catkin_cmake_args' from command line to 'None'
[0.316s] Level 5:colcon.colcon_core.verb:set package 'py_pubsub' build argument 'catkin_skip_building_tests' from command line to 'False'
[0.316s] DEBUG:colcon.colcon_core.verb:Building package 'py_pubsub' with the following arguments: {'ament_cmake_args': None, 'build_base': '/home/mayo_poyo/ros2_ws2/build/py_pubsub', 'catkin_cmake_args': None, 'catkin_skip_building_tests': False, 'cmake_args': None, 'cmake_clean_cache': False, 'cmake_clean_first': False, 'cmake_force_configure': False, 'cmake_target': None, 'cmake_target_skip_unavailable': False, 'install_base': '/home/mayo_poyo/ros2_ws2/install/py_pubsub', 'merge_install': False, 'path': '/home/mayo_poyo/ros2_ws2/src/py_pubsub', 'symlink_install': False, 'test_result_base': None}
[0.316s] Level 5:colcon.colcon_core.verb:set package 'py_srvcli' build argument 'cmake_args' from command line to 'None'
[0.316s] Level 5:colcon.colcon_core.verb:set package 'py_srvcli' build argument 'cmake_target' from command line to 'None'
[0.316s] Level 5:colcon.colcon_core.verb:set package 'py_srvcli' build argument 'cmake_target_skip_unavailable' from command line to 'False'
[0.316s] Level 5:colcon.colcon_core.verb:set package 'py_srvcli' build argument 'cmake_clean_cache' from command line to 'False'
[0.316s] Level 5:colcon.colcon_core.verb:set package 'py_srvcli' build argument 'cmake_clean_first' from command line to 'False'
[0.316s] Level 5:colcon.colcon_core.verb:set package 'py_srvcli' build argument 'cmake_force_configure' from command line to 'False'
[0.316s] Level 5:colcon.colcon_core.verb:set package 'py_srvcli' build argument 'ament_cmake_args' from command line to 'None'
[0.316s] Level 5:colcon.colcon_core.verb:set package 'py_srvcli' build argument 'catkin_cmake_args' from command line to 'None'
[0.316s] Level 5:colcon.colcon_core.verb:set package 'py_srvcli' build argument 'catkin_skip_building_tests' from command line to 'False'
[0.316s] DEBUG:colcon.colcon_core.verb:Building package 'py_srvcli' with the following arguments: {'ament_cmake_args': None, 'build_base': '/home/mayo_poyo/ros2_ws2/build/py_srvcli', 'catkin_cmake_args': None, 'catkin_skip_building_tests': False, 'cmake_args': None, 'cmake_clean_cache': False, 'cmake_clean_first': False, 'cmake_force_configure': False, 'cmake_target': None, 'cmake_target_skip_unavailable': False, 'install_base': '/home/mayo_poyo/ros2_ws2/install/py_srvcli', 'merge_install': False, 'path': '/home/mayo_poyo/ros2_ws2/src/py_srvcli', 'symlink_install': False, 'test_result_base': None}
[0.316s] INFO:colcon.colcon_core.executor:Executing jobs using 'parallel' executor
[0.317s] DEBUG:colcon.colcon_parallel_executor.executor.parallel:run_until_complete
[0.317s] INFO:colcon.colcon_ros.task.ament_cmake.build:Building ROS package in '/home/mayo_poyo/ros2_ws2/src/tutorial_interfaces' with build type 'ament_cmake'
[0.318s] INFO:colcon.colcon_cmake.task.cmake.build:Building CMake package in '/home/mayo_poyo/ros2_ws2/src/tutorial_interfaces'
[0.321s] INFO:colcon.colcon_core.plugin_system:Skipping extension 'colcon_core.shell.bat': Not used on non-Windows systems
[0.321s] INFO:colcon.colcon_core.shell:Skip shell extension 'powershell' for command environment: Not usable outside of PowerShell
[0.321s] DEBUG:colcon.colcon_core.shell:Skip shell extension 'dsv' for command environment
[0.324s] INFO:colcon.colcon_ros.task.ament_python.build:Building ROS package in '/home/mayo_poyo/ros2_ws2/go_to_goal' with build type 'ament_python'
[0.324s] Level 1:colcon.colcon_core.shell:create_environment_hook('go_to_goal', 'ament_prefix_path')
[0.324s] INFO:colcon.colcon_core.shell:Creating environment hook '/home/mayo_poyo/ros2_ws2/install/go_to_goal/share/go_to_goal/hook/ament_prefix_path.ps1'
[0.325s] INFO:colcon.colcon_core.shell:Creating environment descriptor '/home/mayo_poyo/ros2_ws2/install/go_to_goal/share/go_to_goal/hook/ament_prefix_path.dsv'
[0.325s] INFO:colcon.colcon_core.shell:Creating environment hook '/home/mayo_poyo/ros2_ws2/install/go_to_goal/share/go_to_goal/hook/ament_prefix_path.sh'
[0.325s] INFO:colcon.colcon_core.shell:Skip shell extension 'powershell' for command environment: Not usable outside of PowerShell
[0.325s] DEBUG:colcon.colcon_core.shell:Skip shell extension 'dsv' for command environment
[0.327s] INFO:colcon.colcon_ros.task.ament_python.build:Building ROS package in '/home/mayo_poyo/ros2_ws2/src/python_parameters' with build type 'ament_python'
[0.327s] Level 1:colcon.colcon_core.shell:create_environment_hook('python_parameters', 'ament_prefix_path')
[0.327s] INFO:colcon.colcon_core.shell:Creating environment hook '/home/mayo_poyo/ros2_ws2/install/python_parameters/share/python_parameters/hook/ament_prefix_path.ps1'
[0.328s] INFO:colcon.colcon_core.shell:Creating environment descriptor '/home/mayo_poyo/ros2_ws2/install/python_parameters/share/python_parameters/hook/ament_prefix_path.dsv'
[0.328s] INFO:colcon.colcon_core.shell:Creating environment hook '/home/mayo_poyo/ros2_ws2/install/python_parameters/share/python_parameters/hook/ament_prefix_path.sh'
[0.328s] INFO:colcon.colcon_core.shell:Skip shell extension 'powershell' for command environment: Not usable outside of PowerShell
[0.328s] DEBUG:colcon.colcon_core.shell:Skip shell extension 'dsv' for command environment
[0.332s] DEBUG:colcon.colcon_core.event_handler.log_command:Invoking command in '/home/mayo_poyo/ros2_ws2/build/tutorial_interfaces': CMAKE_PREFIX_PATH=${CMAKE_PREFIX_PATH}:/home/mayo_poyo/ros2_ws2/install/py_srvcli:/home/mayo_poyo/ros2_ws2/install/py_pubsub:/home/mayo_poyo/ros2_ws2/install/python_parameters:/opt/ros/jazzy DEBUGINFOD_URLS=https://debuginfod.ubuntu.com /usr/bin/cmake --build /home/mayo_poyo/ros2_ws2/build/tutorial_interfaces -- -j8 -l8
[0.466s] INFO:colcon.colcon_core.task.python.build:Building Python package in '/home/mayo_poyo/ros2_ws2/go_to_goal'
[0.466s] INFO:colcon.colcon_core.shell:Skip shell extension 'powershell' for command environment: Not usable outside of PowerShell
[0.466s] DEBUG:colcon.colcon_core.shell:Skip shell extension 'dsv' for command environment
[0.573s] INFO:colcon.colcon_core.task.python.build:Building Python package in '/home/mayo_poyo/ros2_ws2/src/python_parameters'
[0.573s] INFO:colcon.colcon_core.shell:Skip shell extension 'powershell' for command environment: Not usable outside of PowerShell
[0.573s] DEBUG:colcon.colcon_core.shell:Skip shell extension 'dsv' for command environment
[0.618s] DEBUG:colcon.colcon_core.event_handler.log_command:Invoked command in '/home/mayo_poyo/ros2_ws2/build/tutorial_interfaces' returned '0': CMAKE_PREFIX_PATH=${CMAKE_PREFIX_PATH}:/home/mayo_poyo/ros2_ws2/install/py_srvcli:/home/mayo_poyo/ros2_ws2/install/py_pubsub:/home/mayo_poyo/ros2_ws2/install/python_parameters:/opt/ros/jazzy DEBUGINFOD_URLS=https://debuginfod.ubuntu.com /usr/bin/cmake --build /home/mayo_poyo/ros2_ws2/build/tutorial_interfaces -- -j8 -l8
[0.722s] DEBUG:colcon.colcon_core.event_handler.log_command:Invoking command in '/home/mayo_poyo/ros2_ws2/build/tutorial_interfaces': CMAKE_PREFIX_PATH=${CMAKE_PREFIX_PATH}:/home/mayo_poyo/ros2_ws2/install/py_srvcli:/home/mayo_poyo/ros2_ws2/install/py_pubsub:/home/mayo_poyo/ros2_ws2/install/python_parameters:/opt/ros/jazzy DEBUGINFOD_URLS=https://debuginfod.ubuntu.com /usr/bin/cmake --install /home/mayo_poyo/ros2_ws2/build/tutorial_interfaces
[0.788s] Level 1:colcon.colcon_core.environment:create_environment_scripts_only(tutorial_interfaces)
[0.789s] DEBUG:colcon.colcon_core.event_handler.log_command:Invoked command in '/home/mayo_poyo/ros2_ws2/build/tutorial_interfaces' returned '0': CMAKE_PREFIX_PATH=${CMAKE_PREFIX_PATH}:/home/mayo_poyo/ros2_ws2/install/py_srvcli:/home/mayo_poyo/ros2_ws2/install/py_pubsub:/home/mayo_poyo/ros2_ws2/install/python_parameters:/opt/ros/jazzy DEBUGINFOD_URLS=https://debuginfod.ubuntu.com /usr/bin/cmake --install /home/mayo_poyo/ros2_ws2/build/tutorial_interfaces
[0.794s] Level 1:colcon.colcon_core.environment:checking '/home/mayo_poyo/ros2_ws2/install/tutorial_interfaces' for CMake module files
[0.795s] Level 1:colcon.colcon_core.environment:checking '/home/mayo_poyo/ros2_ws2/install/tutorial_interfaces' for CMake config files
[0.796s] Level 1:colcon.colcon_core.shell:create_environment_hook('tutorial_interfaces', 'cmake_prefix_path')
[0.796s] INFO:colcon.colcon_core.shell:Creating environment hook '/home/mayo_poyo/ros2_ws2/install/tutorial_interfaces/share/tutorial_interfaces/hook/cmake_prefix_path.ps1'
[0.797s] INFO:colcon.colcon_core.shell:Creating environment descriptor '/home/mayo_poyo/ros2_ws2/install/tutorial_interfaces/share/tutorial_interfaces/hook/cmake_prefix_path.dsv'
[0.797s] INFO:colcon.colcon_core.shell:Creating environment hook '/home/mayo_poyo/ros2_ws2/install/tutorial_interfaces/share/tutorial_interfaces/hook/cmake_prefix_path.sh'
[0.798s] Level 1:colcon.colcon_core.environment:checking '/home/mayo_poyo/ros2_ws2/install/tutorial_interfaces/lib'
[0.798s] Level 1:colcon.colcon_core.shell:create_environment_hook('tutorial_interfaces', 'ld_library_path_lib')
[0.798s] INFO:colcon.colcon_core.shell:Creating environment hook '/home/mayo_poyo/ros2_ws2/install/tutorial_interfaces/share/tutorial_interfaces/hook/ld_library_path_lib.ps1'
[0.798s] INFO:colcon.colcon_core.shell:Creating environment descriptor '/home/mayo_poyo/ros2_ws2/install/tutorial_interfaces/share/tutorial_interfaces/hook/ld_library_path_lib.dsv'
[0.798s] INFO:colcon.colcon_core.shell:Creating environment hook '/home/mayo_poyo/ros2_ws2/install/tutorial_interfaces/share/tutorial_interfaces/hook/ld_library_path_lib.sh'
[0.799s] Level 1:colcon.colcon_core.environment:checking '/home/mayo_poyo/ros2_ws2/install/tutorial_interfaces/bin'
[0.799s] Level 1:colcon.colcon_core.environment:checking '/home/mayo_poyo/ros2_ws2/install/tutorial_interfaces/lib/pkgconfig/tutorial_interfaces.pc'
[0.799s] Level 1:colcon.colcon_core.environment:checking '/home/mayo_poyo/ros2_ws2/install/tutorial_interfaces/lib/python3.12/site-packages'
[0.799s] Level 1:colcon.colcon_core.shell:create_environment_hook('tutorial_interfaces', 'pythonpath')
[0.799s] INFO:colcon.colcon_core.shell:Creating environment hook '/home/mayo_poyo/ros2_ws2/install/tutorial_interfaces/share/tutorial_interfaces/hook/pythonpath.ps1'
[0.800s] INFO:colcon.colcon_core.shell:Creating environment descriptor '/home/mayo_poyo/ros2_ws2/install/tutorial_interfaces/share/tutorial_interfaces/hook/pythonpath.dsv'
[0.800s] INFO:colcon.colcon_core.shell:Creating environment hook '/home/mayo_poyo/ros2_ws2/install/tutorial_interfaces/share/tutorial_interfaces/hook/pythonpath.sh'
[0.801s] Level 1:colcon.colcon_core.environment:checking '/home/mayo_poyo/ros2_ws2/install/tutorial_interfaces/bin'
[0.801s] INFO:colcon.colcon_core.shell:Creating package script '/home/mayo_poyo/ros2_ws2/install/tutorial_interfaces/share/tutorial_interfaces/package.ps1'
[0.802s] INFO:colcon.colcon_core.shell:Creating package descriptor '/home/mayo_poyo/ros2_ws2/install/tutorial_interfaces/share/tutorial_interfaces/package.dsv'
[0.802s] INFO:colcon.colcon_core.shell:Creating package script '/home/mayo_poyo/ros2_ws2/install/tutorial_interfaces/share/tutorial_interfaces/package.sh'
[0.803s] INFO:colcon.colcon_core.shell:Creating package script '/home/mayo_poyo/ros2_ws2/install/tutorial_interfaces/share/tutorial_interfaces/package.bash'
[0.804s] INFO:colcon.colcon_core.shell:Creating package script '/home/mayo_poyo/ros2_ws2/install/tutorial_interfaces/share/tutorial_interfaces/package.zsh'
[0.805s] Level 1:colcon.colcon_core.environment:create_file_with_runtime_dependencies(/home/mayo_poyo/ros2_ws2/install/tutorial_interfaces/share/colcon-core/packages/tutorial_interfaces)
[0.894s] Level 1:colcon.colcon_core.environment:create_environment_scripts_only(tutorial_interfaces)
[0.894s] Level 1:colcon.colcon_core.environment:checking '/home/mayo_poyo/ros2_ws2/install/tutorial_interfaces' for CMake module files
[0.894s] Level 1:colcon.colcon_core.environment:checking '/home/mayo_poyo/ros2_ws2/install/tutorial_interfaces' for CMake config files
[0.895s] Level 1:colcon.colcon_core.shell:create_environment_hook('tutorial_interfaces', 'cmake_prefix_path')
[0.895s] INFO:colcon.colcon_core.shell:Creating environment hook '/home/mayo_poyo/ros2_ws2/install/tutorial_interfaces/share/tutorial_interfaces/hook/cmake_prefix_path.ps1'
[0.895s] INFO:colcon.colcon_core.shell:Creating environment descriptor '/home/mayo_poyo/ros2_ws2/install/tutorial_interfaces/share/tutorial_interfaces/hook/cmake_prefix_path.dsv'
[0.895s] INFO:colcon.colcon_core.shell:Creating environment hook '/home/mayo_poyo/ros2_ws2/install/tutorial_interfaces/share/tutorial_interfaces/hook/cmake_prefix_path.sh'
[0.895s] Level 1:colcon.colcon_core.environment:checking '/home/mayo_poyo/ros2_ws2/install/tutorial_interfaces/lib'
[0.895s] Level 1:colcon.colcon_core.shell:create_environment_hook('tutorial_interfaces', 'ld_library_path_lib')
[0.895s] INFO:colcon.colcon_core.shell:Creating environment hook '/home/mayo_poyo/ros2_ws2/install/tutorial_interfaces/share/tutorial_interfaces/hook/ld_library_path_lib.ps1'
[0.895s] INFO:colcon.colcon_core.shell:Creating environment descriptor '/home/mayo_poyo/ros2_ws2/install/tutorial_interfaces/share/tutorial_interfaces/hook/ld_library_path_lib.dsv'
[0.895s] INFO:colcon.colcon_core.shell:Creating environment hook '/home/mayo_poyo/ros2_ws2/install/tutorial_interfaces/share/tutorial_interfaces/hook/ld_library_path_lib.sh'
[0.896s] Level 1:colcon.colcon_core.environment:checking '/home/mayo_poyo/ros2_ws2/install/tutorial_interfaces/bin'
[0.896s] Level 1:colcon.colcon_core.environment:checking '/home/mayo_poyo/ros2_ws2/install/tutorial_interfaces/lib/pkgconfig/tutorial_interfaces.pc'
[0.896s] Level 1:colcon.colcon_core.environment:checking '/home/mayo_poyo/ros2_ws2/install/tutorial_interfaces/lib/python3.12/site-packages'
[0.896s] Level 1:colcon.colcon_core.shell:create_environment_hook('tutorial_interfaces', 'pythonpath')
[0.896s] INFO:colcon.colcon_core.shell:Creating environment hook '/home/mayo_poyo/ros2_ws2/install/tutorial_interfaces/share/tutorial_interfaces/hook/pythonpath.ps1'
[0.896s] INFO:colcon.colcon_core.shell:Creating environment descriptor '/home/mayo_poyo/ros2_ws2/install/tutorial_interfaces/share/tutorial_interfaces/hook/pythonpath.dsv'
[0.896s] INFO:colcon.colcon_core.shell:Creating environment hook '/home/mayo_poyo/ros2_ws2/install/tutorial_interfaces/share/tutorial_interfaces/hook/pythonpath.sh'
[0.896s] Level 1:colcon.colcon_core.environment:checking '/home/mayo_poyo/ros2_ws2/install/tutorial_interfaces/bin'
[0.896s] INFO:colcon.colcon_core.shell:Creating package script '/home/mayo_poyo/ros2_ws2/install/tutorial_interfaces/share/tutorial_interfaces/package.ps1'
[0.897s] INFO:colcon.colcon_core.shell:Creating package descriptor '/home/mayo_poyo/ros2_ws2/install/tutorial_interfaces/share/tutorial_interfaces/package.dsv'
[0.897s] INFO:colcon.colcon_core.shell:Creating package script '/home/mayo_poyo/ros2_ws2/install/tutorial_interfaces/share/tutorial_interfaces/package.sh'
[0.897s] INFO:colcon.colcon_core.shell:Creating package script '/home/mayo_poyo/ros2_ws2/install/tutorial_interfaces/share/tutorial_interfaces/package.bash'
[0.897s] INFO:colcon.colcon_core.shell:Creating package script '/home/mayo_poyo/ros2_ws2/install/tutorial_interfaces/share/tutorial_interfaces/package.zsh'
[0.897s] Level 1:colcon.colcon_core.environment:create_file_with_runtime_dependencies(/home/mayo_poyo/ros2_ws2/install/tutorial_interfaces/share/colcon-core/packages/tutorial_interfaces)
[0.897s] INFO:colcon.colcon_ros.task.ament_python.build:Building ROS package in '/home/mayo_poyo/ros2_ws2/src/py_pubsub' with build type 'ament_python'
[0.897s] Level 1:colcon.colcon_core.shell:create_environment_hook('py_pubsub', 'ament_prefix_path')
[0.897s] INFO:colcon.colcon_core.shell:Creating environment hook '/home/mayo_poyo/ros2_ws2/install/py_pubsub/share/py_pubsub/hook/ament_prefix_path.ps1'
[0.899s] INFO:colcon.colcon_core.shell:Creating environment descriptor '/home/mayo_poyo/ros2_ws2/install/py_pubsub/share/py_pubsub/hook/ament_prefix_path.dsv'
[0.900s] INFO:colcon.colcon_core.shell:Creating environment hook '/home/mayo_poyo/ros2_ws2/install/py_pubsub/share/py_pubsub/hook/ament_prefix_path.sh'
[0.901s] INFO:colcon.colcon_core.shell:Skip shell extension 'powershell' for command environment: Not usable outside of PowerShell
[0.901s] DEBUG:colcon.colcon_core.shell:Skip shell extension 'dsv' for command environment
[0.906s] INFO:colcon.colcon_ros.task.ament_python.build:Building ROS package in '/home/mayo_poyo/ros2_ws2/src/py_srvcli' with build type 'ament_python'
[0.906s] Level 1:colcon.colcon_core.shell:create_environment_hook('py_srvcli', 'ament_prefix_path')
[0.906s] INFO:colcon.colcon_core.shell:Creating environment hook '/home/mayo_poyo/ros2_ws2/install/py_srvcli/share/py_srvcli/hook/ament_prefix_path.ps1'
[0.907s] INFO:colcon.colcon_core.shell:Creating environment descriptor '/home/mayo_poyo/ros2_ws2/install/py_srvcli/share/py_srvcli/hook/ament_prefix_path.dsv'
[0.908s] INFO:colcon.colcon_core.shell:Creating environment hook '/home/mayo_poyo/ros2_ws2/install/py_srvcli/share/py_srvcli/hook/ament_prefix_path.sh'
[0.908s] INFO:colcon.colcon_core.shell:Skip shell extension 'powershell' for command environment: Not usable outside of PowerShell
[0.908s] DEBUG:colcon.colcon_core.shell:Skip shell extension 'dsv' for command environment
[1.047s] INFO:colcon.colcon_core.task.python.build:Building Python package in '/home/mayo_poyo/ros2_ws2/src/py_pubsub'
[1.047s] INFO:colcon.colcon_core.shell:Skip shell extension 'powershell' for command environment: Not usable outside of PowerShell
[1.047s] DEBUG:colcon.colcon_core.shell:Skip shell extension 'dsv' for command environment
[1.150s] INFO:colcon.colcon_core.task.python.build:Building Python package in '/home/mayo_poyo/ros2_ws2/src/py_srvcli'
[1.150s] INFO:colcon.colcon_core.shell:Skip shell extension 'powershell' for command environment: Not usable outside of PowerShell
[1.150s] DEBUG:colcon.colcon_core.shell:Skip shell extension 'dsv' for command environment
[1.153s] DEBUG:colcon.colcon_core.event_handler.log_command:Invoking command in '/home/mayo_poyo/ros2_ws2/go_to_goal': DEBUGINFOD_URLS=https://debuginfod.ubuntu.com PYTHONPATH=/home/mayo_poyo/ros2_ws2/build/go_to_goal/prefix_override:/usr/lib/python3/dist-packages/colcon_core/task/python/colcon_distutils_commands:/home/mayo_poyo/ros2_ws2/install/go_to_goal/lib/python3.12/site-packages:${PYTHONPATH} /usr/bin/python3 -W ignore:setup.py install is deprecated setup.py egg_info --egg-base ../build/go_to_goal build --build-base /home/mayo_poyo/ros2_ws2/build/go_to_goal/build install --record /home/mayo_poyo/ros2_ws2/build/go_to_goal/install.log --single-version-externally-managed install_data
[1.154s] DEBUG:colcon.colcon_core.event_handler.log_command:Invoking command in '/home/mayo_poyo/ros2_ws2/src/python_parameters': DEBUGINFOD_URLS=https://debuginfod.ubuntu.com PYTHONPATH=/home/mayo_poyo/ros2_ws2/build/python_parameters/prefix_override:/usr/lib/python3/dist-packages/colcon_core/task/python/colcon_distutils_commands:/home/mayo_poyo/ros2_ws2/install/python_parameters/lib/python3.12/site-packages:${PYTHONPATH} /usr/bin/python3 -W ignore:setup.py install is deprecated setup.py egg_info --egg-base ../../build/python_parameters build --build-base /home/mayo_poyo/ros2_ws2/build/python_parameters/build install --record /home/mayo_poyo/ros2_ws2/build/python_parameters/install.log --single-version-externally-managed install_data
[1.408s] Level 1:colcon.colcon_core.environment:checking '/home/mayo_poyo/ros2_ws2/install/python_parameters' for CMake module files
[1.410s] DEBUG:colcon.colcon_core.event_handler.log_command:Invoked command in '/home/mayo_poyo/ros2_ws2/src/python_parameters' returned '0': DEBUGINFOD_URLS=https://debuginfod.ubuntu.com PYTHONPATH=/home/mayo_poyo/ros2_ws2/build/python_parameters/prefix_override:/usr/lib/python3/dist-packages/colcon_core/task/python/colcon_distutils_commands:/home/mayo_poyo/ros2_ws2/install/python_parameters/lib/python3.12/site-packages:${PYTHONPATH} /usr/bin/python3 -W ignore:setup.py install is deprecated setup.py egg_info --egg-base ../../build/python_parameters build --build-base /home/mayo_poyo/ros2_ws2/build/python_parameters/build install --record /home/mayo_poyo/ros2_ws2/build/python_parameters/install.log --single-version-externally-managed install_data
[1.411s] Level 1:colcon.colcon_core.environment:checking '/home/mayo_poyo/ros2_ws2/install/python_parameters' for CMake config files
[1.412s] Level 1:colcon.colcon_core.environment:checking '/home/mayo_poyo/ros2_ws2/install/python_parameters/lib'
[1.412s] Level 1:colcon.colcon_core.environment:checking '/home/mayo_poyo/ros2_ws2/install/python_parameters/bin'
[1.412s] Level 1:colcon.colcon_core.environment:checking '/home/mayo_poyo/ros2_ws2/install/python_parameters/lib/pkgconfig/python_parameters.pc'
[1.413s] Level 1:colcon.colcon_core.environment:checking '/home/mayo_poyo/ros2_ws2/install/python_parameters/lib/python3.12/site-packages'
[1.413s] Level 1:colcon.colcon_core.shell:create_environment_hook('python_parameters', 'pythonpath')
[1.413s] INFO:colcon.colcon_core.shell:Creating environment hook '/home/mayo_poyo/ros2_ws2/install/python_parameters/share/python_parameters/hook/pythonpath.ps1'
[1.413s] INFO:colcon.colcon_core.shell:Creating environment descriptor '/home/mayo_poyo/ros2_ws2/install/python_parameters/share/python_parameters/hook/pythonpath.dsv'
[1.414s] INFO:colcon.colcon_core.shell:Creating environment hook '/home/mayo_poyo/ros2_ws2/install/python_parameters/share/python_parameters/hook/pythonpath.sh'
[1.414s] Level 1:colcon.colcon_core.environment:checking '/home/mayo_poyo/ros2_ws2/install/python_parameters/bin'
[1.414s] Level 1:colcon.colcon_core.environment:create_environment_scripts_only(python_parameters)
[1.415s] INFO:colcon.colcon_core.shell:Creating package script '/home/mayo_poyo/ros2_ws2/install/python_parameters/share/python_parameters/package.ps1'
[1.415s] INFO:colcon.colcon_core.shell:Creating package descriptor '/home/mayo_poyo/ros2_ws2/install/python_parameters/share/python_parameters/package.dsv'
[1.415s] INFO:colcon.colcon_core.shell:Creating package script '/home/mayo_poyo/ros2_ws2/install/python_parameters/share/python_parameters/package.sh'
[1.416s] INFO:colcon.colcon_core.shell:Creating package script '/home/mayo_poyo/ros2_ws2/install/python_parameters/share/python_parameters/package.bash'
[1.416s] INFO:colcon.colcon_core.shell:Creating package script '/home/mayo_poyo/ros2_ws2/install/python_parameters/share/python_parameters/package.zsh'
[1.416s] Level 1:colcon.colcon_core.environment:create_file_with_runtime_dependencies(/home/mayo_poyo/ros2_ws2/install/python_parameters/share/colcon-core/packages/python_parameters)
[1.434s] Level 1:colcon.colcon_core.environment:checking '/home/mayo_poyo/ros2_ws2/install/go_to_goal' for CMake module files
[1.435s] DEBUG:colcon.colcon_core.event_handler.log_command:Invoked command in '/home/mayo_poyo/ros2_ws2/go_to_goal' returned '0': DEBUGINFOD_URLS=https://debuginfod.ubuntu.com PYTHONPATH=/home/mayo_poyo/ros2_ws2/build/go_to_goal/prefix_override:/usr/lib/python3/dist-packages/colcon_core/task/python/colcon_distutils_commands:/home/mayo_poyo/ros2_ws2/install/go_to_goal/lib/python3.12/site-packages:${PYTHONPATH} /usr/bin/python3 -W ignore:setup.py install is deprecated setup.py egg_info --egg-base ../build/go_to_goal build --build-base /home/mayo_poyo/ros2_ws2/build/go_to_goal/build install --record /home/mayo_poyo/ros2_ws2/build/go_to_goal/install.log --single-version-externally-managed install_data
[1.436s] Level 1:colcon.colcon_core.environment:checking '/home/mayo_poyo/ros2_ws2/install/go_to_goal' for CMake config files
[1.436s] Level 1:colcon.colcon_core.environment:checking '/home/mayo_poyo/ros2_ws2/install/go_to_goal/lib'
[1.436s] Level 1:colcon.colcon_core.environment:checking '/home/mayo_poyo/ros2_ws2/install/go_to_goal/bin'
[1.437s] Level 1:colcon.colcon_core.environment:checking '/home/mayo_poyo/ros2_ws2/install/go_to_goal/lib/pkgconfig/go_to_goal.pc'
[1.437s] Level 1:colcon.colcon_core.environment:checking '/home/mayo_poyo/ros2_ws2/install/go_to_goal/lib/python3.12/site-packages'
[1.437s] Level 1:colcon.colcon_core.shell:create_environment_hook('go_to_goal', 'pythonpath')
[1.437s] INFO:colcon.colcon_core.shell:Creating environment hook '/home/mayo_poyo/ros2_ws2/install/go_to_goal/share/go_to_goal/hook/pythonpath.ps1'
[1.438s] INFO:colcon.colcon_core.shell:Creating environment descriptor '/home/mayo_poyo/ros2_ws2/install/go_to_goal/share/go_to_goal/hook/pythonpath.dsv'
[1.438s] INFO:colcon.colcon_core.shell:Creating environment hook '/home/mayo_poyo/ros2_ws2/install/go_to_goal/share/go_to_goal/hook/pythonpath.sh'
[1.439s] Level 1:colcon.colcon_core.environment:checking '/home/mayo_poyo/ros2_ws2/install/go_to_goal/bin'
[1.439s] Level 1:colcon.colcon_core.environment:create_environment_scripts_only(go_to_goal)
[1.439s] INFO:colcon.colcon_core.shell:Creating package script '/home/mayo_poyo/ros2_ws2/install/go_to_goal/share/go_to_goal/package.ps1'
[1.440s] INFO:colcon.colcon_core.shell:Creating package descriptor '/home/mayo_poyo/ros2_ws2/install/go_to_goal/share/go_to_goal/package.dsv'
[1.440s] INFO:colcon.colcon_core.shell:Creating package script '/home/mayo_poyo/ros2_ws2/install/go_to_goal/share/go_to_goal/package.sh'
[1.440s] INFO:colcon.colcon_core.shell:Creating package script '/home/mayo_poyo/ros2_ws2/install/go_to_goal/share/go_to_goal/package.bash'
[1.441s] INFO:colcon.colcon_core.shell:Creating package script '/home/mayo_poyo/ros2_ws2/install/go_to_goal/share/go_to_goal/package.zsh'
[1.441s] Level 1:colcon.colcon_core.environment:create_file_with_runtime_dependencies(/home/mayo_poyo/ros2_ws2/install/go_to_goal/share/colcon-core/packages/go_to_goal)
[1.444s] DEBUG:colcon.colcon_core.event_handler.log_command:Invoking command in '/home/mayo_poyo/ros2_ws2/src/py_pubsub': DEBUGINFOD_URLS=https://debuginfod.ubuntu.com PYTHONPATH=/home/mayo_poyo/ros2_ws2/build/py_pubsub/prefix_override:/usr/lib/python3/dist-packages/colcon_core/task/python/colcon_distutils_commands:/home/mayo_poyo/ros2_ws2/install/py_pubsub/lib/python3.12/site-packages:/home/mayo_poyo/ros2_ws2/install/tutorial_interfaces/lib/python3.12/site-packages:/home/mayo_poyo/ros2_ws2/install/py_srvcli/lib/python3.12/site-packages:/home/mayo_poyo/ros2_ws2/install/py_pubsub/lib/python3.12/site-packages:/home/mayo_poyo/ros2_ws2/install/python_parameters/lib/python3.12/site-packages:/opt/ros/jazzy/lib/python3.12/site-packages /usr/bin/python3 -W ignore:setup.py install is deprecated setup.py egg_info --egg-base ../../build/py_pubsub build --build-base /home/mayo_poyo/ros2_ws2/build/py_pubsub/build install --record /home/mayo_poyo/ros2_ws2/build/py_pubsub/install.log --single-version-externally-managed install_data
[1.465s] DEBUG:colcon.colcon_core.event_handler.log_command:Invoking command in '/home/mayo_poyo/ros2_ws2/src/py_srvcli': DEBUGINFOD_URLS=https://debuginfod.ubuntu.com PYTHONPATH=/home/mayo_poyo/ros2_ws2/build/py_srvcli/prefix_override:/usr/lib/python3/dist-packages/colcon_core/task/python/colcon_distutils_commands:/home/mayo_poyo/ros2_ws2/install/py_srvcli/lib/python3.12/site-packages:/home/mayo_poyo/ros2_ws2/install/tutorial_interfaces/lib/python3.12/site-packages:/home/mayo_poyo/ros2_ws2/install/py_srvcli/lib/python3.12/site-packages:/home/mayo_poyo/ros2_ws2/install/py_pubsub/lib/python3.12/site-packages:/home/mayo_poyo/ros2_ws2/install/python_parameters/lib/python3.12/site-packages:/opt/ros/jazzy/lib/python3.12/site-packages /usr/bin/python3 -W ignore:setup.py install is deprecated setup.py egg_info --egg-base ../../build/py_srvcli build --build-base /home/mayo_poyo/ros2_ws2/build/py_srvcli/build install --record /home/mayo_poyo/ros2_ws2/build/py_srvcli/install.log --single-version-externally-managed install_data
[1.683s] Level 1:colcon.colcon_core.environment:checking '/home/mayo_poyo/ros2_ws2/install/py_pubsub' for CMake module files
[1.684s] DEBUG:colcon.colcon_core.event_handler.log_command:Invoked command in '/home/mayo_poyo/ros2_ws2/src/py_pubsub' returned '0': DEBUGINFOD_URLS=https://debuginfod.ubuntu.com PYTHONPATH=/home/mayo_poyo/ros2_ws2/build/py_pubsub/prefix_override:/usr/lib/python3/dist-packages/colcon_core/task/python/colcon_distutils_commands:/home/mayo_poyo/ros2_ws2/install/py_pubsub/lib/python3.12/site-packages:/home/mayo_poyo/ros2_ws2/install/tutorial_interfaces/lib/python3.12/site-packages:/home/mayo_poyo/ros2_ws2/install/py_srvcli/lib/python3.12/site-packages:/home/mayo_poyo/ros2_ws2/install/py_pubsub/lib/python3.12/site-packages:/home/mayo_poyo/ros2_ws2/install/python_parameters/lib/python3.12/site-packages:/opt/ros/jazzy/lib/python3.12/site-packages /usr/bin/python3 -W ignore:setup.py install is deprecated setup.py egg_info --egg-base ../../build/py_pubsub build --build-base /home/mayo_poyo/ros2_ws2/build/py_pubsub/build install --record /home/mayo_poyo/ros2_ws2/build/py_pubsub/install.log --single-version-externally-managed install_data
[1.685s] Level 1:colcon.colcon_core.environment:checking '/home/mayo_poyo/ros2_ws2/install/py_pubsub' for CMake config files
[1.686s] Level 1:colcon.colcon_core.environment:checking '/home/mayo_poyo/ros2_ws2/install/py_pubsub/lib'
[1.686s] Level 1:colcon.colcon_core.environment:checking '/home/mayo_poyo/ros2_ws2/install/py_pubsub/bin'
[1.686s] Level 1:colcon.colcon_core.environment:checking '/home/mayo_poyo/ros2_ws2/install/py_pubsub/lib/pkgconfig/py_pubsub.pc'
[1.687s] Level 1:colcon.colcon_core.environment:checking '/home/mayo_poyo/ros2_ws2/install/py_pubsub/lib/python3.12/site-packages'
[1.687s] Level 1:colcon.colcon_core.shell:create_environment_hook('py_pubsub', 'pythonpath')
[1.687s] INFO:colcon.colcon_core.shell:Creating environment hook '/home/mayo_poyo/ros2_ws2/install/py_pubsub/share/py_pubsub/hook/pythonpath.ps1'
[1.688s] INFO:colcon.colcon_core.shell:Creating environment descriptor '/home/mayo_poyo/ros2_ws2/install/py_pubsub/share/py_pubsub/hook/pythonpath.dsv'
[1.688s] INFO:colcon.colcon_core.shell:Creating environment hook '/home/mayo_poyo/ros2_ws2/install/py_pubsub/share/py_pubsub/hook/pythonpath.sh'
[1.689s] Level 1:colcon.colcon_core.environment:checking '/home/mayo_poyo/ros2_ws2/install/py_pubsub/bin'
[1.689s] Level 1:colcon.colcon_core.environment:create_environment_scripts_only(py_pubsub)
[1.689s] INFO:colcon.colcon_core.shell:Creating package script '/home/mayo_poyo/ros2_ws2/install/py_pubsub/share/py_pubsub/package.ps1'
[1.689s] INFO:colcon.colcon_core.shell:Creating package descriptor '/home/mayo_poyo/ros2_ws2/install/py_pubsub/share/py_pubsub/package.dsv'
[1.690s] INFO:colcon.colcon_core.shell:Creating package script '/home/mayo_poyo/ros2_ws2/install/py_pubsub/share/py_pubsub/package.sh'
[1.690s] INFO:colcon.colcon_core.shell:Creating package script '/home/mayo_poyo/ros2_ws2/install/py_pubsub/share/py_pubsub/package.bash'
[1.690s] INFO:colcon.colcon_core.shell:Creating package script '/home/mayo_poyo/ros2_ws2/install/py_pubsub/share/py_pubsub/package.zsh'
[1.691s] Level 1:colcon.colcon_core.environment:create_file_with_runtime_dependencies(/home/mayo_poyo/ros2_ws2/install/py_pubsub/share/colcon-core/packages/py_pubsub)
[1.699s] Level 1:colcon.colcon_core.environment:checking '/home/mayo_poyo/ros2_ws2/install/py_srvcli' for CMake module files
[1.700s] DEBUG:colcon.colcon_core.event_handler.log_command:Invoked command in '/home/mayo_poyo/ros2_ws2/src/py_srvcli' returned '0': DEBUGINFOD_URLS=https://debuginfod.ubuntu.com PYTHONPATH=/home/mayo_poyo/ros2_ws2/build/py_srvcli/prefix_override:/usr/lib/python3/dist-packages/colcon_core/task/python/colcon_distutils_commands:/home/mayo_poyo/ros2_ws2/install/py_srvcli/lib/python3.12/site-packages:/home/mayo_poyo/ros2_ws2/install/tutorial_interfaces/lib/python3.12/site-packages:/home/mayo_poyo/ros2_ws2/install/py_srvcli/lib/python3.12/site-packages:/home/mayo_poyo/ros2_ws2/install/py_pubsub/lib/python3.12/site-packages:/home/mayo_poyo/ros2_ws2/install/python_parameters/lib/python3.12/site-packages:/opt/ros/jazzy/lib/python3.12/site-packages /usr/bin/python3 -W ignore:setup.py install is deprecated setup.py egg_info --egg-base ../../build/py_srvcli build --build-base /home/mayo_poyo/ros2_ws2/build/py_srvcli/build install --record /home/mayo_poyo/ros2_ws2/build/py_srvcli/install.log --single-version-externally-managed install_data
[1.701s] Level 1:colcon.colcon_core.environment:checking '/home/mayo_poyo/ros2_ws2/install/py_srvcli' for CMake config files
[1.703s] Level 1:colcon.colcon_core.environment:checking '/home/mayo_poyo/ros2_ws2/install/py_srvcli/lib'
[1.703s] Level 1:colcon.colcon_core.environment:checking '/home/mayo_poyo/ros2_ws2/install/py_srvcli/bin'
[1.703s] Level 1:colcon.colcon_core.environment:checking '/home/mayo_poyo/ros2_ws2/install/py_srvcli/lib/pkgconfig/py_srvcli.pc'
[1.704s] Level 1:colcon.colcon_core.environment:checking '/home/mayo_poyo/ros2_ws2/install/py_srvcli/lib/python3.12/site-packages'
[1.704s] Level 1:colcon.colcon_core.shell:create_environment_hook('py_srvcli', 'pythonpath')
[1.704s] INFO:colcon.colcon_core.shell:Creating environment hook '/home/mayo_poyo/ros2_ws2/install/py_srvcli/share/py_srvcli/hook/pythonpath.ps1'
[1.705s] INFO:colcon.colcon_core.shell:Creating environment descriptor '/home/mayo_poyo/ros2_ws2/install/py_srvcli/share/py_srvcli/hook/pythonpath.dsv'
[1.705s] INFO:colcon.colcon_core.shell:Creating environment hook '/home/mayo_poyo/ros2_ws2/install/py_srvcli/share/py_srvcli/hook/pythonpath.sh'
[1.706s] Level 1:colcon.colcon_core.environment:checking '/home/mayo_poyo/ros2_ws2/install/py_srvcli/bin'
[1.706s] Level 1:colcon.colcon_core.environment:create_environment_scripts_only(py_srvcli)
[1.706s] INFO:colcon.colcon_core.shell:Creating package script '/home/mayo_poyo/ros2_ws2/install/py_srvcli/share/py_srvcli/package.ps1'
[1.707s] INFO:colcon.colcon_core.shell:Creating package descriptor '/home/mayo_poyo/ros2_ws2/install/py_srvcli/share/py_srvcli/package.dsv'
[1.707s] INFO:colcon.colcon_core.shell:Creating package script '/home/mayo_poyo/ros2_ws2/install/py_srvcli/share/py_srvcli/package.sh'
[1.707s] INFO:colcon.colcon_core.shell:Creating package script '/home/mayo_poyo/ros2_ws2/install/py_srvcli/share/py_srvcli/package.bash'
[1.708s] INFO:colcon.colcon_core.shell:Creating package script '/home/mayo_poyo/ros2_ws2/install/py_srvcli/share/py_srvcli/package.zsh'
[1.708s] Level 1:colcon.colcon_core.environment:create_file_with_runtime_dependencies(/home/mayo_poyo/ros2_ws2/install/py_srvcli/share/colcon-core/packages/py_srvcli)
[1.708s] DEBUG:colcon.colcon_parallel_executor.executor.parallel:closing loop
[1.708s] DEBUG:colcon.colcon_parallel_executor.executor.parallel:loop closed
[1.708s] DEBUG:colcon.colcon_parallel_executor.executor.parallel:run_until_complete finished with '0'
[1.709s] DEBUG:colcon.colcon_core.event_reactor:joining thread
[1.719s] INFO:colcon.colcon_core.plugin_system:Skipping extension 'colcon_notification.desktop_notification.terminal_notifier': Not used on non-Darwin systems
[1.719s] INFO:colcon.colcon_core.plugin_system:Skipping extension 'colcon_notification.desktop_notification.win32': Not used on non-Windows systems
[1.719s] INFO:colcon.colcon_notification.desktop_notification:Sending desktop notification using 'notify2'
[1.737s] DEBUG:colcon.colcon_core.event_reactor:joined thread
[1.738s] INFO:colcon.colcon_core.shell:Creating prefix script '/home/mayo_poyo/ros2_ws2/install/local_setup.ps1'
[1.739s] INFO:colcon.colcon_core.shell:Creating prefix util module '/home/mayo_poyo/ros2_ws2/install/_local_setup_util_ps1.py'
[1.740s] INFO:colcon.colcon_core.shell:Creating prefix chain script '/home/mayo_poyo/ros2_ws2/install/setup.ps1'
[1.742s] INFO:colcon.colcon_core.shell:Creating prefix script '/home/mayo_poyo/ros2_ws2/install/local_setup.sh'
[1.743s] INFO:colcon.colcon_core.shell:Creating prefix util module '/home/mayo_poyo/ros2_ws2/install/_local_setup_util_sh.py'
[1.743s] INFO:colcon.colcon_core.shell:Creating prefix chain script '/home/mayo_poyo/ros2_ws2/install/setup.sh'
[1.744s] INFO:colcon.colcon_core.shell:Creating prefix script '/home/mayo_poyo/ros2_ws2/install/local_setup.bash'
[1.745s] INFO:colcon.colcon_core.shell:Creating prefix chain script '/home/mayo_poyo/ros2_ws2/install/setup.bash'
[1.746s] INFO:colcon.colcon_core.shell:Creating prefix script '/home/mayo_poyo/ros2_ws2/install/local_setup.zsh'
[1.747s] INFO:colcon.colcon_core.shell:Creating prefix chain script '/home/mayo_poyo/ros2_ws2/install/setup.zsh'
