[0.394s] Invoking command in '/home/mayo_poyo/ros2_ws2/src/python_parameters': DEBUGINFOD_URLS=https://debuginfod.ubuntu.com PYTHONPATH=/home/mayo_poyo/ros2_ws2/build/python_parameters/prefix_override:/usr/lib/python3/dist-packages/colcon_core/task/python/colcon_distutils_commands:/home/mayo_poyo/ros2_ws2/install/python_parameters/lib/python3.12/site-packages:${PYTHONPATH} /usr/bin/python3 -W ignore:setup.py install is deprecated setup.py egg_info --egg-base ../../build/python_parameters build --build-base /home/mayo_poyo/ros2_ws2/build/python_parameters/build install --record /home/mayo_poyo/ros2_ws2/build/python_parameters/install.log --single-version-externally-managed install_data
[0.511s] running egg_info
[0.519s] writing ../../build/python_parameters/python_parameters.egg-info/PKG-INFO
[0.520s] writing dependency_links to ../../build/python_parameters/python_parameters.egg-info/dependency_links.txt
[0.520s] writing entry points to ../../build/python_parameters/python_parameters.egg-info/entry_points.txt
[0.520s] writing requirements to ../../build/python_parameters/python_parameters.egg-info/requires.txt
[0.520s] writing top-level names to ../../build/python_parameters/python_parameters.egg-info/top_level.txt
[0.536s] reading manifest file '../../build/python_parameters/python_parameters.egg-info/SOURCES.txt'
[0.537s] adding license file 'LICENSE'
[0.537s] writing manifest file '../../build/python_parameters/python_parameters.egg-info/SOURCES.txt'
[0.537s] running build
[0.538s] running build_py
[0.538s] copying python_parameters/python_parameters_node.py -> /home/mayo_poyo/ros2_ws2/build/python_parameters/build/lib/python_parameters
[0.538s] running install
[0.540s] running install_lib
[0.549s] copying /home/mayo_poyo/ros2_ws2/build/python_parameters/build/lib/python_parameters/python_parameters_node.py -> /home/mayo_poyo/ros2_ws2/install/python_parameters/lib/python3.12/site-packages/python_parameters
[0.549s] byte-compiling /home/mayo_poyo/ros2_ws2/install/python_parameters/lib/python3.12/site-packages/python_parameters/python_parameters_node.py to python_parameters_node.cpython-312.pyc
[0.549s] running install_data
[0.550s] running install_egg_info
[0.558s] removing '/home/mayo_poyo/ros2_ws2/install/python_parameters/lib/python3.12/site-packages/python_parameters-0.0.0-py3.12.egg-info' (and everything under it)
[0.559s] Copying ../../build/python_parameters/python_parameters.egg-info to /home/mayo_poyo/ros2_ws2/install/python_parameters/lib/python3.12/site-packages/python_parameters-0.0.0-py3.12.egg-info
[0.559s] running install_scripts
[0.618s] Installing minimal_param_node script to /home/mayo_poyo/ros2_ws2/install/python_parameters/lib/python_parameters
[0.618s] writing list of installed files to '/home/mayo_poyo/ros2_ws2/build/python_parameters/install.log'
[0.732s] Invoked command in '/home/mayo_poyo/ros2_ws2/src/python_parameters' returned '0': DEBUGINFOD_URLS=https://debuginfod.ubuntu.com PYTHONPATH=/home/mayo_poyo/ros2_ws2/build/python_parameters/prefix_override:/usr/lib/python3/dist-packages/colcon_core/task/python/colcon_distutils_commands:/home/mayo_poyo/ros2_ws2/install/python_parameters/lib/python3.12/site-packages:${PYTHONPATH} /usr/bin/python3 -W ignore:setup.py install is deprecated setup.py egg_info --egg-base ../../build/python_parameters build --build-base /home/mayo_poyo/ros2_ws2/build/python_parameters/build install --record /home/mayo_poyo/ros2_ws2/build/python_parameters/install.log --single-version-externally-managed install_data
