running egg_info
creating ../../build/py_srvcli/py_srvcli.egg-info
writing ../../build/py_srvcli/py_srvcli.egg-info/PKG-INFO
writing dependency_links to ../../build/py_srvcli/py_srvcli.egg-info/dependency_links.txt
writing requirements to ../../build/py_srvcli/py_srvcli.egg-info/requires.txt
writing top-level names to ../../build/py_srvcli/py_srvcli.egg-info/top_level.txt
writing manifest file '../../build/py_srvcli/py_srvcli.egg-info/SOURCES.txt'
reading manifest file '../../build/py_srvcli/py_srvcli.egg-info/SOURCES.txt'
adding license file 'LICENSE'
writing manifest file '../../build/py_srvcli/py_srvcli.egg-info/SOURCES.txt'
running build
running build_py
creating /home/mayo_poyo/ros2_ws2/build/py_srvcli/build
creating /home/mayo_poyo/ros2_ws2/build/py_srvcli/build/lib
creating /home/mayo_poyo/ros2_ws2/build/py_srvcli/build/lib/py_srvcli
copying py_srvcli/service_member_function.py -> /home/mayo_poyo/ros2_ws2/build/py_srvcli/build/lib/py_srvcli
copying py_srvcli/__init__.py -> /home/mayo_poyo/ros2_ws2/build/py_srvcli/build/lib/py_srvcli
running install
running install_lib
creating /home/mayo_poyo/ros2_ws2/install/py_srvcli/lib/python3.12/site-packages/py_srvcli
copying /home/mayo_poyo/ros2_ws2/build/py_srvcli/build/lib/py_srvcli/service_member_function.py -> /home/mayo_poyo/ros2_ws2/install/py_srvcli/lib/python3.12/site-packages/py_srvcli
copying /home/mayo_poyo/ros2_ws2/build/py_srvcli/build/lib/py_srvcli/__init__.py -> /home/mayo_poyo/ros2_ws2/install/py_srvcli/lib/python3.12/site-packages/py_srvcli
byte-compiling /home/mayo_poyo/ros2_ws2/install/py_srvcli/lib/python3.12/site-packages/py_srvcli/service_member_function.py to service_member_function.cpython-312.pyc
Sorry: IndentationError: expected an indented block after function definition on line 11 (service_member_function.py, line 12)
byte-compiling /home/mayo_poyo/ros2_ws2/install/py_srvcli/lib/python3.12/site-packages/py_srvcli/__init__.py to __init__.cpython-312.pyc
running install_data
creating /home/mayo_poyo/ros2_ws2/install/py_srvcli/share/ament_index
creating /home/mayo_poyo/ros2_ws2/install/py_srvcli/share/ament_index/resource_index
creating /home/mayo_poyo/ros2_ws2/install/py_srvcli/share/ament_index/resource_index/packages
copying resource/py_srvcli -> /home/mayo_poyo/ros2_ws2/install/py_srvcli/share/ament_index/resource_index/packages
copying package.xml -> /home/mayo_poyo/ros2_ws2/install/py_srvcli/share/py_srvcli
running install_egg_info
Copying ../../build/py_srvcli/py_srvcli.egg-info to /home/mayo_poyo/ros2_ws2/install/py_srvcli/lib/python3.12/site-packages/py_srvcli-0.0.0-py3.12.egg-info
running install_scripts
writing list of installed files to '/home/mayo_poyo/ros2_ws2/build/py_srvcli/install.log'
