[0.547s] Invoking command in '/home/mayo_poyo/ros2_ws2/src/py_srvcli': DEBUGINFOD_URLS=https://debuginfod.ubuntu.com PYTHONPATH=/home/mayo_poyo/ros2_ws2/build/py_srvcli/prefix_override:/usr/lib/python3/dist-packages/colcon_core/task/python/colcon_distutils_commands:/home/mayo_poyo/ros2_ws2/install/py_srvcli/lib/python3.12/site-packages:${PYTHONPATH} /usr/bin/python3 -W ignore:setup.py install is deprecated setup.py egg_info --egg-base ../../build/py_srvcli build --build-base /home/mayo_poyo/ros2_ws2/build/py_srvcli/build install --record /home/mayo_poyo/ros2_ws2/build/py_srvcli/install.log --single-version-externally-managed install_data
[0.677s] running egg_info
[0.677s] creating ../../build/py_srvcli/py_srvcli.egg-info
[0.685s] writing ../../build/py_srvcli/py_srvcli.egg-info/PKG-INFO
[0.685s] writing dependency_links to ../../build/py_srvcli/py_srvcli.egg-info/dependency_links.txt
[0.685s] writing requirements to ../../build/py_srvcli/py_srvcli.egg-info/requires.txt
[0.685s] writing top-level names to ../../build/py_srvcli/py_srvcli.egg-info/top_level.txt
[0.685s] writing manifest file '../../build/py_srvcli/py_srvcli.egg-info/SOURCES.txt'
[0.701s] reading manifest file '../../build/py_srvcli/py_srvcli.egg-info/SOURCES.txt'
[0.701s] adding license file 'LICENSE'
[0.702s] writing manifest file '../../build/py_srvcli/py_srvcli.egg-info/SOURCES.txt'
[0.702s] running build
[0.702s] running build_py
[0.702s] creating /home/mayo_poyo/ros2_ws2/build/py_srvcli/build
[0.702s] creating /home/mayo_poyo/ros2_ws2/build/py_srvcli/build/lib
[0.702s] creating /home/mayo_poyo/ros2_ws2/build/py_srvcli/build/lib/py_srvcli
[0.702s] copying py_srvcli/service_member_function.py -> /home/mayo_poyo/ros2_ws2/build/py_srvcli/build/lib/py_srvcli
[0.702s] copying py_srvcli/__init__.py -> /home/mayo_poyo/ros2_ws2/build/py_srvcli/build/lib/py_srvcli
[0.702s] running install
[0.706s] running install_lib
[0.714s] creating /home/mayo_poyo/ros2_ws2/install/py_srvcli/lib/python3.12/site-packages/py_srvcli
[0.714s] copying /home/mayo_poyo/ros2_ws2/build/py_srvcli/build/lib/py_srvcli/service_member_function.py -> /home/mayo_poyo/ros2_ws2/install/py_srvcli/lib/python3.12/site-packages/py_srvcli
[0.714s] copying /home/mayo_poyo/ros2_ws2/build/py_srvcli/build/lib/py_srvcli/__init__.py -> /home/mayo_poyo/ros2_ws2/install/py_srvcli/lib/python3.12/site-packages/py_srvcli
[0.714s] byte-compiling /home/mayo_poyo/ros2_ws2/install/py_srvcli/lib/python3.12/site-packages/py_srvcli/service_member_function.py to service_member_function.cpython-312.pyc
[0.714s] Sorry: IndentationError: expected an indented block after function definition on line 11 (service_member_function.py, line 12)
[0.714s] byte-compiling /home/mayo_poyo/ros2_ws2/install/py_srvcli/lib/python3.12/site-packages/py_srvcli/__init__.py to __init__.cpython-312.pyc
[0.714s] running install_data
[0.714s] creating /home/mayo_poyo/ros2_ws2/install/py_srvcli/share/ament_index
[0.714s] creating /home/mayo_poyo/ros2_ws2/install/py_srvcli/share/ament_index/resource_index
[0.714s] creating /home/mayo_poyo/ros2_ws2/install/py_srvcli/share/ament_index/resource_index/packages
[0.714s] copying resource/py_srvcli -> /home/mayo_poyo/ros2_ws2/install/py_srvcli/share/ament_index/resource_index/packages
[0.714s] copying package.xml -> /home/mayo_poyo/ros2_ws2/install/py_srvcli/share/py_srvcli
[0.714s] running install_egg_info
[0.723s] Copying ../../build/py_srvcli/py_srvcli.egg-info to /home/mayo_poyo/ros2_ws2/install/py_srvcli/lib/python3.12/site-packages/py_srvcli-0.0.0-py3.12.egg-info
[0.723s] running install_scripts
[0.781s] writing list of installed files to '/home/mayo_poyo/ros2_ws2/build/py_srvcli/install.log'
[0.797s] Invoked command in '/home/mayo_poyo/ros2_ws2/src/py_srvcli' returned '0': DEBUGINFOD_URLS=https://debuginfod.ubuntu.com PYTHONPATH=/home/mayo_poyo/ros2_ws2/build/py_srvcli/prefix_override:/usr/lib/python3/dist-packages/colcon_core/task/python/colcon_distutils_commands:/home/mayo_poyo/ros2_ws2/install/py_srvcli/lib/python3.12/site-packages:${PYTHONPATH} /usr/bin/python3 -W ignore:setup.py install is deprecated setup.py egg_info --egg-base ../../build/py_srvcli build --build-base /home/mayo_poyo/ros2_ws2/build/py_srvcli/build install --record /home/mayo_poyo/ros2_ws2/build/py_srvcli/install.log --single-version-externally-managed install_data
