[0.651s] Invoking command in '/home/mayo_poyo/ros2_ws2/src/go_to_goal': DEBUGINFOD_URLS=https://debuginfod.ubuntu.com PYTHONPATH=/home/mayo_poyo/ros2_ws2/build/go_to_goal/prefix_override:/usr/lib/python3/dist-packages/colcon_core/task/python/colcon_distutils_commands:/home/mayo_poyo/ros2_ws2/install/go_to_goal/lib/python3.12/site-packages:${PYTHONPATH} /usr/bin/python3 -W ignore:setup.py install is deprecated setup.py egg_info --egg-base ../../build/go_to_goal build --build-base /home/mayo_poyo/ros2_ws2/build/go_to_goal/build install --record /home/mayo_poyo/ros2_ws2/build/go_to_goal/install.log --single-version-externally-managed install_data
[0.784s] running egg_info
[0.792s] writing ../../build/go_to_goal/go_to_goal.egg-info/PKG-INFO
[0.793s] writing dependency_links to ../../build/go_to_goal/go_to_goal.egg-info/dependency_links.txt
[0.793s] writing entry points to ../../build/go_to_goal/go_to_goal.egg-info/entry_points.txt
[0.793s] writing requirements to ../../build/go_to_goal/go_to_goal.egg-info/requires.txt
[0.793s] writing top-level names to ../../build/go_to_goal/go_to_goal.egg-info/top_level.txt
[0.810s] reading manifest file '../../build/go_to_goal/go_to_goal.egg-info/SOURCES.txt'
[0.810s] adding license file 'LICENSE'
[0.810s] writing manifest file '../../build/go_to_goal/go_to_goal.egg-info/SOURCES.txt'
[0.810s] running build
[0.811s] running build_py
[0.811s] copying go_to_goal/gtg.py -> /home/mayo_poyo/ros2_ws2/build/go_to_goal/build/lib/go_to_goal
[0.811s] running install
[0.814s] running install_lib
[0.823s] copying /home/mayo_poyo/ros2_ws2/build/go_to_goal/build/lib/go_to_goal/gtg.py -> /home/mayo_poyo/ros2_ws2/install/go_to_goal/lib/python3.12/site-packages/go_to_goal
[0.825s] byte-compiling /home/mayo_poyo/ros2_ws2/install/go_to_goal/lib/python3.12/site-packages/go_to_goal/gtg.py to gtg.cpython-312.pyc
[0.825s] running install_data
[0.825s] running install_egg_info
[0.833s] removing '/home/mayo_poyo/ros2_ws2/install/go_to_goal/lib/python3.12/site-packages/go_to_goal-0.0.0-py3.12.egg-info' (and everything under it)
[0.834s] Copying ../../build/go_to_goal/go_to_goal.egg-info to /home/mayo_poyo/ros2_ws2/install/go_to_goal/lib/python3.12/site-packages/go_to_goal-0.0.0-py3.12.egg-info
[0.834s] running install_scripts
[0.895s] Installing gtg script to /home/mayo_poyo/ros2_ws2/install/go_to_goal/lib/go_to_goal
[0.895s] Installing pub script to /home/mayo_poyo/ros2_ws2/install/go_to_goal/lib/go_to_goal
[0.896s] writing list of installed files to '/home/mayo_poyo/ros2_ws2/build/go_to_goal/install.log'
[0.918s] Invoked command in '/home/mayo_poyo/ros2_ws2/src/go_to_goal' returned '0': DEBUGINFOD_URLS=https://debuginfod.ubuntu.com PYTHONPATH=/home/mayo_poyo/ros2_ws2/build/go_to_goal/prefix_override:/usr/lib/python3/dist-packages/colcon_core/task/python/colcon_distutils_commands:/home/mayo_poyo/ros2_ws2/install/go_to_goal/lib/python3.12/site-packages:${PYTHONPATH} /usr/bin/python3 -W ignore:setup.py install is deprecated setup.py egg_info --egg-base ../../build/go_to_goal build --build-base /home/mayo_poyo/ros2_ws2/build/go_to_goal/build install --record /home/mayo_poyo/ros2_ws2/build/go_to_goal/install.log --single-version-externally-managed install_data
