[0.890s] Invoking command in '/home/mayo_poyo/ros2_ws2/src/go_to_goal': DEBUGINFOD_URLS=https://debuginfod.ubuntu.com PYTHONPATH=/home/mayo_poyo/ros2_ws2/build/go_to_goal/prefix_override:/usr/lib/python3/dist-packages/colcon_core/task/python/colcon_distutils_commands:/home/mayo_poyo/ros2_ws2/install/go_to_goal/lib/python3.12/site-packages:${PYTHONPATH} /usr/bin/python3 -W ignore:setup.py install is deprecated setup.py egg_info --egg-base ../../build/go_to_goal build --build-base /home/mayo_poyo/ros2_ws2/build/go_to_goal/build install --record /home/mayo_poyo/ros2_ws2/build/go_to_goal/install.log --single-version-externally-managed install_data
[1.009s] running egg_info
[1.018s] writing ../../build/go_to_goal/go_to_goal.egg-info/PKG-INFO
[1.019s] writing dependency_links to ../../build/go_to_goal/go_to_goal.egg-info/dependency_links.txt
[1.019s] writing entry points to ../../build/go_to_goal/go_to_goal.egg-info/entry_points.txt
[1.019s] writing requirements to ../../build/go_to_goal/go_to_goal.egg-info/requires.txt
[1.019s] writing top-level names to ../../build/go_to_goal/go_to_goal.egg-info/top_level.txt
[1.035s] reading manifest file '../../build/go_to_goal/go_to_goal.egg-info/SOURCES.txt'
[1.036s] adding license file 'LICENSE'
[1.036s] writing manifest file '../../build/go_to_goal/go_to_goal.egg-info/SOURCES.txt'
[1.036s] running build
[1.037s] running build_py
[1.037s] copying go_to_goal/gtg.py -> /home/mayo_poyo/ros2_ws2/build/go_to_goal/build/lib/go_to_goal
[1.038s] running install
[1.040s] running install_lib
[1.049s] copying /home/mayo_poyo/ros2_ws2/build/go_to_goal/build/lib/go_to_goal/gtg.py -> /home/mayo_poyo/ros2_ws2/install/go_to_goal/lib/python3.12/site-packages/go_to_goal
[1.050s] byte-compiling /home/mayo_poyo/ros2_ws2/install/go_to_goal/lib/python3.12/site-packages/go_to_goal/gtg.py to gtg.cpython-312.pyc
[1.050s] running install_data
[1.050s] running install_egg_info
[1.059s] removing '/home/mayo_poyo/ros2_ws2/install/go_to_goal/lib/python3.12/site-packages/go_to_goal-0.0.0-py3.12.egg-info' (and everything under it)
[1.059s] Copying ../../build/go_to_goal/go_to_goal.egg-info to /home/mayo_poyo/ros2_ws2/install/go_to_goal/lib/python3.12/site-packages/go_to_goal-0.0.0-py3.12.egg-info
[1.060s] running install_scripts
[1.119s] Installing gtg script to /home/mayo_poyo/ros2_ws2/install/go_to_goal/lib/go_to_goal
[1.120s] Installing pub script to /home/mayo_poyo/ros2_ws2/install/go_to_goal/lib/go_to_goal
[1.120s] writing list of installed files to '/home/mayo_poyo/ros2_ws2/build/go_to_goal/install.log'
[1.146s] Invoked command in '/home/mayo_poyo/ros2_ws2/src/go_to_goal' returned '0': DEBUGINFOD_URLS=https://debuginfod.ubuntu.com PYTHONPATH=/home/mayo_poyo/ros2_ws2/build/go_to_goal/prefix_override:/usr/lib/python3/dist-packages/colcon_core/task/python/colcon_distutils_commands:/home/mayo_poyo/ros2_ws2/install/go_to_goal/lib/python3.12/site-packages:${PYTHONPATH} /usr/bin/python3 -W ignore:setup.py install is deprecated setup.py egg_info --egg-base ../../build/go_to_goal build --build-base /home/mayo_poyo/ros2_ws2/build/go_to_goal/build install --record /home/mayo_poyo/ros2_ws2/build/go_to_goal/install.log --single-version-externally-managed install_data
