[0.047s] DEBUG:colcon:Command line arguments: ['/usr/bin/colcon', 'build']
[0.047s] DEBUG:colcon:Parsed command line arguments: Namespace(log_base=None, log_level=None, verb_name='build', build_base='build', install_base='install', merge_install=False, symlink_install=False, test_result_base=None, continue_on_error=False, executor='parallel', parallel_workers=8, event_handlers=None, ignore_user_meta=False, metas=['./colcon.meta'], base_paths=['.'], packages_ignore=None, packages_ignore_regex=None, paths=None, packages_up_to=None, packages_up_to_regex=None, packages_above=None, packages_above_and_dependencies=None, packages_above_depth=None, packages_select_by_dep=None, packages_skip_by_dep=None, packages_skip_up_to=None, packages_select_build_failed=False, packages_skip_build_finished=False, packages_select_test_failures=False, packages_skip_test_passed=False, packages_select=None, packages_skip=None, packages_select_regex=None, packages_skip_regex=None, packages_start=None, packages_end=None, allow_overriding=[], cmake_args=None, cmake_target=None, cmake_target_skip_unavailable=False, cmake_clean_cache=False, cmake_clean_first=False, cmake_force_configure=False, ament_cmake_args=None, catkin_cmake_args=None, catkin_skip_building_tests=False, mixin_files=None, mixin=None, verb_parser=<colcon_mixin.mixin.mixin_argument.MixinArgumentDecorator object at 0xffff9123b5c0>, verb_extension=<colcon_core.verb.build.BuildVerb object at 0xffff911e1340>, main=<bound method BuildVerb.main of <colcon_core.verb.build.BuildVerb object at 0xffff911e1340>>, mixin_verb=('build',))
[0.064s] Level 1:colcon.colcon_core.package_discovery:discover_packages(colcon_meta) check parameters
[0.064s] Level 1:colcon.colcon_core.package_discovery:discover_packages(recursive) check parameters
[0.064s] Level 1:colcon.colcon_core.package_discovery:discover_packages(ignore) check parameters
[0.064s] Level 1:colcon.colcon_core.package_discovery:discover_packages(path) check parameters
[0.064s] Level 1:colcon.colcon_core.package_discovery:discover_packages(colcon_meta) discover
[0.064s] Level 1:colcon.colcon_core.package_discovery:discover_packages(recursive) discover
[0.064s] INFO:colcon.colcon_core.package_discovery:Crawling recursively for packages in '/home/mayo_poyo/ros2_ws2'
[0.064s] Level 1:colcon.colcon_core.package_identification:_identify(.) by extensions ['ignore', 'ignore_ament_install']
[0.065s] Level 1:colcon.colcon_core.package_identification:_identify(.) by extension 'ignore'
[0.065s] Level 1:colcon.colcon_core.package_identification:_identify(.) by extension 'ignore_ament_install'
[0.065s] Level 1:colcon.colcon_core.package_identification:_identify(.) by extensions ['colcon_pkg']
[0.065s] Level 1:colcon.colcon_core.package_identification:_identify(.) by extension 'colcon_pkg'
[0.065s] Level 1:colcon.colcon_core.package_identification:_identify(.) by extensions ['colcon_meta']
[0.065s] Level 1:colcon.colcon_core.package_identification:_identify(.) by extension 'colcon_meta'
[0.065s] Level 1:colcon.colcon_core.package_identification:_identify(.) by extensions ['ros']
[0.065s] Level 1:colcon.colcon_core.package_identification:_identify(.) by extension 'ros'
[0.078s] Level 1:colcon.colcon_core.package_identification:_identify(.) by extensions ['cmake', 'python']
[0.078s] Level 1:colcon.colcon_core.package_identification:_identify(.) by extension 'cmake'
[0.078s] Level 1:colcon.colcon_core.package_identification:_identify(.) by extension 'python'
[0.078s] Level 1:colcon.colcon_core.package_identification:_identify(.) by extensions ['python_setup_py']
[0.078s] Level 1:colcon.colcon_core.package_identification:_identify(.) by extension 'python_setup_py'
[0.078s] Level 1:colcon.colcon_core.package_identification:_identify(build) by extensions ['ignore', 'ignore_ament_install']
[0.078s] Level 1:colcon.colcon_core.package_identification:_identify(build) by extension 'ignore'
[0.078s] Level 1:colcon.colcon_core.package_identification:_identify(build) ignored
[0.078s] Level 1:colcon.colcon_core.package_identification:_identify(install) by extensions ['ignore', 'ignore_ament_install']
[0.078s] Level 1:colcon.colcon_core.package_identification:_identify(install) by extension 'ignore'
[0.078s] Level 1:colcon.colcon_core.package_identification:_identify(install) ignored
[0.078s] Level 1:colcon.colcon_core.package_identification:_identify(log) by extensions ['ignore', 'ignore_ament_install']
[0.078s] Level 1:colcon.colcon_core.package_identification:_identify(log) by extension 'ignore'
[0.078s] Level 1:colcon.colcon_core.package_identification:_identify(log) ignored
[0.078s] Level 1:colcon.colcon_core.package_identification:_identify(src) by extensions ['ignore', 'ignore_ament_install']
[0.078s] Level 1:colcon.colcon_core.package_identification:_identify(src) by extension 'ignore'
[0.078s] Level 1:colcon.colcon_core.package_identification:_identify(src) by extension 'ignore_ament_install'
[0.078s] Level 1:colcon.colcon_core.package_identification:_identify(src) by extensions ['colcon_pkg']
[0.078s] Level 1:colcon.colcon_core.package_identification:_identify(src) by extension 'colcon_pkg'
[0.078s] Level 1:colcon.colcon_core.package_identification:_identify(src) by extensions ['colcon_meta']
[0.078s] Level 1:colcon.colcon_core.package_identification:_identify(src) by extension 'colcon_meta'
[0.078s] Level 1:colcon.colcon_core.package_identification:_identify(src) by extensions ['ros']
[0.078s] Level 1:colcon.colcon_core.package_identification:_identify(src) by extension 'ros'
[0.078s] Level 1:colcon.colcon_core.package_identification:_identify(src) by extensions ['cmake', 'python']
[0.078s] Level 1:colcon.colcon_core.package_identification:_identify(src) by extension 'cmake'
[0.078s] Level 1:colcon.colcon_core.package_identification:_identify(src) by extension 'python'
[0.078s] Level 1:colcon.colcon_core.package_identification:_identify(src) by extensions ['python_setup_py']
[0.078s] Level 1:colcon.colcon_core.package_identification:_identify(src) by extension 'python_setup_py'
[0.078s] Level 1:colcon.colcon_core.package_identification:_identify(src/go_to_goal) by extensions ['ignore', 'ignore_ament_install']
[0.078s] Level 1:colcon.colcon_core.package_identification:_identify(src/go_to_goal) by extension 'ignore'
[0.078s] Level 1:colcon.colcon_core.package_identification:_identify(src/go_to_goal) by extension 'ignore_ament_install'
[0.078s] Level 1:colcon.colcon_core.package_identification:_identify(src/go_to_goal) by extensions ['colcon_pkg']
[0.078s] Level 1:colcon.colcon_core.package_identification:_identify(src/go_to_goal) by extension 'colcon_pkg'
[0.078s] Level 1:colcon.colcon_core.package_identification:_identify(src/go_to_goal) by extensions ['colcon_meta']
[0.078s] Level 1:colcon.colcon_core.package_identification:_identify(src/go_to_goal) by extension 'colcon_meta'
[0.078s] Level 1:colcon.colcon_core.package_identification:_identify(src/go_to_goal) by extensions ['ros']
[0.078s] Level 1:colcon.colcon_core.package_identification:_identify(src/go_to_goal) by extension 'ros'
[0.079s] DEBUG:colcon.colcon_core.package_identification:Package 'src/go_to_goal' with type 'ros.ament_python' and name 'go_to_goal'
[0.079s] Level 1:colcon.colcon_core.package_identification:_identify(src/py_pubsub) by extensions ['ignore', 'ignore_ament_install']
[0.080s] Level 1:colcon.colcon_core.package_identification:_identify(src/py_pubsub) by extension 'ignore'
[0.080s] Level 1:colcon.colcon_core.package_identification:_identify(src/py_pubsub) by extension 'ignore_ament_install'
[0.080s] Level 1:colcon.colcon_core.package_identification:_identify(src/py_pubsub) by extensions ['colcon_pkg']
[0.080s] Level 1:colcon.colcon_core.package_identification:_identify(src/py_pubsub) by extension 'colcon_pkg'
[0.080s] Level 1:colcon.colcon_core.package_identification:_identify(src/py_pubsub) by extensions ['colcon_meta']
[0.080s] Level 1:colcon.colcon_core.package_identification:_identify(src/py_pubsub) by extension 'colcon_meta'
[0.080s] Level 1:colcon.colcon_core.package_identification:_identify(src/py_pubsub) by extensions ['ros']
[0.080s] Level 1:colcon.colcon_core.package_identification:_identify(src/py_pubsub) by extension 'ros'
[0.080s] DEBUG:colcon.colcon_core.package_identification:Package 'src/py_pubsub' with type 'ros.ament_python' and name 'py_pubsub'
[0.080s] Level 1:colcon.colcon_core.package_identification:_identify(src/py_srvcli) by extensions ['ignore', 'ignore_ament_install']
[0.080s] Level 1:colcon.colcon_core.package_identification:_identify(src/py_srvcli) by extension 'ignore'
[0.080s] Level 1:colcon.colcon_core.package_identification:_identify(src/py_srvcli) by extension 'ignore_ament_install'
[0.080s] Level 1:colcon.colcon_core.package_identification:_identify(src/py_srvcli) by extensions ['colcon_pkg']
[0.080s] Level 1:colcon.colcon_core.package_identification:_identify(src/py_srvcli) by extension 'colcon_pkg'
[0.080s] Level 1:colcon.colcon_core.package_identification:_identify(src/py_srvcli) by extensions ['colcon_meta']
[0.080s] Level 1:colcon.colcon_core.package_identification:_identify(src/py_srvcli) by extension 'colcon_meta'
[0.080s] Level 1:colcon.colcon_core.package_identification:_identify(src/py_srvcli) by extensions ['ros']
[0.080s] Level 1:colcon.colcon_core.package_identification:_identify(src/py_srvcli) by extension 'ros'
[0.080s] DEBUG:colcon.colcon_core.package_identification:Package 'src/py_srvcli' with type 'ros.ament_python' and name 'py_srvcli'
[0.080s] Level 1:colcon.colcon_core.package_identification:_identify(src/python_parameters) by extensions ['ignore', 'ignore_ament_install']
[0.080s] Level 1:colcon.colcon_core.package_identification:_identify(src/python_parameters) by extension 'ignore'
[0.080s] Level 1:colcon.colcon_core.package_identification:_identify(src/python_parameters) by extension 'ignore_ament_install'
[0.080s] Level 1:colcon.colcon_core.package_identification:_identify(src/python_parameters) by extensions ['colcon_pkg']
[0.080s] Level 1:colcon.colcon_core.package_identification:_identify(src/python_parameters) by extension 'colcon_pkg'
[0.080s] Level 1:colcon.colcon_core.package_identification:_identify(src/python_parameters) by extensions ['colcon_meta']
[0.080s] Level 1:colcon.colcon_core.package_identification:_identify(src/python_parameters) by extension 'colcon_meta'
[0.080s] Level 1:colcon.colcon_core.package_identification:_identify(src/python_parameters) by extensions ['ros']
[0.080s] Level 1:colcon.colcon_core.package_identification:_identify(src/python_parameters) by extension 'ros'
[0.081s] DEBUG:colcon.colcon_core.package_identification:Package 'src/python_parameters' with type 'ros.ament_python' and name 'python_parameters'
[0.081s] Level 1:colcon.colcon_core.package_identification:_identify(src/tutorial_interfaces) by extensions ['ignore', 'ignore_ament_install']
[0.081s] Level 1:colcon.colcon_core.package_identification:_identify(src/tutorial_interfaces) by extension 'ignore'
[0.081s] Level 1:colcon.colcon_core.package_identification:_identify(src/tutorial_interfaces) by extension 'ignore_ament_install'
[0.081s] Level 1:colcon.colcon_core.package_identification:_identify(src/tutorial_interfaces) by extensions ['colcon_pkg']
[0.081s] Level 1:colcon.colcon_core.package_identification:_identify(src/tutorial_interfaces) by extension 'colcon_pkg'
[0.081s] Level 1:colcon.colcon_core.package_identification:_identify(src/tutorial_interfaces) by extensions ['colcon_meta']
[0.081s] Level 1:colcon.colcon_core.package_identification:_identify(src/tutorial_interfaces) by extension 'colcon_meta'
[0.081s] Level 1:colcon.colcon_core.package_identification:_identify(src/tutorial_interfaces) by extensions ['ros']
[0.081s] Level 1:colcon.colcon_core.package_identification:_identify(src/tutorial_interfaces) by extension 'ros'
[0.081s] DEBUG:colcon.colcon_core.package_identification:Package 'src/tutorial_interfaces' with type 'ros.ament_cmake' and name 'tutorial_interfaces'
[0.081s] Level 1:colcon.colcon_core.package_discovery:discover_packages(recursive) using defaults
[0.081s] Level 1:colcon.colcon_core.package_discovery:discover_packages(ignore) discover
[0.081s] Level 1:colcon.colcon_core.package_discovery:discover_packages(ignore) using defaults
[0.081s] Level 1:colcon.colcon_core.package_discovery:discover_packages(path) discover
[0.081s] Level 1:colcon.colcon_core.package_discovery:discover_packages(path) using defaults
[0.090s] Level 1:colcon.colcon_core.package_discovery:discover_packages(prefix_path) check parameters
[0.090s] Level 1:colcon.colcon_core.package_discovery:discover_packages(prefix_path) discover
[0.091s] DEBUG:colcon.colcon_installed_package_information.package_discovery:Found 382 installed packages in /opt/ros/jazzy
[0.092s] Level 1:colcon.colcon_core.package_discovery:discover_packages(prefix_path) using defaults
[0.116s] Level 5:colcon.colcon_core.verb:set package 'go_to_goal' build argument 'cmake_args' from command line to 'None'
[0.116s] Level 5:colcon.colcon_core.verb:set package 'go_to_goal' build argument 'cmake_target' from command line to 'None'
[0.116s] Level 5:colcon.colcon_core.verb:set package 'go_to_goal' build argument 'cmake_target_skip_unavailable' from command line to 'False'
[0.116s] Level 5:colcon.colcon_core.verb:set package 'go_to_goal' build argument 'cmake_clean_cache' from command line to 'False'
[0.116s] Level 5:colcon.colcon_core.verb:set package 'go_to_goal' build argument 'cmake_clean_first' from command line to 'False'
[0.116s] Level 5:colcon.colcon_core.verb:set package 'go_to_goal' build argument 'cmake_force_configure' from command line to 'False'
[0.116s] Level 5:colcon.colcon_core.verb:set package 'go_to_goal' build argument 'ament_cmake_args' from command line to 'None'
[0.116s] Level 5:colcon.colcon_core.verb:set package 'go_to_goal' build argument 'catkin_cmake_args' from command line to 'None'
[0.116s] Level 5:colcon.colcon_core.verb:set package 'go_to_goal' build argument 'catkin_skip_building_tests' from command line to 'False'
[0.116s] DEBUG:colcon.colcon_core.verb:Building package 'go_to_goal' with the following arguments: {'ament_cmake_args': None, 'build_base': '/home/mayo_poyo/ros2_ws2/build/go_to_goal', 'catkin_cmake_args': None, 'catkin_skip_building_tests': False, 'cmake_args': None, 'cmake_clean_cache': False, 'cmake_clean_first': False, 'cmake_force_configure': False, 'cmake_target': None, 'cmake_target_skip_unavailable': False, 'install_base': '/home/mayo_poyo/ros2_ws2/install/go_to_goal', 'merge_install': False, 'path': '/home/mayo_poyo/ros2_ws2/src/go_to_goal', 'symlink_install': False, 'test_result_base': None}
[0.116s] Level 5:colcon.colcon_core.verb:set package 'python_parameters' build argument 'cmake_args' from command line to 'None'
[0.116s] Level 5:colcon.colcon_core.verb:set package 'python_parameters' build argument 'cmake_target' from command line to 'None'
[0.116s] Level 5:colcon.colcon_core.verb:set package 'python_parameters' build argument 'cmake_target_skip_unavailable' from command line to 'False'
[0.116s] Level 5:colcon.colcon_core.verb:set package 'python_parameters' build argument 'cmake_clean_cache' from command line to 'False'
[0.116s] Level 5:colcon.colcon_core.verb:set package 'python_parameters' build argument 'cmake_clean_first' from command line to 'False'
[0.116s] Level 5:colcon.colcon_core.verb:set package 'python_parameters' build argument 'cmake_force_configure' from command line to 'False'
[0.116s] Level 5:colcon.colcon_core.verb:set package 'python_parameters' build argument 'ament_cmake_args' from command line to 'None'
[0.116s] Level 5:colcon.colcon_core.verb:set package 'python_parameters' build argument 'catkin_cmake_args' from command line to 'None'
[0.116s] Level 5:colcon.colcon_core.verb:set package 'python_parameters' build argument 'catkin_skip_building_tests' from command line to 'False'
[0.116s] DEBUG:colcon.colcon_core.verb:Building package 'python_parameters' with the following arguments: {'ament_cmake_args': None, 'build_base': '/home/mayo_poyo/ros2_ws2/build/python_parameters', 'catkin_cmake_args': None, 'catkin_skip_building_tests': False, 'cmake_args': None, 'cmake_clean_cache': False, 'cmake_clean_first': False, 'cmake_force_configure': False, 'cmake_target': None, 'cmake_target_skip_unavailable': False, 'install_base': '/home/mayo_poyo/ros2_ws2/install/python_parameters', 'merge_install': False, 'path': '/home/mayo_poyo/ros2_ws2/src/python_parameters', 'symlink_install': False, 'test_result_base': None}
[0.117s] Level 5:colcon.colcon_core.verb:set package 'tutorial_interfaces' build argument 'cmake_args' from command line to 'None'
[0.117s] Level 5:colcon.colcon_core.verb:set package 'tutorial_interfaces' build argument 'cmake_target' from command line to 'None'
[0.117s] Level 5:colcon.colcon_core.verb:set package 'tutorial_interfaces' build argument 'cmake_target_skip_unavailable' from command line to 'False'
[0.117s] Level 5:colcon.colcon_core.verb:set package 'tutorial_interfaces' build argument 'cmake_clean_cache' from command line to 'False'
[0.117s] Level 5:colcon.colcon_core.verb:set package 'tutorial_interfaces' build argument 'cmake_clean_first' from command line to 'False'
[0.117s] Level 5:colcon.colcon_core.verb:set package 'tutorial_interfaces' build argument 'cmake_force_configure' from command line to 'False'
[0.117s] Level 5:colcon.colcon_core.verb:set package 'tutorial_interfaces' build argument 'ament_cmake_args' from command line to 'None'
[0.117s] Level 5:colcon.colcon_core.verb:set package 'tutorial_interfaces' build argument 'catkin_cmake_args' from command line to 'None'
[0.117s] Level 5:colcon.colcon_core.verb:set package 'tutorial_interfaces' build argument 'catkin_skip_building_tests' from command line to 'False'
[0.117s] DEBUG:colcon.colcon_core.verb:Building package 'tutorial_interfaces' with the following arguments: {'ament_cmake_args': None, 'build_base': '/home/mayo_poyo/ros2_ws2/build/tutorial_interfaces', 'catkin_cmake_args': None, 'catkin_skip_building_tests': False, 'cmake_args': None, 'cmake_clean_cache': False, 'cmake_clean_first': False, 'cmake_force_configure': False, 'cmake_target': None, 'cmake_target_skip_unavailable': False, 'install_base': '/home/mayo_poyo/ros2_ws2/install/tutorial_interfaces', 'merge_install': False, 'path': '/home/mayo_poyo/ros2_ws2/src/tutorial_interfaces', 'symlink_install': False, 'test_result_base': None}
[0.117s] Level 5:colcon.colcon_core.verb:set package 'py_pubsub' build argument 'cmake_args' from command line to 'None'
[0.117s] Level 5:colcon.colcon_core.verb:set package 'py_pubsub' build argument 'cmake_target' from command line to 'None'
[0.117s] Level 5:colcon.colcon_core.verb:set package 'py_pubsub' build argument 'cmake_target_skip_unavailable' from command line to 'False'
[0.117s] Level 5:colcon.colcon_core.verb:set package 'py_pubsub' build argument 'cmake_clean_cache' from command line to 'False'
[0.117s] Level 5:colcon.colcon_core.verb:set package 'py_pubsub' build argument 'cmake_clean_first' from command line to 'False'
[0.117s] Level 5:colcon.colcon_core.verb:set package 'py_pubsub' build argument 'cmake_force_configure' from command line to 'False'
[0.117s] Level 5:colcon.colcon_core.verb:set package 'py_pubsub' build argument 'ament_cmake_args' from command line to 'None'
[0.117s] Level 5:colcon.colcon_core.verb:set package 'py_pubsub' build argument 'catkin_cmake_args' from command line to 'None'
[0.117s] Level 5:colcon.colcon_core.verb:set package 'py_pubsub' build argument 'catkin_skip_building_tests' from command line to 'False'
[0.117s] DEBUG:colcon.colcon_core.verb:Building package 'py_pubsub' with the following arguments: {'ament_cmake_args': None, 'build_base': '/home/mayo_poyo/ros2_ws2/build/py_pubsub', 'catkin_cmake_args': None, 'catkin_skip_building_tests': False, 'cmake_args': None, 'cmake_clean_cache': False, 'cmake_clean_first': False, 'cmake_force_configure': False, 'cmake_target': None, 'cmake_target_skip_unavailable': False, 'install_base': '/home/mayo_poyo/ros2_ws2/install/py_pubsub', 'merge_install': False, 'path': '/home/mayo_poyo/ros2_ws2/src/py_pubsub', 'symlink_install': False, 'test_result_base': None}
[0.117s] Level 5:colcon.colcon_core.verb:set package 'py_srvcli' build argument 'cmake_args' from command line to 'None'
[0.117s] Level 5:colcon.colcon_core.verb:set package 'py_srvcli' build argument 'cmake_target' from command line to 'None'
[0.117s] Level 5:colcon.colcon_core.verb:set package 'py_srvcli' build argument 'cmake_target_skip_unavailable' from command line to 'False'
[0.117s] Level 5:colcon.colcon_core.verb:set package 'py_srvcli' build argument 'cmake_clean_cache' from command line to 'False'
[0.117s] Level 5:colcon.colcon_core.verb:set package 'py_srvcli' build argument 'cmake_clean_first' from command line to 'False'
[0.117s] Level 5:colcon.colcon_core.verb:set package 'py_srvcli' build argument 'cmake_force_configure' from command line to 'False'
[0.117s] Level 5:colcon.colcon_core.verb:set package 'py_srvcli' build argument 'ament_cmake_args' from command line to 'None'
[0.117s] Level 5:colcon.colcon_core.verb:set package 'py_srvcli' build argument 'catkin_cmake_args' from command line to 'None'
[0.117s] Level 5:colcon.colcon_core.verb:set package 'py_srvcli' build argument 'catkin_skip_building_tests' from command line to 'False'
[0.117s] DEBUG:colcon.colcon_core.verb:Building package 'py_srvcli' with the following arguments: {'ament_cmake_args': None, 'build_base': '/home/mayo_poyo/ros2_ws2/build/py_srvcli', 'catkin_cmake_args': None, 'catkin_skip_building_tests': False, 'cmake_args': None, 'cmake_clean_cache': False, 'cmake_clean_first': False, 'cmake_force_configure': False, 'cmake_target': None, 'cmake_target_skip_unavailable': False, 'install_base': '/home/mayo_poyo/ros2_ws2/install/py_srvcli', 'merge_install': False, 'path': '/home/mayo_poyo/ros2_ws2/src/py_srvcli', 'symlink_install': False, 'test_result_base': None}
[0.117s] INFO:colcon.colcon_core.executor:Executing jobs using 'parallel' executor
[0.118s] DEBUG:colcon.colcon_parallel_executor.executor.parallel:run_until_complete
[0.118s] INFO:colcon.colcon_ros.task.ament_cmake.build:Building ROS package in '/home/mayo_poyo/ros2_ws2/src/tutorial_interfaces' with build type 'ament_cmake'
[0.118s] INFO:colcon.colcon_cmake.task.cmake.build:Building CMake package in '/home/mayo_poyo/ros2_ws2/src/tutorial_interfaces'
[0.120s] INFO:colcon.colcon_core.plugin_system:Skipping extension 'colcon_core.shell.bat': Not used on non-Windows systems
[0.120s] INFO:colcon.colcon_core.shell:Skip shell extension 'powershell' for command environment: Not usable outside of PowerShell
[0.120s] DEBUG:colcon.colcon_core.shell:Skip shell extension 'dsv' for command environment
[0.123s] INFO:colcon.colcon_ros.task.ament_python.build:Building ROS package in '/home/mayo_poyo/ros2_ws2/src/go_to_goal' with build type 'ament_python'
[0.123s] Level 1:colcon.colcon_core.shell:create_environment_hook('go_to_goal', 'ament_prefix_path')
[0.123s] INFO:colcon.colcon_core.shell:Creating environment hook '/home/mayo_poyo/ros2_ws2/install/go_to_goal/share/go_to_goal/hook/ament_prefix_path.ps1'
[0.123s] INFO:colcon.colcon_core.shell:Creating environment descriptor '/home/mayo_poyo/ros2_ws2/install/go_to_goal/share/go_to_goal/hook/ament_prefix_path.dsv'
[0.123s] INFO:colcon.colcon_core.shell:Creating environment hook '/home/mayo_poyo/ros2_ws2/install/go_to_goal/share/go_to_goal/hook/ament_prefix_path.sh'
[0.124s] INFO:colcon.colcon_core.shell:Skip shell extension 'powershell' for command environment: Not usable outside of PowerShell
[0.124s] DEBUG:colcon.colcon_core.shell:Skip shell extension 'dsv' for command environment
[0.125s] INFO:colcon.colcon_ros.task.ament_python.build:Building ROS package in '/home/mayo_poyo/ros2_ws2/src/python_parameters' with build type 'ament_python'
[0.125s] Level 1:colcon.colcon_core.shell:create_environment_hook('python_parameters', 'ament_prefix_path')
[0.125s] INFO:colcon.colcon_core.shell:Creating environment hook '/home/mayo_poyo/ros2_ws2/install/python_parameters/share/python_parameters/hook/ament_prefix_path.ps1'
[0.126s] INFO:colcon.colcon_core.shell:Creating environment descriptor '/home/mayo_poyo/ros2_ws2/install/python_parameters/share/python_parameters/hook/ament_prefix_path.dsv'
[0.126s] INFO:colcon.colcon_core.shell:Creating environment hook '/home/mayo_poyo/ros2_ws2/install/python_parameters/share/python_parameters/hook/ament_prefix_path.sh'
[0.126s] INFO:colcon.colcon_core.shell:Skip shell extension 'powershell' for command environment: Not usable outside of PowerShell
[0.126s] DEBUG:colcon.colcon_core.shell:Skip shell extension 'dsv' for command environment
[0.131s] DEBUG:colcon.colcon_core.event_handler.log_command:Invoking command in '/home/mayo_poyo/ros2_ws2/build/tutorial_interfaces': CMAKE_PREFIX_PATH=${CMAKE_PREFIX_PATH}:/opt/ros/jazzy DEBUGINFOD_URLS=https://debuginfod.ubuntu.com /usr/bin/cmake --build /home/mayo_poyo/ros2_ws2/build/tutorial_interfaces -- -j8 -l8
[0.248s] INFO:colcon.colcon_core.task.python.build:Building Python package in '/home/mayo_poyo/ros2_ws2/src/go_to_goal'
[0.248s] INFO:colcon.colcon_core.shell:Skip shell extension 'powershell' for command environment: Not usable outside of PowerShell
[0.248s] DEBUG:colcon.colcon_core.shell:Skip shell extension 'dsv' for command environment
[0.351s] INFO:colcon.colcon_core.task.python.build:Building Python package in '/home/mayo_poyo/ros2_ws2/src/python_parameters'
[0.351s] INFO:colcon.colcon_core.shell:Skip shell extension 'powershell' for command environment: Not usable outside of PowerShell
[0.351s] DEBUG:colcon.colcon_core.shell:Skip shell extension 'dsv' for command environment
[0.356s] DEBUG:colcon.colcon_core.event_handler.log_command:Invoked command in '/home/mayo_poyo/ros2_ws2/build/tutorial_interfaces' returned '0': CMAKE_PREFIX_PATH=${CMAKE_PREFIX_PATH}:/opt/ros/jazzy DEBUGINFOD_URLS=https://debuginfod.ubuntu.com /usr/bin/cmake --build /home/mayo_poyo/ros2_ws2/build/tutorial_interfaces -- -j8 -l8
[0.444s] DEBUG:colcon.colcon_core.event_handler.log_command:Invoking command in '/home/mayo_poyo/ros2_ws2/build/tutorial_interfaces': CMAKE_PREFIX_PATH=${CMAKE_PREFIX_PATH}:/opt/ros/jazzy DEBUGINFOD_URLS=https://debuginfod.ubuntu.com /usr/bin/cmake --install /home/mayo_poyo/ros2_ws2/build/tutorial_interfaces
[0.499s] Level 1:colcon.colcon_core.environment:create_environment_scripts_only(tutorial_interfaces)
[0.502s] Level 1:colcon.colcon_core.environment:checking '/home/mayo_poyo/ros2_ws2/install/tutorial_interfaces' for CMake module files
[0.504s] Level 1:colcon.colcon_core.environment:checking '/home/mayo_poyo/ros2_ws2/install/tutorial_interfaces' for CMake config files
[0.505s] DEBUG:colcon.colcon_core.event_handler.log_command:Invoked command in '/home/mayo_poyo/ros2_ws2/build/tutorial_interfaces' returned '0': CMAKE_PREFIX_PATH=${CMAKE_PREFIX_PATH}:/opt/ros/jazzy DEBUGINFOD_URLS=https://debuginfod.ubuntu.com /usr/bin/cmake --install /home/mayo_poyo/ros2_ws2/build/tutorial_interfaces
[0.505s] Level 1:colcon.colcon_core.shell:create_environment_hook('tutorial_interfaces', 'cmake_prefix_path')
[0.505s] INFO:colcon.colcon_core.shell:Creating environment hook '/home/mayo_poyo/ros2_ws2/install/tutorial_interfaces/share/tutorial_interfaces/hook/cmake_prefix_path.ps1'
[0.505s] INFO:colcon.colcon_core.shell:Creating environment descriptor '/home/mayo_poyo/ros2_ws2/install/tutorial_interfaces/share/tutorial_interfaces/hook/cmake_prefix_path.dsv'
[0.505s] INFO:colcon.colcon_core.shell:Creating environment hook '/home/mayo_poyo/ros2_ws2/install/tutorial_interfaces/share/tutorial_interfaces/hook/cmake_prefix_path.sh'
[0.506s] Level 1:colcon.colcon_core.environment:checking '/home/mayo_poyo/ros2_ws2/install/tutorial_interfaces/lib'
[0.506s] Level 1:colcon.colcon_core.shell:create_environment_hook('tutorial_interfaces', 'ld_library_path_lib')
[0.506s] INFO:colcon.colcon_core.shell:Creating environment hook '/home/mayo_poyo/ros2_ws2/install/tutorial_interfaces/share/tutorial_interfaces/hook/ld_library_path_lib.ps1'
[0.506s] INFO:colcon.colcon_core.shell:Creating environment descriptor '/home/mayo_poyo/ros2_ws2/install/tutorial_interfaces/share/tutorial_interfaces/hook/ld_library_path_lib.dsv'
[0.506s] INFO:colcon.colcon_core.shell:Creating environment hook '/home/mayo_poyo/ros2_ws2/install/tutorial_interfaces/share/tutorial_interfaces/hook/ld_library_path_lib.sh'
[0.506s] Level 1:colcon.colcon_core.environment:checking '/home/mayo_poyo/ros2_ws2/install/tutorial_interfaces/bin'
[0.506s] Level 1:colcon.colcon_core.environment:checking '/home/mayo_poyo/ros2_ws2/install/tutorial_interfaces/lib/pkgconfig/tutorial_interfaces.pc'
[0.506s] Level 1:colcon.colcon_core.environment:checking '/home/mayo_poyo/ros2_ws2/install/tutorial_interfaces/lib/python3.12/site-packages'
[0.506s] Level 1:colcon.colcon_core.shell:create_environment_hook('tutorial_interfaces', 'pythonpath')
[0.506s] INFO:colcon.colcon_core.shell:Creating environment hook '/home/mayo_poyo/ros2_ws2/install/tutorial_interfaces/share/tutorial_interfaces/hook/pythonpath.ps1'
[0.506s] INFO:colcon.colcon_core.shell:Creating environment descriptor '/home/mayo_poyo/ros2_ws2/install/tutorial_interfaces/share/tutorial_interfaces/hook/pythonpath.dsv'
[0.506s] INFO:colcon.colcon_core.shell:Creating environment hook '/home/mayo_poyo/ros2_ws2/install/tutorial_interfaces/share/tutorial_interfaces/hook/pythonpath.sh'
[0.507s] Level 1:colcon.colcon_core.environment:checking '/home/mayo_poyo/ros2_ws2/install/tutorial_interfaces/bin'
[0.507s] INFO:colcon.colcon_core.shell:Creating package script '/home/mayo_poyo/ros2_ws2/install/tutorial_interfaces/share/tutorial_interfaces/package.ps1'
[0.507s] INFO:colcon.colcon_core.shell:Creating package descriptor '/home/mayo_poyo/ros2_ws2/install/tutorial_interfaces/share/tutorial_interfaces/package.dsv'
[0.507s] INFO:colcon.colcon_core.shell:Creating package script '/home/mayo_poyo/ros2_ws2/install/tutorial_interfaces/share/tutorial_interfaces/package.sh'
[0.508s] INFO:colcon.colcon_core.shell:Creating package script '/home/mayo_poyo/ros2_ws2/install/tutorial_interfaces/share/tutorial_interfaces/package.bash'
[0.508s] INFO:colcon.colcon_core.shell:Creating package script '/home/mayo_poyo/ros2_ws2/install/tutorial_interfaces/share/tutorial_interfaces/package.zsh'
[0.508s] Level 1:colcon.colcon_core.environment:create_file_with_runtime_dependencies(/home/mayo_poyo/ros2_ws2/install/tutorial_interfaces/share/colcon-core/packages/tutorial_interfaces)
[0.594s] Level 1:colcon.colcon_core.environment:create_environment_scripts_only(tutorial_interfaces)
[0.594s] Level 1:colcon.colcon_core.environment:checking '/home/mayo_poyo/ros2_ws2/install/tutorial_interfaces' for CMake module files
[0.594s] Level 1:colcon.colcon_core.environment:checking '/home/mayo_poyo/ros2_ws2/install/tutorial_interfaces' for CMake config files
[0.594s] Level 1:colcon.colcon_core.shell:create_environment_hook('tutorial_interfaces', 'cmake_prefix_path')
[0.595s] INFO:colcon.colcon_core.shell:Creating environment hook '/home/mayo_poyo/ros2_ws2/install/tutorial_interfaces/share/tutorial_interfaces/hook/cmake_prefix_path.ps1'
[0.595s] INFO:colcon.colcon_core.shell:Creating environment descriptor '/home/mayo_poyo/ros2_ws2/install/tutorial_interfaces/share/tutorial_interfaces/hook/cmake_prefix_path.dsv'
[0.595s] INFO:colcon.colcon_core.shell:Creating environment hook '/home/mayo_poyo/ros2_ws2/install/tutorial_interfaces/share/tutorial_interfaces/hook/cmake_prefix_path.sh'
[0.595s] Level 1:colcon.colcon_core.environment:checking '/home/mayo_poyo/ros2_ws2/install/tutorial_interfaces/lib'
[0.595s] Level 1:colcon.colcon_core.shell:create_environment_hook('tutorial_interfaces', 'ld_library_path_lib')
[0.595s] INFO:colcon.colcon_core.shell:Creating environment hook '/home/mayo_poyo/ros2_ws2/install/tutorial_interfaces/share/tutorial_interfaces/hook/ld_library_path_lib.ps1'
[0.595s] INFO:colcon.colcon_core.shell:Creating environment descriptor '/home/mayo_poyo/ros2_ws2/install/tutorial_interfaces/share/tutorial_interfaces/hook/ld_library_path_lib.dsv'
[0.595s] INFO:colcon.colcon_core.shell:Creating environment hook '/home/mayo_poyo/ros2_ws2/install/tutorial_interfaces/share/tutorial_interfaces/hook/ld_library_path_lib.sh'
[0.595s] Level 1:colcon.colcon_core.environment:checking '/home/mayo_poyo/ros2_ws2/install/tutorial_interfaces/bin'
[0.596s] Level 1:colcon.colcon_core.environment:checking '/home/mayo_poyo/ros2_ws2/install/tutorial_interfaces/lib/pkgconfig/tutorial_interfaces.pc'
[0.596s] Level 1:colcon.colcon_core.environment:checking '/home/mayo_poyo/ros2_ws2/install/tutorial_interfaces/lib/python3.12/site-packages'
[0.596s] Level 1:colcon.colcon_core.shell:create_environment_hook('tutorial_interfaces', 'pythonpath')
[0.596s] INFO:colcon.colcon_core.shell:Creating environment hook '/home/mayo_poyo/ros2_ws2/install/tutorial_interfaces/share/tutorial_interfaces/hook/pythonpath.ps1'
[0.596s] INFO:colcon.colcon_core.shell:Creating environment descriptor '/home/mayo_poyo/ros2_ws2/install/tutorial_interfaces/share/tutorial_interfaces/hook/pythonpath.dsv'
[0.596s] INFO:colcon.colcon_core.shell:Creating environment hook '/home/mayo_poyo/ros2_ws2/install/tutorial_interfaces/share/tutorial_interfaces/hook/pythonpath.sh'
[0.596s] Level 1:colcon.colcon_core.environment:checking '/home/mayo_poyo/ros2_ws2/install/tutorial_interfaces/bin'
[0.596s] INFO:colcon.colcon_core.shell:Creating package script '/home/mayo_poyo/ros2_ws2/install/tutorial_interfaces/share/tutorial_interfaces/package.ps1'
[0.597s] INFO:colcon.colcon_core.shell:Creating package descriptor '/home/mayo_poyo/ros2_ws2/install/tutorial_interfaces/share/tutorial_interfaces/package.dsv'
[0.597s] INFO:colcon.colcon_core.shell:Creating package script '/home/mayo_poyo/ros2_ws2/install/tutorial_interfaces/share/tutorial_interfaces/package.sh'
[0.597s] INFO:colcon.colcon_core.shell:Creating package script '/home/mayo_poyo/ros2_ws2/install/tutorial_interfaces/share/tutorial_interfaces/package.bash'
[0.597s] INFO:colcon.colcon_core.shell:Creating package script '/home/mayo_poyo/ros2_ws2/install/tutorial_interfaces/share/tutorial_interfaces/package.zsh'
[0.597s] Level 1:colcon.colcon_core.environment:create_file_with_runtime_dependencies(/home/mayo_poyo/ros2_ws2/install/tutorial_interfaces/share/colcon-core/packages/tutorial_interfaces)
[0.597s] INFO:colcon.colcon_ros.task.ament_python.build:Building ROS package in '/home/mayo_poyo/ros2_ws2/src/py_pubsub' with build type 'ament_python'
[0.597s] Level 1:colcon.colcon_core.shell:create_environment_hook('py_pubsub', 'ament_prefix_path')
[0.597s] INFO:colcon.colcon_core.shell:Creating environment hook '/home/mayo_poyo/ros2_ws2/install/py_pubsub/share/py_pubsub/hook/ament_prefix_path.ps1'
[0.598s] INFO:colcon.colcon_core.shell:Creating environment descriptor '/home/mayo_poyo/ros2_ws2/install/py_pubsub/share/py_pubsub/hook/ament_prefix_path.dsv'
[0.598s] INFO:colcon.colcon_core.shell:Creating environment hook '/home/mayo_poyo/ros2_ws2/install/py_pubsub/share/py_pubsub/hook/ament_prefix_path.sh'
[0.598s] INFO:colcon.colcon_core.shell:Skip shell extension 'powershell' for command environment: Not usable outside of PowerShell
[0.598s] DEBUG:colcon.colcon_core.shell:Skip shell extension 'dsv' for command environment
[0.601s] INFO:colcon.colcon_ros.task.ament_python.build:Building ROS package in '/home/mayo_poyo/ros2_ws2/src/py_srvcli' with build type 'ament_python'
[0.601s] Level 1:colcon.colcon_core.shell:create_environment_hook('py_srvcli', 'ament_prefix_path')
[0.601s] INFO:colcon.colcon_core.shell:Creating environment hook '/home/mayo_poyo/ros2_ws2/install/py_srvcli/share/py_srvcli/hook/ament_prefix_path.ps1'
[0.602s] INFO:colcon.colcon_core.shell:Creating environment descriptor '/home/mayo_poyo/ros2_ws2/install/py_srvcli/share/py_srvcli/hook/ament_prefix_path.dsv'
[0.602s] INFO:colcon.colcon_core.shell:Creating environment hook '/home/mayo_poyo/ros2_ws2/install/py_srvcli/share/py_srvcli/hook/ament_prefix_path.sh'
[0.603s] INFO:colcon.colcon_core.shell:Skip shell extension 'powershell' for command environment: Not usable outside of PowerShell
[0.603s] DEBUG:colcon.colcon_core.shell:Skip shell extension 'dsv' for command environment
[0.734s] INFO:colcon.colcon_core.task.python.build:Building Python package in '/home/mayo_poyo/ros2_ws2/src/py_pubsub'
[0.735s] INFO:colcon.colcon_core.shell:Skip shell extension 'powershell' for command environment: Not usable outside of PowerShell
[0.735s] DEBUG:colcon.colcon_core.shell:Skip shell extension 'dsv' for command environment
[0.743s] DEBUG:colcon.colcon_core.event_handler.log_command:Invoking command in '/home/mayo_poyo/ros2_ws2/src/go_to_goal': DEBUGINFOD_URLS=https://debuginfod.ubuntu.com PYTHONPATH=/home/mayo_poyo/ros2_ws2/build/go_to_goal/prefix_override:/usr/lib/python3/dist-packages/colcon_core/task/python/colcon_distutils_commands:/home/mayo_poyo/ros2_ws2/install/go_to_goal/lib/python3.12/site-packages:${PYTHONPATH} /usr/bin/python3 -W ignore:setup.py install is deprecated setup.py egg_info --egg-base ../../build/go_to_goal build --build-base /home/mayo_poyo/ros2_ws2/build/go_to_goal/build install --record /home/mayo_poyo/ros2_ws2/build/go_to_goal/install.log --single-version-externally-managed install_data
[0.745s] DEBUG:colcon.colcon_core.event_handler.log_command:Invoking command in '/home/mayo_poyo/ros2_ws2/src/python_parameters': DEBUGINFOD_URLS=https://debuginfod.ubuntu.com PYTHONPATH=/home/mayo_poyo/ros2_ws2/build/python_parameters/prefix_override:/usr/lib/python3/dist-packages/colcon_core/task/python/colcon_distutils_commands:/home/mayo_poyo/ros2_ws2/install/python_parameters/lib/python3.12/site-packages:${PYTHONPATH} /usr/bin/python3 -W ignore:setup.py install is deprecated setup.py egg_info --egg-base ../../build/python_parameters build --build-base /home/mayo_poyo/ros2_ws2/build/python_parameters/build install --record /home/mayo_poyo/ros2_ws2/build/python_parameters/install.log --single-version-externally-managed install_data
[0.847s] INFO:colcon.colcon_core.task.python.build:Building Python package in '/home/mayo_poyo/ros2_ws2/src/py_srvcli'
[0.848s] INFO:colcon.colcon_core.shell:Skip shell extension 'powershell' for command environment: Not usable outside of PowerShell
[0.848s] DEBUG:colcon.colcon_core.shell:Skip shell extension 'dsv' for command environment
[0.999s] Level 1:colcon.colcon_core.environment:checking '/home/mayo_poyo/ros2_ws2/install/go_to_goal' for CMake module files
[1.000s] DEBUG:colcon.colcon_core.event_handler.log_command:Invoked command in '/home/mayo_poyo/ros2_ws2/src/go_to_goal' returned '0': DEBUGINFOD_URLS=https://debuginfod.ubuntu.com PYTHONPATH=/home/mayo_poyo/ros2_ws2/build/go_to_goal/prefix_override:/usr/lib/python3/dist-packages/colcon_core/task/python/colcon_distutils_commands:/home/mayo_poyo/ros2_ws2/install/go_to_goal/lib/python3.12/site-packages:${PYTHONPATH} /usr/bin/python3 -W ignore:setup.py install is deprecated setup.py egg_info --egg-base ../../build/go_to_goal build --build-base /home/mayo_poyo/ros2_ws2/build/go_to_goal/build install --record /home/mayo_poyo/ros2_ws2/build/go_to_goal/install.log --single-version-externally-managed install_data
[1.001s] Level 1:colcon.colcon_core.environment:checking '/home/mayo_poyo/ros2_ws2/install/go_to_goal' for CMake config files
[1.001s] Level 1:colcon.colcon_core.environment:checking '/home/mayo_poyo/ros2_ws2/install/go_to_goal/lib'
[1.002s] Level 1:colcon.colcon_core.environment:checking '/home/mayo_poyo/ros2_ws2/install/go_to_goal/bin'
[1.002s] Level 1:colcon.colcon_core.environment:checking '/home/mayo_poyo/ros2_ws2/install/go_to_goal/lib/pkgconfig/go_to_goal.pc'
[1.002s] Level 1:colcon.colcon_core.environment:checking '/home/mayo_poyo/ros2_ws2/install/go_to_goal/lib/python3.12/site-packages'
[1.002s] Level 1:colcon.colcon_core.shell:create_environment_hook('go_to_goal', 'pythonpath')
[1.003s] INFO:colcon.colcon_core.shell:Creating environment hook '/home/mayo_poyo/ros2_ws2/install/go_to_goal/share/go_to_goal/hook/pythonpath.ps1'
[1.003s] INFO:colcon.colcon_core.shell:Creating environment descriptor '/home/mayo_poyo/ros2_ws2/install/go_to_goal/share/go_to_goal/hook/pythonpath.dsv'
[1.003s] INFO:colcon.colcon_core.shell:Creating environment hook '/home/mayo_poyo/ros2_ws2/install/go_to_goal/share/go_to_goal/hook/pythonpath.sh'
[1.004s] Level 1:colcon.colcon_core.environment:checking '/home/mayo_poyo/ros2_ws2/install/go_to_goal/bin'
[1.004s] Level 1:colcon.colcon_core.environment:create_environment_scripts_only(go_to_goal)
[1.004s] INFO:colcon.colcon_core.shell:Creating package script '/home/mayo_poyo/ros2_ws2/install/go_to_goal/share/go_to_goal/package.ps1'
[1.005s] INFO:colcon.colcon_core.shell:Creating package descriptor '/home/mayo_poyo/ros2_ws2/install/go_to_goal/share/go_to_goal/package.dsv'
[1.005s] INFO:colcon.colcon_core.shell:Creating package script '/home/mayo_poyo/ros2_ws2/install/go_to_goal/share/go_to_goal/package.sh'
[1.005s] INFO:colcon.colcon_core.shell:Creating package script '/home/mayo_poyo/ros2_ws2/install/go_to_goal/share/go_to_goal/package.bash'
[1.006s] INFO:colcon.colcon_core.shell:Creating package script '/home/mayo_poyo/ros2_ws2/install/go_to_goal/share/go_to_goal/package.zsh'
[1.006s] Level 1:colcon.colcon_core.environment:create_file_with_runtime_dependencies(/home/mayo_poyo/ros2_ws2/install/go_to_goal/share/colcon-core/packages/go_to_goal)
[1.012s] Level 1:colcon.colcon_core.environment:checking '/home/mayo_poyo/ros2_ws2/install/python_parameters' for CMake module files
[1.013s] DEBUG:colcon.colcon_core.event_handler.log_command:Invoked command in '/home/mayo_poyo/ros2_ws2/src/python_parameters' returned '0': DEBUGINFOD_URLS=https://debuginfod.ubuntu.com PYTHONPATH=/home/mayo_poyo/ros2_ws2/build/python_parameters/prefix_override:/usr/lib/python3/dist-packages/colcon_core/task/python/colcon_distutils_commands:/home/mayo_poyo/ros2_ws2/install/python_parameters/lib/python3.12/site-packages:${PYTHONPATH} /usr/bin/python3 -W ignore:setup.py install is deprecated setup.py egg_info --egg-base ../../build/python_parameters build --build-base /home/mayo_poyo/ros2_ws2/build/python_parameters/build install --record /home/mayo_poyo/ros2_ws2/build/python_parameters/install.log --single-version-externally-managed install_data
[1.014s] Level 1:colcon.colcon_core.environment:checking '/home/mayo_poyo/ros2_ws2/install/python_parameters' for CMake config files
[1.015s] Level 1:colcon.colcon_core.environment:checking '/home/mayo_poyo/ros2_ws2/install/python_parameters/lib'
[1.015s] Level 1:colcon.colcon_core.environment:checking '/home/mayo_poyo/ros2_ws2/install/python_parameters/bin'
[1.015s] Level 1:colcon.colcon_core.environment:checking '/home/mayo_poyo/ros2_ws2/install/python_parameters/lib/pkgconfig/python_parameters.pc'
[1.016s] Level 1:colcon.colcon_core.environment:checking '/home/mayo_poyo/ros2_ws2/install/python_parameters/lib/python3.12/site-packages'
[1.016s] Level 1:colcon.colcon_core.shell:create_environment_hook('python_parameters', 'pythonpath')
[1.016s] INFO:colcon.colcon_core.shell:Creating environment hook '/home/mayo_poyo/ros2_ws2/install/python_parameters/share/python_parameters/hook/pythonpath.ps1'
[1.017s] INFO:colcon.colcon_core.shell:Creating environment descriptor '/home/mayo_poyo/ros2_ws2/install/python_parameters/share/python_parameters/hook/pythonpath.dsv'
[1.017s] INFO:colcon.colcon_core.shell:Creating environment hook '/home/mayo_poyo/ros2_ws2/install/python_parameters/share/python_parameters/hook/pythonpath.sh'
[1.017s] Level 1:colcon.colcon_core.environment:checking '/home/mayo_poyo/ros2_ws2/install/python_parameters/bin'
[1.018s] Level 1:colcon.colcon_core.environment:create_environment_scripts_only(python_parameters)
[1.018s] INFO:colcon.colcon_core.shell:Creating package script '/home/mayo_poyo/ros2_ws2/install/python_parameters/share/python_parameters/package.ps1'
[1.018s] INFO:colcon.colcon_core.shell:Creating package descriptor '/home/mayo_poyo/ros2_ws2/install/python_parameters/share/python_parameters/package.dsv'
[1.019s] INFO:colcon.colcon_core.shell:Creating package script '/home/mayo_poyo/ros2_ws2/install/python_parameters/share/python_parameters/package.sh'
[1.019s] INFO:colcon.colcon_core.shell:Creating package script '/home/mayo_poyo/ros2_ws2/install/python_parameters/share/python_parameters/package.bash'
[1.019s] INFO:colcon.colcon_core.shell:Creating package script '/home/mayo_poyo/ros2_ws2/install/python_parameters/share/python_parameters/package.zsh'
[1.020s] Level 1:colcon.colcon_core.environment:create_file_with_runtime_dependencies(/home/mayo_poyo/ros2_ws2/install/python_parameters/share/colcon-core/packages/python_parameters)
[1.134s] DEBUG:colcon.colcon_core.event_handler.log_command:Invoking command in '/home/mayo_poyo/ros2_ws2/src/py_srvcli': AMENT_PREFIX_PATH=/home/mayo_poyo/ros2_ws2/install/tutorial_interfaces:${AMENT_PREFIX_PATH} CMAKE_PREFIX_PATH=/home/mayo_poyo/ros2_ws2/install/tutorial_interfaces:${CMAKE_PREFIX_PATH} DEBUGINFOD_URLS=https://debuginfod.ubuntu.com LD_LIBRARY_PATH=/home/mayo_poyo/ros2_ws2/install/tutorial_interfaces/lib:${LD_LIBRARY_PATH} PYTHONPATH=/home/mayo_poyo/ros2_ws2/build/py_srvcli/prefix_override:/usr/lib/python3/dist-packages/colcon_core/task/python/colcon_distutils_commands:/home/mayo_poyo/ros2_ws2/install/py_srvcli/lib/python3.12/site-packages:/home/mayo_poyo/ros2_ws2/install/tutorial_interfaces/lib/python3.12/site-packages:${PYTHONPATH} /usr/bin/python3 -W ignore:setup.py install is deprecated setup.py egg_info --egg-base ../../build/py_srvcli build --build-base /home/mayo_poyo/ros2_ws2/build/py_srvcli/build install --record /home/mayo_poyo/ros2_ws2/build/py_srvcli/install.log --single-version-externally-managed install_data
[1.146s] DEBUG:colcon.colcon_core.event_handler.log_command:Invoking command in '/home/mayo_poyo/ros2_ws2/src/py_pubsub': AMENT_PREFIX_PATH=/home/mayo_poyo/ros2_ws2/install/tutorial_interfaces:${AMENT_PREFIX_PATH} CMAKE_PREFIX_PATH=/home/mayo_poyo/ros2_ws2/install/tutorial_interfaces:${CMAKE_PREFIX_PATH} DEBUGINFOD_URLS=https://debuginfod.ubuntu.com LD_LIBRARY_PATH=/home/mayo_poyo/ros2_ws2/install/tutorial_interfaces/lib:${LD_LIBRARY_PATH} PYTHONPATH=/home/mayo_poyo/ros2_ws2/build/py_pubsub/prefix_override:/usr/lib/python3/dist-packages/colcon_core/task/python/colcon_distutils_commands:/home/mayo_poyo/ros2_ws2/install/py_pubsub/lib/python3.12/site-packages:/home/mayo_poyo/ros2_ws2/install/tutorial_interfaces/lib/python3.12/site-packages:${PYTHONPATH} /usr/bin/python3 -W ignore:setup.py install is deprecated setup.py egg_info --egg-base ../../build/py_pubsub build --build-base /home/mayo_poyo/ros2_ws2/build/py_pubsub/build install --record /home/mayo_poyo/ros2_ws2/build/py_pubsub/install.log --single-version-externally-managed install_data
[1.373s] Level 1:colcon.colcon_core.environment:checking '/home/mayo_poyo/ros2_ws2/install/py_srvcli' for CMake module files
[1.374s] DEBUG:colcon.colcon_core.event_handler.log_command:Invoked command in '/home/mayo_poyo/ros2_ws2/src/py_srvcli' returned '0': AMENT_PREFIX_PATH=/home/mayo_poyo/ros2_ws2/install/tutorial_interfaces:${AMENT_PREFIX_PATH} CMAKE_PREFIX_PATH=/home/mayo_poyo/ros2_ws2/install/tutorial_interfaces:${CMAKE_PREFIX_PATH} DEBUGINFOD_URLS=https://debuginfod.ubuntu.com LD_LIBRARY_PATH=/home/mayo_poyo/ros2_ws2/install/tutorial_interfaces/lib:${LD_LIBRARY_PATH} PYTHONPATH=/home/mayo_poyo/ros2_ws2/build/py_srvcli/prefix_override:/usr/lib/python3/dist-packages/colcon_core/task/python/colcon_distutils_commands:/home/mayo_poyo/ros2_ws2/install/py_srvcli/lib/python3.12/site-packages:/home/mayo_poyo/ros2_ws2/install/tutorial_interfaces/lib/python3.12/site-packages:${PYTHONPATH} /usr/bin/python3 -W ignore:setup.py install is deprecated setup.py egg_info --egg-base ../../build/py_srvcli build --build-base /home/mayo_poyo/ros2_ws2/build/py_srvcli/build install --record /home/mayo_poyo/ros2_ws2/build/py_srvcli/install.log --single-version-externally-managed install_data
[1.374s] Level 1:colcon.colcon_core.environment:checking '/home/mayo_poyo/ros2_ws2/install/py_srvcli' for CMake config files
[1.375s] Level 1:colcon.colcon_core.environment:checking '/home/mayo_poyo/ros2_ws2/install/py_srvcli/lib'
[1.375s] Level 1:colcon.colcon_core.environment:checking '/home/mayo_poyo/ros2_ws2/install/py_srvcli/bin'
[1.375s] Level 1:colcon.colcon_core.environment:checking '/home/mayo_poyo/ros2_ws2/install/py_srvcli/lib/pkgconfig/py_srvcli.pc'
[1.376s] Level 1:colcon.colcon_core.environment:checking '/home/mayo_poyo/ros2_ws2/install/py_srvcli/lib/python3.12/site-packages'
[1.376s] Level 1:colcon.colcon_core.shell:create_environment_hook('py_srvcli', 'pythonpath')
[1.376s] INFO:colcon.colcon_core.shell:Creating environment hook '/home/mayo_poyo/ros2_ws2/install/py_srvcli/share/py_srvcli/hook/pythonpath.ps1'
[1.376s] INFO:colcon.colcon_core.shell:Creating environment descriptor '/home/mayo_poyo/ros2_ws2/install/py_srvcli/share/py_srvcli/hook/pythonpath.dsv'
[1.377s] INFO:colcon.colcon_core.shell:Creating environment hook '/home/mayo_poyo/ros2_ws2/install/py_srvcli/share/py_srvcli/hook/pythonpath.sh'
[1.377s] Level 1:colcon.colcon_core.environment:checking '/home/mayo_poyo/ros2_ws2/install/py_srvcli/bin'
[1.377s] Level 1:colcon.colcon_core.environment:create_environment_scripts_only(py_srvcli)
[1.377s] INFO:colcon.colcon_core.shell:Creating package script '/home/mayo_poyo/ros2_ws2/install/py_srvcli/share/py_srvcli/package.ps1'
[1.378s] INFO:colcon.colcon_core.shell:Creating package descriptor '/home/mayo_poyo/ros2_ws2/install/py_srvcli/share/py_srvcli/package.dsv'
[1.378s] INFO:colcon.colcon_core.shell:Creating package script '/home/mayo_poyo/ros2_ws2/install/py_srvcli/share/py_srvcli/package.sh'
[1.379s] INFO:colcon.colcon_core.shell:Creating package script '/home/mayo_poyo/ros2_ws2/install/py_srvcli/share/py_srvcli/package.bash'
[1.379s] INFO:colcon.colcon_core.shell:Creating package script '/home/mayo_poyo/ros2_ws2/install/py_srvcli/share/py_srvcli/package.zsh'
[1.379s] Level 1:colcon.colcon_core.environment:create_file_with_runtime_dependencies(/home/mayo_poyo/ros2_ws2/install/py_srvcli/share/colcon-core/packages/py_srvcli)
[1.382s] Level 1:colcon.colcon_core.environment:checking '/home/mayo_poyo/ros2_ws2/install/py_pubsub' for CMake module files
[1.382s] DEBUG:colcon.colcon_core.event_handler.log_command:Invoked command in '/home/mayo_poyo/ros2_ws2/src/py_pubsub' returned '0': AMENT_PREFIX_PATH=/home/mayo_poyo/ros2_ws2/install/tutorial_interfaces:${AMENT_PREFIX_PATH} CMAKE_PREFIX_PATH=/home/mayo_poyo/ros2_ws2/install/tutorial_interfaces:${CMAKE_PREFIX_PATH} DEBUGINFOD_URLS=https://debuginfod.ubuntu.com LD_LIBRARY_PATH=/home/mayo_poyo/ros2_ws2/install/tutorial_interfaces/lib:${LD_LIBRARY_PATH} PYTHONPATH=/home/mayo_poyo/ros2_ws2/build/py_pubsub/prefix_override:/usr/lib/python3/dist-packages/colcon_core/task/python/colcon_distutils_commands:/home/mayo_poyo/ros2_ws2/install/py_pubsub/lib/python3.12/site-packages:/home/mayo_poyo/ros2_ws2/install/tutorial_interfaces/lib/python3.12/site-packages:${PYTHONPATH} /usr/bin/python3 -W ignore:setup.py install is deprecated setup.py egg_info --egg-base ../../build/py_pubsub build --build-base /home/mayo_poyo/ros2_ws2/build/py_pubsub/build install --record /home/mayo_poyo/ros2_ws2/build/py_pubsub/install.log --single-version-externally-managed install_data
[1.383s] Level 1:colcon.colcon_core.environment:checking '/home/mayo_poyo/ros2_ws2/install/py_pubsub' for CMake config files
[1.384s] Level 1:colcon.colcon_core.environment:checking '/home/mayo_poyo/ros2_ws2/install/py_pubsub/lib'
[1.384s] Level 1:colcon.colcon_core.environment:checking '/home/mayo_poyo/ros2_ws2/install/py_pubsub/bin'
[1.384s] Level 1:colcon.colcon_core.environment:checking '/home/mayo_poyo/ros2_ws2/install/py_pubsub/lib/pkgconfig/py_pubsub.pc'
[1.385s] Level 1:colcon.colcon_core.environment:checking '/home/mayo_poyo/ros2_ws2/install/py_pubsub/lib/python3.12/site-packages'
[1.385s] Level 1:colcon.colcon_core.shell:create_environment_hook('py_pubsub', 'pythonpath')
[1.385s] INFO:colcon.colcon_core.shell:Creating environment hook '/home/mayo_poyo/ros2_ws2/install/py_pubsub/share/py_pubsub/hook/pythonpath.ps1'
[1.386s] INFO:colcon.colcon_core.shell:Creating environment descriptor '/home/mayo_poyo/ros2_ws2/install/py_pubsub/share/py_pubsub/hook/pythonpath.dsv'
[1.386s] INFO:colcon.colcon_core.shell:Creating environment hook '/home/mayo_poyo/ros2_ws2/install/py_pubsub/share/py_pubsub/hook/pythonpath.sh'
[1.387s] Level 1:colcon.colcon_core.environment:checking '/home/mayo_poyo/ros2_ws2/install/py_pubsub/bin'
[1.387s] Level 1:colcon.colcon_core.environment:create_environment_scripts_only(py_pubsub)
[1.387s] INFO:colcon.colcon_core.shell:Creating package script '/home/mayo_poyo/ros2_ws2/install/py_pubsub/share/py_pubsub/package.ps1'
[1.387s] INFO:colcon.colcon_core.shell:Creating package descriptor '/home/mayo_poyo/ros2_ws2/install/py_pubsub/share/py_pubsub/package.dsv'
[1.388s] INFO:colcon.colcon_core.shell:Creating package script '/home/mayo_poyo/ros2_ws2/install/py_pubsub/share/py_pubsub/package.sh'
[1.388s] INFO:colcon.colcon_core.shell:Creating package script '/home/mayo_poyo/ros2_ws2/install/py_pubsub/share/py_pubsub/package.bash'
[1.388s] INFO:colcon.colcon_core.shell:Creating package script '/home/mayo_poyo/ros2_ws2/install/py_pubsub/share/py_pubsub/package.zsh'
[1.389s] Level 1:colcon.colcon_core.environment:create_file_with_runtime_dependencies(/home/mayo_poyo/ros2_ws2/install/py_pubsub/share/colcon-core/packages/py_pubsub)
[1.389s] DEBUG:colcon.colcon_parallel_executor.executor.parallel:closing loop
[1.389s] DEBUG:colcon.colcon_parallel_executor.executor.parallel:loop closed
[1.389s] DEBUG:colcon.colcon_parallel_executor.executor.parallel:run_until_complete finished with '0'
[1.389s] DEBUG:colcon.colcon_core.event_reactor:joining thread
[1.395s] INFO:colcon.colcon_core.plugin_system:Skipping extension 'colcon_notification.desktop_notification.terminal_notifier': Not used on non-Darwin systems
[1.395s] INFO:colcon.colcon_core.plugin_system:Skipping extension 'colcon_notification.desktop_notification.win32': Not used on non-Windows systems
[1.395s] INFO:colcon.colcon_notification.desktop_notification:Sending desktop notification using 'notify2'
[1.411s] DEBUG:colcon.colcon_core.event_reactor:joined thread
[1.411s] INFO:colcon.colcon_core.shell:Creating prefix script '/home/mayo_poyo/ros2_ws2/install/local_setup.ps1'
[1.412s] INFO:colcon.colcon_core.shell:Creating prefix util module '/home/mayo_poyo/ros2_ws2/install/_local_setup_util_ps1.py'
[1.413s] INFO:colcon.colcon_core.shell:Creating prefix chain script '/home/mayo_poyo/ros2_ws2/install/setup.ps1'
[1.414s] INFO:colcon.colcon_core.shell:Creating prefix script '/home/mayo_poyo/ros2_ws2/install/local_setup.sh'
[1.415s] INFO:colcon.colcon_core.shell:Creating prefix util module '/home/mayo_poyo/ros2_ws2/install/_local_setup_util_sh.py'
[1.415s] INFO:colcon.colcon_core.shell:Creating prefix chain script '/home/mayo_poyo/ros2_ws2/install/setup.sh'
[1.416s] INFO:colcon.colcon_core.shell:Creating prefix script '/home/mayo_poyo/ros2_ws2/install/local_setup.bash'
[1.417s] INFO:colcon.colcon_core.shell:Creating prefix chain script '/home/mayo_poyo/ros2_ws2/install/setup.bash'
[1.418s] INFO:colcon.colcon_core.shell:Creating prefix script '/home/mayo_poyo/ros2_ws2/install/local_setup.zsh'
[1.418s] INFO:colcon.colcon_core.shell:Creating prefix chain script '/home/mayo_poyo/ros2_ws2/install/setup.zsh'
