[0.046s] DEBUG:colcon:Command line arguments: ['/usr/bin/colcon', 'build']
[0.046s] DEBUG:colcon:Parsed command line arguments: Namespace(log_base=None, log_level=None, verb_name='build', build_base='build', install_base='install', merge_install=False, symlink_install=False, test_result_base=None, continue_on_error=False, executor='parallel', parallel_workers=8, event_handlers=None, ignore_user_meta=False, metas=['./colcon.meta'], base_paths=['.'], packages_ignore=None, packages_ignore_regex=None, paths=None, packages_up_to=None, packages_up_to_regex=None, packages_above=None, packages_above_and_dependencies=None, packages_above_depth=None, packages_select_by_dep=None, packages_skip_by_dep=None, packages_skip_up_to=None, packages_select_build_failed=False, packages_skip_build_finished=False, packages_select_test_failures=False, packages_skip_test_passed=False, packages_select=None, packages_skip=None, packages_select_regex=None, packages_skip_regex=None, packages_start=None, packages_end=None, allow_overriding=[], cmake_args=None, cmake_target=None, cmake_target_skip_unavailable=False, cmake_clean_cache=False, cmake_clean_first=False, cmake_force_configure=False, ament_cmake_args=None, catkin_cmake_args=None, catkin_skip_building_tests=False, mixin_files=None, mixin=None, verb_parser=<colcon_mixin.mixin.mixin_argument.MixinArgumentDecorator object at 0xffff9d053170>, verb_extension=<colcon_core.verb.build.BuildVerb object at 0xffff9c54e360>, main=<bound method BuildVerb.main of <colcon_core.verb.build.BuildVerb object at 0xffff9c54e360>>, mixin_verb=('build',))
[0.063s] Level 1:colcon.colcon_core.package_discovery:discover_packages(colcon_meta) check parameters
[0.063s] Level 1:colcon.colcon_core.package_discovery:discover_packages(recursive) check parameters
[0.063s] Level 1:colcon.colcon_core.package_discovery:discover_packages(ignore) check parameters
[0.063s] Level 1:colcon.colcon_core.package_discovery:discover_packages(path) check parameters
[0.063s] Level 1:colcon.colcon_core.package_discovery:discover_packages(colcon_meta) discover
[0.063s] Level 1:colcon.colcon_core.package_discovery:discover_packages(recursive) discover
[0.063s] INFO:colcon.colcon_core.package_discovery:Crawling recursively for packages in '/home/mayo_poyo/ros2_ws2'
[0.063s] Level 1:colcon.colcon_core.package_identification:_identify(.) by extensions ['ignore', 'ignore_ament_install']
[0.063s] Level 1:colcon.colcon_core.package_identification:_identify(.) by extension 'ignore'
[0.063s] Level 1:colcon.colcon_core.package_identification:_identify(.) by extension 'ignore_ament_install'
[0.063s] Level 1:colcon.colcon_core.package_identification:_identify(.) by extensions ['colcon_pkg']
[0.063s] Level 1:colcon.colcon_core.package_identification:_identify(.) by extension 'colcon_pkg'
[0.063s] Level 1:colcon.colcon_core.package_identification:_identify(.) by extensions ['colcon_meta']
[0.063s] Level 1:colcon.colcon_core.package_identification:_identify(.) by extension 'colcon_meta'
[0.063s] Level 1:colcon.colcon_core.package_identification:_identify(.) by extensions ['ros']
[0.063s] Level 1:colcon.colcon_core.package_identification:_identify(.) by extension 'ros'
[0.075s] Level 1:colcon.colcon_core.package_identification:_identify(.) by extensions ['cmake', 'python']
[0.075s] Level 1:colcon.colcon_core.package_identification:_identify(.) by extension 'cmake'
[0.075s] Level 1:colcon.colcon_core.package_identification:_identify(.) by extension 'python'
[0.075s] Level 1:colcon.colcon_core.package_identification:_identify(.) by extensions ['python_setup_py']
[0.075s] Level 1:colcon.colcon_core.package_identification:_identify(.) by extension 'python_setup_py'
[0.075s] Level 1:colcon.colcon_core.package_identification:_identify(build) by extensions ['ignore', 'ignore_ament_install']
[0.075s] Level 1:colcon.colcon_core.package_identification:_identify(build) by extension 'ignore'
[0.075s] Level 1:colcon.colcon_core.package_identification:_identify(build) ignored
[0.075s] Level 1:colcon.colcon_core.package_identification:_identify(install) by extensions ['ignore', 'ignore_ament_install']
[0.076s] Level 1:colcon.colcon_core.package_identification:_identify(install) by extension 'ignore'
[0.076s] Level 1:colcon.colcon_core.package_identification:_identify(install) ignored
[0.076s] Level 1:colcon.colcon_core.package_identification:_identify(log) by extensions ['ignore', 'ignore_ament_install']
[0.076s] Level 1:colcon.colcon_core.package_identification:_identify(log) by extension 'ignore'
[0.076s] Level 1:colcon.colcon_core.package_identification:_identify(log) ignored
[0.076s] Level 1:colcon.colcon_core.package_identification:_identify(src) by extensions ['ignore', 'ignore_ament_install']
[0.076s] Level 1:colcon.colcon_core.package_identification:_identify(src) by extension 'ignore'
[0.076s] Level 1:colcon.colcon_core.package_identification:_identify(src) by extension 'ignore_ament_install'
[0.076s] Level 1:colcon.colcon_core.package_identification:_identify(src) by extensions ['colcon_pkg']
[0.076s] Level 1:colcon.colcon_core.package_identification:_identify(src) by extension 'colcon_pkg'
[0.076s] Level 1:colcon.colcon_core.package_identification:_identify(src) by extensions ['colcon_meta']
[0.076s] Level 1:colcon.colcon_core.package_identification:_identify(src) by extension 'colcon_meta'
[0.076s] Level 1:colcon.colcon_core.package_identification:_identify(src) by extensions ['ros']
[0.076s] Level 1:colcon.colcon_core.package_identification:_identify(src) by extension 'ros'
[0.076s] Level 1:colcon.colcon_core.package_identification:_identify(src) by extensions ['cmake', 'python']
[0.076s] Level 1:colcon.colcon_core.package_identification:_identify(src) by extension 'cmake'
[0.076s] Level 1:colcon.colcon_core.package_identification:_identify(src) by extension 'python'
[0.076s] Level 1:colcon.colcon_core.package_identification:_identify(src) by extensions ['python_setup_py']
[0.076s] Level 1:colcon.colcon_core.package_identification:_identify(src) by extension 'python_setup_py'
[0.076s] Level 1:colcon.colcon_core.package_identification:_identify(src/py_pubsub) by extensions ['ignore', 'ignore_ament_install']
[0.076s] Level 1:colcon.colcon_core.package_identification:_identify(src/py_pubsub) by extension 'ignore'
[0.076s] Level 1:colcon.colcon_core.package_identification:_identify(src/py_pubsub) by extension 'ignore_ament_install'
[0.076s] Level 1:colcon.colcon_core.package_identification:_identify(src/py_pubsub) by extensions ['colcon_pkg']
[0.076s] Level 1:colcon.colcon_core.package_identification:_identify(src/py_pubsub) by extension 'colcon_pkg'
[0.076s] Level 1:colcon.colcon_core.package_identification:_identify(src/py_pubsub) by extensions ['colcon_meta']
[0.076s] Level 1:colcon.colcon_core.package_identification:_identify(src/py_pubsub) by extension 'colcon_meta'
[0.076s] Level 1:colcon.colcon_core.package_identification:_identify(src/py_pubsub) by extensions ['ros']
[0.076s] Level 1:colcon.colcon_core.package_identification:_identify(src/py_pubsub) by extension 'ros'
[0.077s] DEBUG:colcon.colcon_core.package_identification:Package 'src/py_pubsub' with type 'ros.ament_python' and name 'py_pubsub'
[0.077s] Level 1:colcon.colcon_core.package_identification:_identify(src/py_srvcli) by extensions ['ignore', 'ignore_ament_install']
[0.077s] Level 1:colcon.colcon_core.package_identification:_identify(src/py_srvcli) by extension 'ignore'
[0.077s] Level 1:colcon.colcon_core.package_identification:_identify(src/py_srvcli) by extension 'ignore_ament_install'
[0.077s] Level 1:colcon.colcon_core.package_identification:_identify(src/py_srvcli) by extensions ['colcon_pkg']
[0.077s] Level 1:colcon.colcon_core.package_identification:_identify(src/py_srvcli) by extension 'colcon_pkg'
[0.077s] Level 1:colcon.colcon_core.package_identification:_identify(src/py_srvcli) by extensions ['colcon_meta']
[0.077s] Level 1:colcon.colcon_core.package_identification:_identify(src/py_srvcli) by extension 'colcon_meta'
[0.077s] Level 1:colcon.colcon_core.package_identification:_identify(src/py_srvcli) by extensions ['ros']
[0.077s] Level 1:colcon.colcon_core.package_identification:_identify(src/py_srvcli) by extension 'ros'
[0.077s] DEBUG:colcon.colcon_core.package_identification:Package 'src/py_srvcli' with type 'ros.ament_python' and name 'py_srvcli'
[0.078s] Level 1:colcon.colcon_core.package_identification:_identify(src/tutorial_interfaces) by extensions ['ignore', 'ignore_ament_install']
[0.078s] Level 1:colcon.colcon_core.package_identification:_identify(src/tutorial_interfaces) by extension 'ignore'
[0.078s] Level 1:colcon.colcon_core.package_identification:_identify(src/tutorial_interfaces) by extension 'ignore_ament_install'
[0.078s] Level 1:colcon.colcon_core.package_identification:_identify(src/tutorial_interfaces) by extensions ['colcon_pkg']
[0.078s] Level 1:colcon.colcon_core.package_identification:_identify(src/tutorial_interfaces) by extension 'colcon_pkg'
[0.078s] Level 1:colcon.colcon_core.package_identification:_identify(src/tutorial_interfaces) by extensions ['colcon_meta']
[0.078s] Level 1:colcon.colcon_core.package_identification:_identify(src/tutorial_interfaces) by extension 'colcon_meta'
[0.078s] Level 1:colcon.colcon_core.package_identification:_identify(src/tutorial_interfaces) by extensions ['ros']
[0.078s] Level 1:colcon.colcon_core.package_identification:_identify(src/tutorial_interfaces) by extension 'ros'
[0.078s] DEBUG:colcon.colcon_core.package_identification:Package 'src/tutorial_interfaces' with type 'ros.ament_cmake' and name 'tutorial_interfaces'
[0.078s] Level 1:colcon.colcon_core.package_discovery:discover_packages(recursive) using defaults
[0.078s] Level 1:colcon.colcon_core.package_discovery:discover_packages(ignore) discover
[0.078s] Level 1:colcon.colcon_core.package_discovery:discover_packages(ignore) using defaults
[0.078s] Level 1:colcon.colcon_core.package_discovery:discover_packages(path) discover
[0.078s] Level 1:colcon.colcon_core.package_discovery:discover_packages(path) using defaults
[0.086s] Level 1:colcon.colcon_core.package_discovery:discover_packages(prefix_path) check parameters
[0.086s] Level 1:colcon.colcon_core.package_discovery:discover_packages(prefix_path) discover
[0.088s] DEBUG:colcon.colcon_installed_package_information.package_discovery:Found 382 installed packages in /opt/ros/jazzy
[0.088s] Level 1:colcon.colcon_core.package_discovery:discover_packages(prefix_path) using defaults
[0.112s] Level 5:colcon.colcon_core.verb:set package 'py_pubsub' build argument 'cmake_args' from command line to 'None'
[0.112s] Level 5:colcon.colcon_core.verb:set package 'py_pubsub' build argument 'cmake_target' from command line to 'None'
[0.112s] Level 5:colcon.colcon_core.verb:set package 'py_pubsub' build argument 'cmake_target_skip_unavailable' from command line to 'False'
[0.112s] Level 5:colcon.colcon_core.verb:set package 'py_pubsub' build argument 'cmake_clean_cache' from command line to 'False'
[0.112s] Level 5:colcon.colcon_core.verb:set package 'py_pubsub' build argument 'cmake_clean_first' from command line to 'False'
[0.112s] Level 5:colcon.colcon_core.verb:set package 'py_pubsub' build argument 'cmake_force_configure' from command line to 'False'
[0.112s] Level 5:colcon.colcon_core.verb:set package 'py_pubsub' build argument 'ament_cmake_args' from command line to 'None'
[0.112s] Level 5:colcon.colcon_core.verb:set package 'py_pubsub' build argument 'catkin_cmake_args' from command line to 'None'
[0.112s] Level 5:colcon.colcon_core.verb:set package 'py_pubsub' build argument 'catkin_skip_building_tests' from command line to 'False'
[0.112s] DEBUG:colcon.colcon_core.verb:Building package 'py_pubsub' with the following arguments: {'ament_cmake_args': None, 'build_base': '/home/mayo_poyo/ros2_ws2/build/py_pubsub', 'catkin_cmake_args': None, 'catkin_skip_building_tests': False, 'cmake_args': None, 'cmake_clean_cache': False, 'cmake_clean_first': False, 'cmake_force_configure': False, 'cmake_target': None, 'cmake_target_skip_unavailable': False, 'install_base': '/home/mayo_poyo/ros2_ws2/install/py_pubsub', 'merge_install': False, 'path': '/home/mayo_poyo/ros2_ws2/src/py_pubsub', 'symlink_install': False, 'test_result_base': None}
[0.112s] Level 5:colcon.colcon_core.verb:set package 'py_srvcli' build argument 'cmake_args' from command line to 'None'
[0.112s] Level 5:colcon.colcon_core.verb:set package 'py_srvcli' build argument 'cmake_target' from command line to 'None'
[0.112s] Level 5:colcon.colcon_core.verb:set package 'py_srvcli' build argument 'cmake_target_skip_unavailable' from command line to 'False'
[0.112s] Level 5:colcon.colcon_core.verb:set package 'py_srvcli' build argument 'cmake_clean_cache' from command line to 'False'
[0.112s] Level 5:colcon.colcon_core.verb:set package 'py_srvcli' build argument 'cmake_clean_first' from command line to 'False'
[0.112s] Level 5:colcon.colcon_core.verb:set package 'py_srvcli' build argument 'cmake_force_configure' from command line to 'False'
[0.112s] Level 5:colcon.colcon_core.verb:set package 'py_srvcli' build argument 'ament_cmake_args' from command line to 'None'
[0.112s] Level 5:colcon.colcon_core.verb:set package 'py_srvcli' build argument 'catkin_cmake_args' from command line to 'None'
[0.112s] Level 5:colcon.colcon_core.verb:set package 'py_srvcli' build argument 'catkin_skip_building_tests' from command line to 'False'
[0.112s] DEBUG:colcon.colcon_core.verb:Building package 'py_srvcli' with the following arguments: {'ament_cmake_args': None, 'build_base': '/home/mayo_poyo/ros2_ws2/build/py_srvcli', 'catkin_cmake_args': None, 'catkin_skip_building_tests': False, 'cmake_args': None, 'cmake_clean_cache': False, 'cmake_clean_first': False, 'cmake_force_configure': False, 'cmake_target': None, 'cmake_target_skip_unavailable': False, 'install_base': '/home/mayo_poyo/ros2_ws2/install/py_srvcli', 'merge_install': False, 'path': '/home/mayo_poyo/ros2_ws2/src/py_srvcli', 'symlink_install': False, 'test_result_base': None}
[0.113s] Level 5:colcon.colcon_core.verb:set package 'tutorial_interfaces' build argument 'cmake_args' from command line to 'None'
[0.113s] Level 5:colcon.colcon_core.verb:set package 'tutorial_interfaces' build argument 'cmake_target' from command line to 'None'
[0.113s] Level 5:colcon.colcon_core.verb:set package 'tutorial_interfaces' build argument 'cmake_target_skip_unavailable' from command line to 'False'
[0.113s] Level 5:colcon.colcon_core.verb:set package 'tutorial_interfaces' build argument 'cmake_clean_cache' from command line to 'False'
[0.113s] Level 5:colcon.colcon_core.verb:set package 'tutorial_interfaces' build argument 'cmake_clean_first' from command line to 'False'
[0.113s] Level 5:colcon.colcon_core.verb:set package 'tutorial_interfaces' build argument 'cmake_force_configure' from command line to 'False'
[0.113s] Level 5:colcon.colcon_core.verb:set package 'tutorial_interfaces' build argument 'ament_cmake_args' from command line to 'None'
[0.113s] Level 5:colcon.colcon_core.verb:set package 'tutorial_interfaces' build argument 'catkin_cmake_args' from command line to 'None'
[0.113s] Level 5:colcon.colcon_core.verb:set package 'tutorial_interfaces' build argument 'catkin_skip_building_tests' from command line to 'False'
[0.113s] DEBUG:colcon.colcon_core.verb:Building package 'tutorial_interfaces' with the following arguments: {'ament_cmake_args': None, 'build_base': '/home/mayo_poyo/ros2_ws2/build/tutorial_interfaces', 'catkin_cmake_args': None, 'catkin_skip_building_tests': False, 'cmake_args': None, 'cmake_clean_cache': False, 'cmake_clean_first': False, 'cmake_force_configure': False, 'cmake_target': None, 'cmake_target_skip_unavailable': False, 'install_base': '/home/mayo_poyo/ros2_ws2/install/tutorial_interfaces', 'merge_install': False, 'path': '/home/mayo_poyo/ros2_ws2/src/tutorial_interfaces', 'symlink_install': False, 'test_result_base': None}
[0.113s] INFO:colcon.colcon_core.executor:Executing jobs using 'parallel' executor
[0.113s] DEBUG:colcon.colcon_parallel_executor.executor.parallel:run_until_complete
[0.113s] INFO:colcon.colcon_ros.task.ament_python.build:Building ROS package in '/home/mayo_poyo/ros2_ws2/src/py_pubsub' with build type 'ament_python'
[0.114s] Level 1:colcon.colcon_core.shell:create_environment_hook('py_pubsub', 'ament_prefix_path')
[0.115s] INFO:colcon.colcon_core.plugin_system:Skipping extension 'colcon_core.shell.bat': Not used on non-Windows systems
[0.115s] INFO:colcon.colcon_core.shell:Creating environment hook '/home/mayo_poyo/ros2_ws2/install/py_pubsub/share/py_pubsub/hook/ament_prefix_path.ps1'
[0.116s] INFO:colcon.colcon_core.shell:Creating environment descriptor '/home/mayo_poyo/ros2_ws2/install/py_pubsub/share/py_pubsub/hook/ament_prefix_path.dsv'
[0.116s] INFO:colcon.colcon_core.shell:Creating environment hook '/home/mayo_poyo/ros2_ws2/install/py_pubsub/share/py_pubsub/hook/ament_prefix_path.sh'
[0.116s] INFO:colcon.colcon_core.shell:Skip shell extension 'powershell' for command environment: Not usable outside of PowerShell
[0.116s] DEBUG:colcon.colcon_core.shell:Skip shell extension 'dsv' for command environment
[0.118s] INFO:colcon.colcon_ros.task.ament_python.build:Building ROS package in '/home/mayo_poyo/ros2_ws2/src/py_srvcli' with build type 'ament_python'
[0.118s] Level 1:colcon.colcon_core.shell:create_environment_hook('py_srvcli', 'ament_prefix_path')
[0.118s] INFO:colcon.colcon_core.shell:Creating environment hook '/home/mayo_poyo/ros2_ws2/install/py_srvcli/share/py_srvcli/hook/ament_prefix_path.ps1'
[0.119s] INFO:colcon.colcon_core.shell:Creating environment descriptor '/home/mayo_poyo/ros2_ws2/install/py_srvcli/share/py_srvcli/hook/ament_prefix_path.dsv'
[0.119s] INFO:colcon.colcon_core.shell:Creating environment hook '/home/mayo_poyo/ros2_ws2/install/py_srvcli/share/py_srvcli/hook/ament_prefix_path.sh'
[0.119s] INFO:colcon.colcon_core.shell:Skip shell extension 'powershell' for command environment: Not usable outside of PowerShell
[0.119s] DEBUG:colcon.colcon_core.shell:Skip shell extension 'dsv' for command environment
[0.120s] INFO:colcon.colcon_ros.task.ament_cmake.build:Building ROS package in '/home/mayo_poyo/ros2_ws2/src/tutorial_interfaces' with build type 'ament_cmake'
[0.120s] INFO:colcon.colcon_cmake.task.cmake.build:Building CMake package in '/home/mayo_poyo/ros2_ws2/src/tutorial_interfaces'
[0.120s] INFO:colcon.colcon_core.shell:Skip shell extension 'powershell' for command environment: Not usable outside of PowerShell
[0.120s] DEBUG:colcon.colcon_core.shell:Skip shell extension 'dsv' for command environment
[0.217s] INFO:colcon.colcon_core.task.python.build:Building Python package in '/home/mayo_poyo/ros2_ws2/src/py_pubsub'
[0.217s] INFO:colcon.colcon_core.shell:Skip shell extension 'powershell' for command environment: Not usable outside of PowerShell
[0.217s] DEBUG:colcon.colcon_core.shell:Skip shell extension 'dsv' for command environment
[0.310s] INFO:colcon.colcon_core.task.python.build:Building Python package in '/home/mayo_poyo/ros2_ws2/src/py_srvcli'
[0.310s] INFO:colcon.colcon_core.shell:Skip shell extension 'powershell' for command environment: Not usable outside of PowerShell
[0.310s] DEBUG:colcon.colcon_core.shell:Skip shell extension 'dsv' for command environment
[0.314s] DEBUG:colcon.colcon_core.event_handler.log_command:Invoking command in '/home/mayo_poyo/ros2_ws2/build/tutorial_interfaces': CMAKE_PREFIX_PATH=${CMAKE_PREFIX_PATH}:/opt/ros/jazzy DEBUGINFOD_URLS=https://debuginfod.ubuntu.com /usr/bin/cmake /home/mayo_poyo/ros2_ws2/src/tutorial_interfaces -DCMAKE_INSTALL_PREFIX=/home/mayo_poyo/ros2_ws2/install/tutorial_interfaces
[0.572s] DEBUG:colcon.colcon_core.event_handler.log_command:Invoking command in '/home/mayo_poyo/ros2_ws2/src/py_srvcli': DEBUGINFOD_URLS=https://debuginfod.ubuntu.com PYTHONPATH=/home/mayo_poyo/ros2_ws2/build/py_srvcli/prefix_override:/usr/lib/python3/dist-packages/colcon_core/task/python/colcon_distutils_commands:/home/mayo_poyo/ros2_ws2/install/py_srvcli/lib/python3.12/site-packages:${PYTHONPATH} /usr/bin/python3 -W ignore:setup.py install is deprecated setup.py egg_info --egg-base ../../build/py_srvcli build --build-base /home/mayo_poyo/ros2_ws2/build/py_srvcli/build install --record /home/mayo_poyo/ros2_ws2/build/py_srvcli/install.log --single-version-externally-managed install_data
[0.600s] DEBUG:colcon.colcon_core.event_handler.log_command:Invoking command in '/home/mayo_poyo/ros2_ws2/src/py_pubsub': DEBUGINFOD_URLS=https://debuginfod.ubuntu.com PYTHONPATH=/home/mayo_poyo/ros2_ws2/build/py_pubsub/prefix_override:/usr/lib/python3/dist-packages/colcon_core/task/python/colcon_distutils_commands:/home/mayo_poyo/ros2_ws2/install/py_pubsub/lib/python3.12/site-packages:${PYTHONPATH} /usr/bin/python3 -W ignore:setup.py install is deprecated setup.py egg_info --egg-base ../../build/py_pubsub build --build-base /home/mayo_poyo/ros2_ws2/build/py_pubsub/build install --record /home/mayo_poyo/ros2_ws2/build/py_pubsub/install.log --single-version-externally-managed install_data
[0.836s] DEBUG:colcon.colcon_core.event_handler.log_command:Invoked command in '/home/mayo_poyo/ros2_ws2/src/py_srvcli' returned '0': DEBUGINFOD_URLS=https://debuginfod.ubuntu.com PYTHONPATH=/home/mayo_poyo/ros2_ws2/build/py_srvcli/prefix_override:/usr/lib/python3/dist-packages/colcon_core/task/python/colcon_distutils_commands:/home/mayo_poyo/ros2_ws2/install/py_srvcli/lib/python3.12/site-packages:${PYTHONPATH} /usr/bin/python3 -W ignore:setup.py install is deprecated setup.py egg_info --egg-base ../../build/py_srvcli build --build-base /home/mayo_poyo/ros2_ws2/build/py_srvcli/build install --record /home/mayo_poyo/ros2_ws2/build/py_srvcli/install.log --single-version-externally-managed install_data
[0.837s] Level 1:colcon.colcon_core.environment:checking '/home/mayo_poyo/ros2_ws2/install/py_srvcli' for CMake module files
[0.837s] Level 1:colcon.colcon_core.environment:checking '/home/mayo_poyo/ros2_ws2/install/py_srvcli' for CMake config files
[0.837s] Level 1:colcon.colcon_core.environment:checking '/home/mayo_poyo/ros2_ws2/install/py_srvcli/lib'
[0.837s] Level 1:colcon.colcon_core.environment:checking '/home/mayo_poyo/ros2_ws2/install/py_srvcli/bin'
[0.837s] Level 1:colcon.colcon_core.environment:checking '/home/mayo_poyo/ros2_ws2/install/py_srvcli/lib/pkgconfig/py_srvcli.pc'
[0.838s] Level 1:colcon.colcon_core.environment:checking '/home/mayo_poyo/ros2_ws2/install/py_srvcli/lib/python3.12/site-packages'
[0.838s] Level 1:colcon.colcon_core.shell:create_environment_hook('py_srvcli', 'pythonpath')
[0.838s] INFO:colcon.colcon_core.shell:Creating environment hook '/home/mayo_poyo/ros2_ws2/install/py_srvcli/share/py_srvcli/hook/pythonpath.ps1'
[0.838s] INFO:colcon.colcon_core.shell:Creating environment descriptor '/home/mayo_poyo/ros2_ws2/install/py_srvcli/share/py_srvcli/hook/pythonpath.dsv'
[0.838s] INFO:colcon.colcon_core.shell:Creating environment hook '/home/mayo_poyo/ros2_ws2/install/py_srvcli/share/py_srvcli/hook/pythonpath.sh'
[0.838s] Level 1:colcon.colcon_core.environment:checking '/home/mayo_poyo/ros2_ws2/install/py_srvcli/bin'
[0.838s] Level 1:colcon.colcon_core.environment:create_environment_scripts_only(py_srvcli)
[0.838s] INFO:colcon.colcon_core.shell:Creating package script '/home/mayo_poyo/ros2_ws2/install/py_srvcli/share/py_srvcli/package.ps1'
[0.839s] INFO:colcon.colcon_core.shell:Creating package descriptor '/home/mayo_poyo/ros2_ws2/install/py_srvcli/share/py_srvcli/package.dsv'
[0.839s] INFO:colcon.colcon_core.shell:Creating package script '/home/mayo_poyo/ros2_ws2/install/py_srvcli/share/py_srvcli/package.sh'
[0.839s] INFO:colcon.colcon_core.shell:Creating package script '/home/mayo_poyo/ros2_ws2/install/py_srvcli/share/py_srvcli/package.bash'
[0.839s] INFO:colcon.colcon_core.shell:Creating package script '/home/mayo_poyo/ros2_ws2/install/py_srvcli/share/py_srvcli/package.zsh'
[0.840s] Level 1:colcon.colcon_core.environment:create_file_with_runtime_dependencies(/home/mayo_poyo/ros2_ws2/install/py_srvcli/share/colcon-core/packages/py_srvcli)
[0.841s] Level 1:colcon.colcon_core.environment:checking '/home/mayo_poyo/ros2_ws2/install/py_pubsub' for CMake module files
[0.842s] DEBUG:colcon.colcon_core.event_handler.log_command:Invoked command in '/home/mayo_poyo/ros2_ws2/src/py_pubsub' returned '0': DEBUGINFOD_URLS=https://debuginfod.ubuntu.com PYTHONPATH=/home/mayo_poyo/ros2_ws2/build/py_pubsub/prefix_override:/usr/lib/python3/dist-packages/colcon_core/task/python/colcon_distutils_commands:/home/mayo_poyo/ros2_ws2/install/py_pubsub/lib/python3.12/site-packages:${PYTHONPATH} /usr/bin/python3 -W ignore:setup.py install is deprecated setup.py egg_info --egg-base ../../build/py_pubsub build --build-base /home/mayo_poyo/ros2_ws2/build/py_pubsub/build install --record /home/mayo_poyo/ros2_ws2/build/py_pubsub/install.log --single-version-externally-managed install_data
[0.842s] Level 1:colcon.colcon_core.environment:checking '/home/mayo_poyo/ros2_ws2/install/py_pubsub' for CMake config files
[0.842s] Level 1:colcon.colcon_core.environment:checking '/home/mayo_poyo/ros2_ws2/install/py_pubsub/lib'
[0.842s] Level 1:colcon.colcon_core.environment:checking '/home/mayo_poyo/ros2_ws2/install/py_pubsub/bin'
[0.842s] Level 1:colcon.colcon_core.environment:checking '/home/mayo_poyo/ros2_ws2/install/py_pubsub/lib/pkgconfig/py_pubsub.pc'
[0.842s] Level 1:colcon.colcon_core.environment:checking '/home/mayo_poyo/ros2_ws2/install/py_pubsub/lib/python3.12/site-packages'
[0.842s] Level 1:colcon.colcon_core.shell:create_environment_hook('py_pubsub', 'pythonpath')
[0.842s] INFO:colcon.colcon_core.shell:Creating environment hook '/home/mayo_poyo/ros2_ws2/install/py_pubsub/share/py_pubsub/hook/pythonpath.ps1'
[0.842s] INFO:colcon.colcon_core.shell:Creating environment descriptor '/home/mayo_poyo/ros2_ws2/install/py_pubsub/share/py_pubsub/hook/pythonpath.dsv'
[0.843s] INFO:colcon.colcon_core.shell:Creating environment hook '/home/mayo_poyo/ros2_ws2/install/py_pubsub/share/py_pubsub/hook/pythonpath.sh'
[0.843s] Level 1:colcon.colcon_core.environment:checking '/home/mayo_poyo/ros2_ws2/install/py_pubsub/bin'
[0.843s] Level 1:colcon.colcon_core.environment:create_environment_scripts_only(py_pubsub)
[0.843s] INFO:colcon.colcon_core.shell:Creating package script '/home/mayo_poyo/ros2_ws2/install/py_pubsub/share/py_pubsub/package.ps1'
[0.843s] INFO:colcon.colcon_core.shell:Creating package descriptor '/home/mayo_poyo/ros2_ws2/install/py_pubsub/share/py_pubsub/package.dsv'
[0.843s] INFO:colcon.colcon_core.shell:Creating package script '/home/mayo_poyo/ros2_ws2/install/py_pubsub/share/py_pubsub/package.sh'
[0.844s] INFO:colcon.colcon_core.shell:Creating package script '/home/mayo_poyo/ros2_ws2/install/py_pubsub/share/py_pubsub/package.bash'
[0.844s] INFO:colcon.colcon_core.shell:Creating package script '/home/mayo_poyo/ros2_ws2/install/py_pubsub/share/py_pubsub/package.zsh'
[0.844s] Level 1:colcon.colcon_core.environment:create_file_with_runtime_dependencies(/home/mayo_poyo/ros2_ws2/install/py_pubsub/share/colcon-core/packages/py_pubsub)
[3.103s] DEBUG:colcon.colcon_core.event_handler.log_command:Invoked command in '/home/mayo_poyo/ros2_ws2/build/tutorial_interfaces' returned '0': CMAKE_PREFIX_PATH=${CMAKE_PREFIX_PATH}:/opt/ros/jazzy DEBUGINFOD_URLS=https://debuginfod.ubuntu.com /usr/bin/cmake /home/mayo_poyo/ros2_ws2/src/tutorial_interfaces -DCMAKE_INSTALL_PREFIX=/home/mayo_poyo/ros2_ws2/install/tutorial_interfaces
[3.104s] DEBUG:colcon.colcon_core.event_handler.log_command:Invoking command in '/home/mayo_poyo/ros2_ws2/build/tutorial_interfaces': CMAKE_PREFIX_PATH=${CMAKE_PREFIX_PATH}:/opt/ros/jazzy DEBUGINFOD_URLS=https://debuginfod.ubuntu.com /usr/bin/cmake --build /home/mayo_poyo/ros2_ws2/build/tutorial_interfaces -- -j8 -l8
[5.222s] DEBUG:colcon.colcon_core.event_handler.log_command:Invoked command in '/home/mayo_poyo/ros2_ws2/build/tutorial_interfaces' returned '0': CMAKE_PREFIX_PATH=${CMAKE_PREFIX_PATH}:/opt/ros/jazzy DEBUGINFOD_URLS=https://debuginfod.ubuntu.com /usr/bin/cmake --build /home/mayo_poyo/ros2_ws2/build/tutorial_interfaces -- -j8 -l8
[5.307s] DEBUG:colcon.colcon_core.event_handler.log_command:Invoking command in '/home/mayo_poyo/ros2_ws2/build/tutorial_interfaces': CMAKE_PREFIX_PATH=${CMAKE_PREFIX_PATH}:/opt/ros/jazzy DEBUGINFOD_URLS=https://debuginfod.ubuntu.com /usr/bin/cmake --install /home/mayo_poyo/ros2_ws2/build/tutorial_interfaces
[5.388s] Level 1:colcon.colcon_core.environment:create_environment_scripts_only(tutorial_interfaces)
[5.389s] Level 1:colcon.colcon_core.environment:checking '/home/mayo_poyo/ros2_ws2/install/tutorial_interfaces' for CMake module files
[5.389s] DEBUG:colcon.colcon_core.event_handler.log_command:Invoked command in '/home/mayo_poyo/ros2_ws2/build/tutorial_interfaces' returned '0': CMAKE_PREFIX_PATH=${CMAKE_PREFIX_PATH}:/opt/ros/jazzy DEBUGINFOD_URLS=https://debuginfod.ubuntu.com /usr/bin/cmake --install /home/mayo_poyo/ros2_ws2/build/tutorial_interfaces
[5.390s] Level 1:colcon.colcon_core.environment:checking '/home/mayo_poyo/ros2_ws2/install/tutorial_interfaces' for CMake config files
[5.390s] Level 1:colcon.colcon_core.shell:create_environment_hook('tutorial_interfaces', 'cmake_prefix_path')
[5.390s] INFO:colcon.colcon_core.shell:Creating environment hook '/home/mayo_poyo/ros2_ws2/install/tutorial_interfaces/share/tutorial_interfaces/hook/cmake_prefix_path.ps1'
[5.391s] INFO:colcon.colcon_core.shell:Creating environment descriptor '/home/mayo_poyo/ros2_ws2/install/tutorial_interfaces/share/tutorial_interfaces/hook/cmake_prefix_path.dsv'
[5.391s] INFO:colcon.colcon_core.shell:Creating environment hook '/home/mayo_poyo/ros2_ws2/install/tutorial_interfaces/share/tutorial_interfaces/hook/cmake_prefix_path.sh'
[5.391s] Level 1:colcon.colcon_core.environment:checking '/home/mayo_poyo/ros2_ws2/install/tutorial_interfaces/lib'
[5.392s] Level 1:colcon.colcon_core.shell:create_environment_hook('tutorial_interfaces', 'ld_library_path_lib')
[5.392s] INFO:colcon.colcon_core.shell:Creating environment hook '/home/mayo_poyo/ros2_ws2/install/tutorial_interfaces/share/tutorial_interfaces/hook/ld_library_path_lib.ps1'
[5.392s] INFO:colcon.colcon_core.shell:Creating environment descriptor '/home/mayo_poyo/ros2_ws2/install/tutorial_interfaces/share/tutorial_interfaces/hook/ld_library_path_lib.dsv'
[5.392s] INFO:colcon.colcon_core.shell:Creating environment hook '/home/mayo_poyo/ros2_ws2/install/tutorial_interfaces/share/tutorial_interfaces/hook/ld_library_path_lib.sh'
[5.393s] Level 1:colcon.colcon_core.environment:checking '/home/mayo_poyo/ros2_ws2/install/tutorial_interfaces/bin'
[5.393s] Level 1:colcon.colcon_core.environment:checking '/home/mayo_poyo/ros2_ws2/install/tutorial_interfaces/lib/pkgconfig/tutorial_interfaces.pc'
[5.393s] Level 1:colcon.colcon_core.environment:checking '/home/mayo_poyo/ros2_ws2/install/tutorial_interfaces/lib/python3.12/site-packages'
[5.393s] Level 1:colcon.colcon_core.shell:create_environment_hook('tutorial_interfaces', 'pythonpath')
[5.393s] INFO:colcon.colcon_core.shell:Creating environment hook '/home/mayo_poyo/ros2_ws2/install/tutorial_interfaces/share/tutorial_interfaces/hook/pythonpath.ps1'
[5.394s] INFO:colcon.colcon_core.shell:Creating environment descriptor '/home/mayo_poyo/ros2_ws2/install/tutorial_interfaces/share/tutorial_interfaces/hook/pythonpath.dsv'
[5.394s] INFO:colcon.colcon_core.shell:Creating environment hook '/home/mayo_poyo/ros2_ws2/install/tutorial_interfaces/share/tutorial_interfaces/hook/pythonpath.sh'
[5.394s] Level 1:colcon.colcon_core.environment:checking '/home/mayo_poyo/ros2_ws2/install/tutorial_interfaces/bin'
[5.395s] INFO:colcon.colcon_core.shell:Creating package script '/home/mayo_poyo/ros2_ws2/install/tutorial_interfaces/share/tutorial_interfaces/package.ps1'
[5.395s] INFO:colcon.colcon_core.shell:Creating package descriptor '/home/mayo_poyo/ros2_ws2/install/tutorial_interfaces/share/tutorial_interfaces/package.dsv'
[5.396s] INFO:colcon.colcon_core.shell:Creating package script '/home/mayo_poyo/ros2_ws2/install/tutorial_interfaces/share/tutorial_interfaces/package.sh'
[5.396s] INFO:colcon.colcon_core.shell:Creating package script '/home/mayo_poyo/ros2_ws2/install/tutorial_interfaces/share/tutorial_interfaces/package.bash'
[5.397s] INFO:colcon.colcon_core.shell:Creating package script '/home/mayo_poyo/ros2_ws2/install/tutorial_interfaces/share/tutorial_interfaces/package.zsh'
[5.397s] Level 1:colcon.colcon_core.environment:create_file_with_runtime_dependencies(/home/mayo_poyo/ros2_ws2/install/tutorial_interfaces/share/colcon-core/packages/tutorial_interfaces)
[5.444s] Level 1:colcon.colcon_core.environment:create_environment_scripts_only(tutorial_interfaces)
[5.445s] Level 1:colcon.colcon_core.environment:checking '/home/mayo_poyo/ros2_ws2/install/tutorial_interfaces' for CMake module files
[5.446s] Level 1:colcon.colcon_core.environment:checking '/home/mayo_poyo/ros2_ws2/install/tutorial_interfaces' for CMake config files
[5.447s] Level 1:colcon.colcon_core.shell:create_environment_hook('tutorial_interfaces', 'cmake_prefix_path')
[5.447s] INFO:colcon.colcon_core.shell:Creating environment hook '/home/mayo_poyo/ros2_ws2/install/tutorial_interfaces/share/tutorial_interfaces/hook/cmake_prefix_path.ps1'
[5.447s] INFO:colcon.colcon_core.shell:Creating environment descriptor '/home/mayo_poyo/ros2_ws2/install/tutorial_interfaces/share/tutorial_interfaces/hook/cmake_prefix_path.dsv'
[5.448s] INFO:colcon.colcon_core.shell:Creating environment hook '/home/mayo_poyo/ros2_ws2/install/tutorial_interfaces/share/tutorial_interfaces/hook/cmake_prefix_path.sh'
[5.448s] Level 1:colcon.colcon_core.environment:checking '/home/mayo_poyo/ros2_ws2/install/tutorial_interfaces/lib'
[5.448s] Level 1:colcon.colcon_core.shell:create_environment_hook('tutorial_interfaces', 'ld_library_path_lib')
[5.448s] INFO:colcon.colcon_core.shell:Creating environment hook '/home/mayo_poyo/ros2_ws2/install/tutorial_interfaces/share/tutorial_interfaces/hook/ld_library_path_lib.ps1'
[5.449s] INFO:colcon.colcon_core.shell:Creating environment descriptor '/home/mayo_poyo/ros2_ws2/install/tutorial_interfaces/share/tutorial_interfaces/hook/ld_library_path_lib.dsv'
[5.449s] INFO:colcon.colcon_core.shell:Creating environment hook '/home/mayo_poyo/ros2_ws2/install/tutorial_interfaces/share/tutorial_interfaces/hook/ld_library_path_lib.sh'
[5.449s] Level 1:colcon.colcon_core.environment:checking '/home/mayo_poyo/ros2_ws2/install/tutorial_interfaces/bin'
[5.449s] Level 1:colcon.colcon_core.environment:checking '/home/mayo_poyo/ros2_ws2/install/tutorial_interfaces/lib/pkgconfig/tutorial_interfaces.pc'
[5.450s] Level 1:colcon.colcon_core.environment:checking '/home/mayo_poyo/ros2_ws2/install/tutorial_interfaces/lib/python3.12/site-packages'
[5.450s] Level 1:colcon.colcon_core.shell:create_environment_hook('tutorial_interfaces', 'pythonpath')
[5.450s] INFO:colcon.colcon_core.shell:Creating environment hook '/home/mayo_poyo/ros2_ws2/install/tutorial_interfaces/share/tutorial_interfaces/hook/pythonpath.ps1'
[5.450s] INFO:colcon.colcon_core.shell:Creating environment descriptor '/home/mayo_poyo/ros2_ws2/install/tutorial_interfaces/share/tutorial_interfaces/hook/pythonpath.dsv'
[5.451s] INFO:colcon.colcon_core.shell:Creating environment hook '/home/mayo_poyo/ros2_ws2/install/tutorial_interfaces/share/tutorial_interfaces/hook/pythonpath.sh'
[5.451s] Level 1:colcon.colcon_core.environment:checking '/home/mayo_poyo/ros2_ws2/install/tutorial_interfaces/bin'
[5.451s] INFO:colcon.colcon_core.shell:Creating package script '/home/mayo_poyo/ros2_ws2/install/tutorial_interfaces/share/tutorial_interfaces/package.ps1'
[5.452s] INFO:colcon.colcon_core.shell:Creating package descriptor '/home/mayo_poyo/ros2_ws2/install/tutorial_interfaces/share/tutorial_interfaces/package.dsv'
[5.452s] INFO:colcon.colcon_core.shell:Creating package script '/home/mayo_poyo/ros2_ws2/install/tutorial_interfaces/share/tutorial_interfaces/package.sh'
[5.453s] INFO:colcon.colcon_core.shell:Creating package script '/home/mayo_poyo/ros2_ws2/install/tutorial_interfaces/share/tutorial_interfaces/package.bash'
[5.453s] INFO:colcon.colcon_core.shell:Creating package script '/home/mayo_poyo/ros2_ws2/install/tutorial_interfaces/share/tutorial_interfaces/package.zsh'
[5.454s] Level 1:colcon.colcon_core.environment:create_file_with_runtime_dependencies(/home/mayo_poyo/ros2_ws2/install/tutorial_interfaces/share/colcon-core/packages/tutorial_interfaces)
[5.454s] DEBUG:colcon.colcon_parallel_executor.executor.parallel:closing loop
[5.454s] DEBUG:colcon.colcon_parallel_executor.executor.parallel:loop closed
[5.454s] DEBUG:colcon.colcon_parallel_executor.executor.parallel:run_until_complete finished with '0'
[5.454s] DEBUG:colcon.colcon_core.event_reactor:joining thread
[5.462s] INFO:colcon.colcon_core.plugin_system:Skipping extension 'colcon_notification.desktop_notification.terminal_notifier': Not used on non-Darwin systems
[5.462s] INFO:colcon.colcon_core.plugin_system:Skipping extension 'colcon_notification.desktop_notification.win32': Not used on non-Windows systems
[5.462s] INFO:colcon.colcon_notification.desktop_notification:Sending desktop notification using 'notify2'
[5.479s] DEBUG:colcon.colcon_core.event_reactor:joined thread
[5.480s] INFO:colcon.colcon_core.shell:Creating prefix script '/home/mayo_poyo/ros2_ws2/install/local_setup.ps1'
[5.480s] INFO:colcon.colcon_core.shell:Creating prefix util module '/home/mayo_poyo/ros2_ws2/install/_local_setup_util_ps1.py'
[5.481s] INFO:colcon.colcon_core.shell:Creating prefix chain script '/home/mayo_poyo/ros2_ws2/install/setup.ps1'
[5.481s] INFO:colcon.colcon_core.shell:Creating prefix script '/home/mayo_poyo/ros2_ws2/install/local_setup.sh'
[5.481s] INFO:colcon.colcon_core.shell:Creating prefix util module '/home/mayo_poyo/ros2_ws2/install/_local_setup_util_sh.py'
[5.482s] INFO:colcon.colcon_core.shell:Creating prefix chain script '/home/mayo_poyo/ros2_ws2/install/setup.sh'
[5.482s] INFO:colcon.colcon_core.shell:Creating prefix script '/home/mayo_poyo/ros2_ws2/install/local_setup.bash'
[5.482s] INFO:colcon.colcon_core.shell:Creating prefix chain script '/home/mayo_poyo/ros2_ws2/install/setup.bash'
[5.482s] INFO:colcon.colcon_core.shell:Creating prefix script '/home/mayo_poyo/ros2_ws2/install/local_setup.zsh'
[5.483s] INFO:colcon.colcon_core.shell:Creating prefix chain script '/home/mayo_poyo/ros2_ws2/install/setup.zsh'
