[0.618s] Invoking command in '/home/mayo_poyo/ros2_ws2/go_to_goal': DEBUGINFOD_URLS=https://debuginfod.ubuntu.com PYTHONPATH=/home/mayo_poyo/ros2_ws2/build/go_to_goal/prefix_override:/usr/lib/python3/dist-packages/colcon_core/task/python/colcon_distutils_commands:/home/mayo_poyo/ros2_ws2/install/go_to_goal/lib/python3.12/site-packages:${PYTHONPATH} /usr/bin/python3 -W ignore:setup.py install is deprecated setup.py egg_info --egg-base ../build/go_to_goal build --build-base /home/mayo_poyo/ros2_ws2/build/go_to_goal/build install --record /home/mayo_poyo/ros2_ws2/build/go_to_goal/install.log --single-version-externally-managed install_data
[0.753s] running egg_info
[0.761s] writing ../build/go_to_goal/go_to_goal.egg-info/PKG-INFO
[0.762s] writing dependency_links to ../build/go_to_goal/go_to_goal.egg-info/dependency_links.txt
[0.762s] writing entry points to ../build/go_to_goal/go_to_goal.egg-info/entry_points.txt
[0.762s] writing requirements to ../build/go_to_goal/go_to_goal.egg-info/requires.txt
[0.763s] writing top-level names to ../build/go_to_goal/go_to_goal.egg-info/top_level.txt
[0.779s] reading manifest file '../build/go_to_goal/go_to_goal.egg-info/SOURCES.txt'
[0.779s] adding license file 'LICENSE'
[0.780s] writing manifest file '../build/go_to_goal/go_to_goal.egg-info/SOURCES.txt'
[0.780s] running build
[0.780s] running build_py
[0.781s] copying go_to_goal/pub.py -> /home/mayo_poyo/ros2_ws2/build/go_to_goal/build/lib/go_to_goal
[0.781s] running install
[0.783s] running install_lib
[0.792s] copying /home/mayo_poyo/ros2_ws2/build/go_to_goal/build/lib/go_to_goal/pub.py -> /home/mayo_poyo/ros2_ws2/install/go_to_goal/lib/python3.12/site-packages/go_to_goal
[0.792s] byte-compiling /home/mayo_poyo/ros2_ws2/install/go_to_goal/lib/python3.12/site-packages/go_to_goal/pub.py to pub.cpython-312.pyc
[0.793s] running install_data
[0.793s] running install_egg_info
[0.801s] removing '/home/mayo_poyo/ros2_ws2/install/go_to_goal/lib/python3.12/site-packages/go_to_goal-0.0.0-py3.12.egg-info' (and everything under it)
[0.802s] Copying ../build/go_to_goal/go_to_goal.egg-info to /home/mayo_poyo/ros2_ws2/install/go_to_goal/lib/python3.12/site-packages/go_to_goal-0.0.0-py3.12.egg-info
[0.802s] running install_scripts
[0.862s] Installing pub script to /home/mayo_poyo/ros2_ws2/install/go_to_goal/lib/go_to_goal
[0.862s] writing list of installed files to '/home/mayo_poyo/ros2_ws2/build/go_to_goal/install.log'
[0.882s] Invoked command in '/home/mayo_poyo/ros2_ws2/go_to_goal' returned '0': DEBUGINFOD_URLS=https://debuginfod.ubuntu.com PYTHONPATH=/home/mayo_poyo/ros2_ws2/build/go_to_goal/prefix_override:/usr/lib/python3/dist-packages/colcon_core/task/python/colcon_distutils_commands:/home/mayo_poyo/ros2_ws2/install/go_to_goal/lib/python3.12/site-packages:${PYTHONPATH} /usr/bin/python3 -W ignore:setup.py install is deprecated setup.py egg_info --egg-base ../build/go_to_goal build --build-base /home/mayo_poyo/ros2_ws2/build/go_to_goal/build install --record /home/mayo_poyo/ros2_ws2/build/go_to_goal/install.log --single-version-externally-managed install_data
