[0.080s] DEBUG:colcon:Command line arguments: ['/usr/bin/colcon', 'build']
[0.080s] DEBUG:colcon:Parsed command line arguments: Namespace(log_base=None, log_level=None, verb_name='build', build_base='build', install_base='install', merge_install=False, symlink_install=False, test_result_base=None, continue_on_error=False, executor='parallel', parallel_workers=8, event_handlers=None, ignore_user_meta=False, metas=['./colcon.meta'], base_paths=['.'], packages_ignore=None, packages_ignore_regex=None, paths=None, packages_up_to=None, packages_up_to_regex=None, packages_above=None, packages_above_and_dependencies=None, packages_above_depth=None, packages_select_by_dep=None, packages_skip_by_dep=None, packages_skip_up_to=None, packages_select_build_failed=False, packages_skip_build_finished=False, packages_select_test_failures=False, packages_skip_test_passed=False, packages_select=None, packages_skip=None, packages_select_regex=None, packages_skip_regex=None, packages_start=None, packages_end=None, allow_overriding=[], cmake_args=None, cmake_target=None, cmake_target_skip_unavailable=False, cmake_clean_cache=False, cmake_clean_first=False, cmake_force_configure=False, ament_cmake_args=None, catkin_cmake_args=None, catkin_skip_building_tests=False, mixin_files=None, mixin=None, verb_parser=<colcon_mixin.mixin.mixin_argument.MixinArgumentDecorator object at 0xffffba3fb5f0>, verb_extension=<colcon_core.verb.build.BuildVerb object at 0xffffba5de390>, main=<bound method BuildVerb.main of <colcon_core.verb.build.BuildVerb object at 0xffffba5de390>>, mixin_verb=('build',))
[0.110s] Level 1:colcon.colcon_core.package_discovery:discover_packages(colcon_meta) check parameters
[0.110s] Level 1:colcon.colcon_core.package_discovery:discover_packages(recursive) check parameters
[0.110s] Level 1:colcon.colcon_core.package_discovery:discover_packages(ignore) check parameters
[0.110s] Level 1:colcon.colcon_core.package_discovery:discover_packages(path) check parameters
[0.110s] Level 1:colcon.colcon_core.package_discovery:discover_packages(colcon_meta) discover
[0.110s] Level 1:colcon.colcon_core.package_discovery:discover_packages(recursive) discover
[0.110s] INFO:colcon.colcon_core.package_discovery:Crawling recursively for packages in '/home/mayo_poyo/ros2_ws2'
[0.110s] Level 1:colcon.colcon_core.package_identification:_identify(.) by extensions ['ignore', 'ignore_ament_install']
[0.110s] Level 1:colcon.colcon_core.package_identification:_identify(.) by extension 'ignore'
[0.110s] Level 1:colcon.colcon_core.package_identification:_identify(.) by extension 'ignore_ament_install'
[0.110s] Level 1:colcon.colcon_core.package_identification:_identify(.) by extensions ['colcon_pkg']
[0.110s] Level 1:colcon.colcon_core.package_identification:_identify(.) by extension 'colcon_pkg'
[0.110s] Level 1:colcon.colcon_core.package_identification:_identify(.) by extensions ['colcon_meta']
[0.110s] Level 1:colcon.colcon_core.package_identification:_identify(.) by extension 'colcon_meta'
[0.110s] Level 1:colcon.colcon_core.package_identification:_identify(.) by extensions ['ros']
[0.110s] Level 1:colcon.colcon_core.package_identification:_identify(.) by extension 'ros'
[0.128s] Level 1:colcon.colcon_core.package_identification:_identify(.) by extensions ['cmake', 'python']
[0.128s] Level 1:colcon.colcon_core.package_identification:_identify(.) by extension 'cmake'
[0.128s] Level 1:colcon.colcon_core.package_identification:_identify(.) by extension 'python'
[0.128s] Level 1:colcon.colcon_core.package_identification:_identify(.) by extensions ['python_setup_py']
[0.128s] Level 1:colcon.colcon_core.package_identification:_identify(.) by extension 'python_setup_py'
[0.128s] Level 1:colcon.colcon_core.package_identification:_identify(build) by extensions ['ignore', 'ignore_ament_install']
[0.128s] Level 1:colcon.colcon_core.package_identification:_identify(build) by extension 'ignore'
[0.128s] Level 1:colcon.colcon_core.package_identification:_identify(build) ignored
[0.128s] Level 1:colcon.colcon_core.package_identification:_identify(install) by extensions ['ignore', 'ignore_ament_install']
[0.128s] Level 1:colcon.colcon_core.package_identification:_identify(install) by extension 'ignore'
[0.128s] Level 1:colcon.colcon_core.package_identification:_identify(install) ignored
[0.128s] Level 1:colcon.colcon_core.package_identification:_identify(log) by extensions ['ignore', 'ignore_ament_install']
[0.128s] Level 1:colcon.colcon_core.package_identification:_identify(log) by extension 'ignore'
[0.128s] Level 1:colcon.colcon_core.package_identification:_identify(log) ignored
[0.128s] Level 1:colcon.colcon_core.package_identification:_identify(src) by extensions ['ignore', 'ignore_ament_install']
[0.128s] Level 1:colcon.colcon_core.package_identification:_identify(src) by extension 'ignore'
[0.128s] Level 1:colcon.colcon_core.package_identification:_identify(src) by extension 'ignore_ament_install'
[0.128s] Level 1:colcon.colcon_core.package_identification:_identify(src) by extensions ['colcon_pkg']
[0.128s] Level 1:colcon.colcon_core.package_identification:_identify(src) by extension 'colcon_pkg'
[0.128s] Level 1:colcon.colcon_core.package_identification:_identify(src) by extensions ['colcon_meta']
[0.128s] Level 1:colcon.colcon_core.package_identification:_identify(src) by extension 'colcon_meta'
[0.128s] Level 1:colcon.colcon_core.package_identification:_identify(src) by extensions ['ros']
[0.128s] Level 1:colcon.colcon_core.package_identification:_identify(src) by extension 'ros'
[0.128s] Level 1:colcon.colcon_core.package_identification:_identify(src) by extensions ['cmake', 'python']
[0.128s] Level 1:colcon.colcon_core.package_identification:_identify(src) by extension 'cmake'
[0.128s] Level 1:colcon.colcon_core.package_identification:_identify(src) by extension 'python'
[0.128s] Level 1:colcon.colcon_core.package_identification:_identify(src) by extensions ['python_setup_py']
[0.128s] Level 1:colcon.colcon_core.package_identification:_identify(src) by extension 'python_setup_py'
[0.128s] Level 1:colcon.colcon_core.package_identification:_identify(src/go_to_goal) by extensions ['ignore', 'ignore_ament_install']
[0.128s] Level 1:colcon.colcon_core.package_identification:_identify(src/go_to_goal) by extension 'ignore'
[0.128s] Level 1:colcon.colcon_core.package_identification:_identify(src/go_to_goal) by extension 'ignore_ament_install'
[0.128s] Level 1:colcon.colcon_core.package_identification:_identify(src/go_to_goal) by extensions ['colcon_pkg']
[0.128s] Level 1:colcon.colcon_core.package_identification:_identify(src/go_to_goal) by extension 'colcon_pkg'
[0.129s] Level 1:colcon.colcon_core.package_identification:_identify(src/go_to_goal) by extensions ['colcon_meta']
[0.129s] Level 1:colcon.colcon_core.package_identification:_identify(src/go_to_goal) by extension 'colcon_meta'
[0.129s] Level 1:colcon.colcon_core.package_identification:_identify(src/go_to_goal) by extensions ['ros']
[0.129s] Level 1:colcon.colcon_core.package_identification:_identify(src/go_to_goal) by extension 'ros'
[0.130s] DEBUG:colcon.colcon_core.package_identification:Package 'src/go_to_goal' with type 'ros.ament_python' and name 'go_to_goal'
[0.130s] Level 1:colcon.colcon_core.package_identification:_identify(src/py_pubsub) by extensions ['ignore', 'ignore_ament_install']
[0.130s] Level 1:colcon.colcon_core.package_identification:_identify(src/py_pubsub) by extension 'ignore'
[0.130s] Level 1:colcon.colcon_core.package_identification:_identify(src/py_pubsub) by extension 'ignore_ament_install'
[0.130s] Level 1:colcon.colcon_core.package_identification:_identify(src/py_pubsub) by extensions ['colcon_pkg']
[0.130s] Level 1:colcon.colcon_core.package_identification:_identify(src/py_pubsub) by extension 'colcon_pkg'
[0.131s] Level 1:colcon.colcon_core.package_identification:_identify(src/py_pubsub) by extensions ['colcon_meta']
[0.131s] Level 1:colcon.colcon_core.package_identification:_identify(src/py_pubsub) by extension 'colcon_meta'
[0.131s] Level 1:colcon.colcon_core.package_identification:_identify(src/py_pubsub) by extensions ['ros']
[0.131s] Level 1:colcon.colcon_core.package_identification:_identify(src/py_pubsub) by extension 'ros'
[0.131s] DEBUG:colcon.colcon_core.package_identification:Package 'src/py_pubsub' with type 'ros.ament_python' and name 'py_pubsub'
[0.131s] Level 1:colcon.colcon_core.package_identification:_identify(src/py_srvcli) by extensions ['ignore', 'ignore_ament_install']
[0.131s] Level 1:colcon.colcon_core.package_identification:_identify(src/py_srvcli) by extension 'ignore'
[0.131s] Level 1:colcon.colcon_core.package_identification:_identify(src/py_srvcli) by extension 'ignore_ament_install'
[0.131s] Level 1:colcon.colcon_core.package_identification:_identify(src/py_srvcli) by extensions ['colcon_pkg']
[0.131s] Level 1:colcon.colcon_core.package_identification:_identify(src/py_srvcli) by extension 'colcon_pkg'
[0.131s] Level 1:colcon.colcon_core.package_identification:_identify(src/py_srvcli) by extensions ['colcon_meta']
[0.131s] Level 1:colcon.colcon_core.package_identification:_identify(src/py_srvcli) by extension 'colcon_meta'
[0.131s] Level 1:colcon.colcon_core.package_identification:_identify(src/py_srvcli) by extensions ['ros']
[0.131s] Level 1:colcon.colcon_core.package_identification:_identify(src/py_srvcli) by extension 'ros'
[0.132s] DEBUG:colcon.colcon_core.package_identification:Package 'src/py_srvcli' with type 'ros.ament_python' and name 'py_srvcli'
[0.132s] Level 1:colcon.colcon_core.package_identification:_identify(src/python_parameters) by extensions ['ignore', 'ignore_ament_install']
[0.132s] Level 1:colcon.colcon_core.package_identification:_identify(src/python_parameters) by extension 'ignore'
[0.132s] Level 1:colcon.colcon_core.package_identification:_identify(src/python_parameters) by extension 'ignore_ament_install'
[0.132s] Level 1:colcon.colcon_core.package_identification:_identify(src/python_parameters) by extensions ['colcon_pkg']
[0.132s] Level 1:colcon.colcon_core.package_identification:_identify(src/python_parameters) by extension 'colcon_pkg'
[0.132s] Level 1:colcon.colcon_core.package_identification:_identify(src/python_parameters) by extensions ['colcon_meta']
[0.132s] Level 1:colcon.colcon_core.package_identification:_identify(src/python_parameters) by extension 'colcon_meta'
[0.132s] Level 1:colcon.colcon_core.package_identification:_identify(src/python_parameters) by extensions ['ros']
[0.132s] Level 1:colcon.colcon_core.package_identification:_identify(src/python_parameters) by extension 'ros'
[0.132s] DEBUG:colcon.colcon_core.package_identification:Package 'src/python_parameters' with type 'ros.ament_python' and name 'python_parameters'
[0.133s] Level 1:colcon.colcon_core.package_identification:_identify(src/tutorial_interfaces) by extensions ['ignore', 'ignore_ament_install']
[0.133s] Level 1:colcon.colcon_core.package_identification:_identify(src/tutorial_interfaces) by extension 'ignore'
[0.133s] Level 1:colcon.colcon_core.package_identification:_identify(src/tutorial_interfaces) by extension 'ignore_ament_install'
[0.133s] Level 1:colcon.colcon_core.package_identification:_identify(src/tutorial_interfaces) by extensions ['colcon_pkg']
[0.133s] Level 1:colcon.colcon_core.package_identification:_identify(src/tutorial_interfaces) by extension 'colcon_pkg'
[0.133s] Level 1:colcon.colcon_core.package_identification:_identify(src/tutorial_interfaces) by extensions ['colcon_meta']
[0.133s] Level 1:colcon.colcon_core.package_identification:_identify(src/tutorial_interfaces) by extension 'colcon_meta'
[0.133s] Level 1:colcon.colcon_core.package_identification:_identify(src/tutorial_interfaces) by extensions ['ros']
[0.133s] Level 1:colcon.colcon_core.package_identification:_identify(src/tutorial_interfaces) by extension 'ros'
[0.133s] DEBUG:colcon.colcon_core.package_identification:Package 'src/tutorial_interfaces' with type 'ros.ament_cmake' and name 'tutorial_interfaces'
[0.133s] Level 1:colcon.colcon_core.package_discovery:discover_packages(recursive) using defaults
[0.133s] Level 1:colcon.colcon_core.package_discovery:discover_packages(ignore) discover
[0.133s] Level 1:colcon.colcon_core.package_discovery:discover_packages(ignore) using defaults
[0.133s] Level 1:colcon.colcon_core.package_discovery:discover_packages(path) discover
[0.133s] Level 1:colcon.colcon_core.package_discovery:discover_packages(path) using defaults
[0.150s] Level 1:colcon.colcon_core.package_discovery:discover_packages(prefix_path) check parameters
[0.150s] Level 1:colcon.colcon_core.package_discovery:discover_packages(prefix_path) discover
[0.152s] DEBUG:colcon.colcon_installed_package_information.package_discovery:Found 382 installed packages in /opt/ros/jazzy
[0.153s] Level 1:colcon.colcon_core.package_discovery:discover_packages(prefix_path) using defaults
[0.203s] Level 5:colcon.colcon_core.verb:set package 'go_to_goal' build argument 'cmake_args' from command line to 'None'
[0.203s] Level 5:colcon.colcon_core.verb:set package 'go_to_goal' build argument 'cmake_target' from command line to 'None'
[0.203s] Level 5:colcon.colcon_core.verb:set package 'go_to_goal' build argument 'cmake_target_skip_unavailable' from command line to 'False'
[0.203s] Level 5:colcon.colcon_core.verb:set package 'go_to_goal' build argument 'cmake_clean_cache' from command line to 'False'
[0.203s] Level 5:colcon.colcon_core.verb:set package 'go_to_goal' build argument 'cmake_clean_first' from command line to 'False'
[0.203s] Level 5:colcon.colcon_core.verb:set package 'go_to_goal' build argument 'cmake_force_configure' from command line to 'False'
[0.203s] Level 5:colcon.colcon_core.verb:set package 'go_to_goal' build argument 'ament_cmake_args' from command line to 'None'
[0.203s] Level 5:colcon.colcon_core.verb:set package 'go_to_goal' build argument 'catkin_cmake_args' from command line to 'None'
[0.203s] Level 5:colcon.colcon_core.verb:set package 'go_to_goal' build argument 'catkin_skip_building_tests' from command line to 'False'
[0.203s] DEBUG:colcon.colcon_core.verb:Building package 'go_to_goal' with the following arguments: {'ament_cmake_args': None, 'build_base': '/home/mayo_poyo/ros2_ws2/build/go_to_goal', 'catkin_cmake_args': None, 'catkin_skip_building_tests': False, 'cmake_args': None, 'cmake_clean_cache': False, 'cmake_clean_first': False, 'cmake_force_configure': False, 'cmake_target': None, 'cmake_target_skip_unavailable': False, 'install_base': '/home/mayo_poyo/ros2_ws2/install/go_to_goal', 'merge_install': False, 'path': '/home/mayo_poyo/ros2_ws2/src/go_to_goal', 'symlink_install': False, 'test_result_base': None}
[0.203s] Level 5:colcon.colcon_core.verb:set package 'python_parameters' build argument 'cmake_args' from command line to 'None'
[0.203s] Level 5:colcon.colcon_core.verb:set package 'python_parameters' build argument 'cmake_target' from command line to 'None'
[0.203s] Level 5:colcon.colcon_core.verb:set package 'python_parameters' build argument 'cmake_target_skip_unavailable' from command line to 'False'
[0.203s] Level 5:colcon.colcon_core.verb:set package 'python_parameters' build argument 'cmake_clean_cache' from command line to 'False'
[0.203s] Level 5:colcon.colcon_core.verb:set package 'python_parameters' build argument 'cmake_clean_first' from command line to 'False'
[0.203s] Level 5:colcon.colcon_core.verb:set package 'python_parameters' build argument 'cmake_force_configure' from command line to 'False'
[0.203s] Level 5:colcon.colcon_core.verb:set package 'python_parameters' build argument 'ament_cmake_args' from command line to 'None'
[0.203s] Level 5:colcon.colcon_core.verb:set package 'python_parameters' build argument 'catkin_cmake_args' from command line to 'None'
[0.203s] Level 5:colcon.colcon_core.verb:set package 'python_parameters' build argument 'catkin_skip_building_tests' from command line to 'False'
[0.203s] DEBUG:colcon.colcon_core.verb:Building package 'python_parameters' with the following arguments: {'ament_cmake_args': None, 'build_base': '/home/mayo_poyo/ros2_ws2/build/python_parameters', 'catkin_cmake_args': None, 'catkin_skip_building_tests': False, 'cmake_args': None, 'cmake_clean_cache': False, 'cmake_clean_first': False, 'cmake_force_configure': False, 'cmake_target': None, 'cmake_target_skip_unavailable': False, 'install_base': '/home/mayo_poyo/ros2_ws2/install/python_parameters', 'merge_install': False, 'path': '/home/mayo_poyo/ros2_ws2/src/python_parameters', 'symlink_install': False, 'test_result_base': None}
[0.203s] Level 5:colcon.colcon_core.verb:set package 'tutorial_interfaces' build argument 'cmake_args' from command line to 'None'
[0.203s] Level 5:colcon.colcon_core.verb:set package 'tutorial_interfaces' build argument 'cmake_target' from command line to 'None'
[0.203s] Level 5:colcon.colcon_core.verb:set package 'tutorial_interfaces' build argument 'cmake_target_skip_unavailable' from command line to 'False'
[0.203s] Level 5:colcon.colcon_core.verb:set package 'tutorial_interfaces' build argument 'cmake_clean_cache' from command line to 'False'
[0.203s] Level 5:colcon.colcon_core.verb:set package 'tutorial_interfaces' build argument 'cmake_clean_first' from command line to 'False'
[0.203s] Level 5:colcon.colcon_core.verb:set package 'tutorial_interfaces' build argument 'cmake_force_configure' from command line to 'False'
[0.203s] Level 5:colcon.colcon_core.verb:set package 'tutorial_interfaces' build argument 'ament_cmake_args' from command line to 'None'
[0.203s] Level 5:colcon.colcon_core.verb:set package 'tutorial_interfaces' build argument 'catkin_cmake_args' from command line to 'None'
[0.203s] Level 5:colcon.colcon_core.verb:set package 'tutorial_interfaces' build argument 'catkin_skip_building_tests' from command line to 'False'
[0.203s] DEBUG:colcon.colcon_core.verb:Building package 'tutorial_interfaces' with the following arguments: {'ament_cmake_args': None, 'build_base': '/home/mayo_poyo/ros2_ws2/build/tutorial_interfaces', 'catkin_cmake_args': None, 'catkin_skip_building_tests': False, 'cmake_args': None, 'cmake_clean_cache': False, 'cmake_clean_first': False, 'cmake_force_configure': False, 'cmake_target': None, 'cmake_target_skip_unavailable': False, 'install_base': '/home/mayo_poyo/ros2_ws2/install/tutorial_interfaces', 'merge_install': False, 'path': '/home/mayo_poyo/ros2_ws2/src/tutorial_interfaces', 'symlink_install': False, 'test_result_base': None}
[0.203s] Level 5:colcon.colcon_core.verb:set package 'py_pubsub' build argument 'cmake_args' from command line to 'None'
[0.203s] Level 5:colcon.colcon_core.verb:set package 'py_pubsub' build argument 'cmake_target' from command line to 'None'
[0.203s] Level 5:colcon.colcon_core.verb:set package 'py_pubsub' build argument 'cmake_target_skip_unavailable' from command line to 'False'
[0.203s] Level 5:colcon.colcon_core.verb:set package 'py_pubsub' build argument 'cmake_clean_cache' from command line to 'False'
[0.203s] Level 5:colcon.colcon_core.verb:set package 'py_pubsub' build argument 'cmake_clean_first' from command line to 'False'
[0.203s] Level 5:colcon.colcon_core.verb:set package 'py_pubsub' build argument 'cmake_force_configure' from command line to 'False'
[0.204s] Level 5:colcon.colcon_core.verb:set package 'py_pubsub' build argument 'ament_cmake_args' from command line to 'None'
[0.204s] Level 5:colcon.colcon_core.verb:set package 'py_pubsub' build argument 'catkin_cmake_args' from command line to 'None'
[0.204s] Level 5:colcon.colcon_core.verb:set package 'py_pubsub' build argument 'catkin_skip_building_tests' from command line to 'False'
[0.204s] DEBUG:colcon.colcon_core.verb:Building package 'py_pubsub' with the following arguments: {'ament_cmake_args': None, 'build_base': '/home/mayo_poyo/ros2_ws2/build/py_pubsub', 'catkin_cmake_args': None, 'catkin_skip_building_tests': False, 'cmake_args': None, 'cmake_clean_cache': False, 'cmake_clean_first': False, 'cmake_force_configure': False, 'cmake_target': None, 'cmake_target_skip_unavailable': False, 'install_base': '/home/mayo_poyo/ros2_ws2/install/py_pubsub', 'merge_install': False, 'path': '/home/mayo_poyo/ros2_ws2/src/py_pubsub', 'symlink_install': False, 'test_result_base': None}
[0.204s] Level 5:colcon.colcon_core.verb:set package 'py_srvcli' build argument 'cmake_args' from command line to 'None'
[0.204s] Level 5:colcon.colcon_core.verb:set package 'py_srvcli' build argument 'cmake_target' from command line to 'None'
[0.204s] Level 5:colcon.colcon_core.verb:set package 'py_srvcli' build argument 'cmake_target_skip_unavailable' from command line to 'False'
[0.204s] Level 5:colcon.colcon_core.verb:set package 'py_srvcli' build argument 'cmake_clean_cache' from command line to 'False'
[0.204s] Level 5:colcon.colcon_core.verb:set package 'py_srvcli' build argument 'cmake_clean_first' from command line to 'False'
[0.204s] Level 5:colcon.colcon_core.verb:set package 'py_srvcli' build argument 'cmake_force_configure' from command line to 'False'
[0.204s] Level 5:colcon.colcon_core.verb:set package 'py_srvcli' build argument 'ament_cmake_args' from command line to 'None'
[0.204s] Level 5:colcon.colcon_core.verb:set package 'py_srvcli' build argument 'catkin_cmake_args' from command line to 'None'
[0.204s] Level 5:colcon.colcon_core.verb:set package 'py_srvcli' build argument 'catkin_skip_building_tests' from command line to 'False'
[0.204s] DEBUG:colcon.colcon_core.verb:Building package 'py_srvcli' with the following arguments: {'ament_cmake_args': None, 'build_base': '/home/mayo_poyo/ros2_ws2/build/py_srvcli', 'catkin_cmake_args': None, 'catkin_skip_building_tests': False, 'cmake_args': None, 'cmake_clean_cache': False, 'cmake_clean_first': False, 'cmake_force_configure': False, 'cmake_target': None, 'cmake_target_skip_unavailable': False, 'install_base': '/home/mayo_poyo/ros2_ws2/install/py_srvcli', 'merge_install': False, 'path': '/home/mayo_poyo/ros2_ws2/src/py_srvcli', 'symlink_install': False, 'test_result_base': None}
[0.204s] INFO:colcon.colcon_core.executor:Executing jobs using 'parallel' executor
[0.205s] DEBUG:colcon.colcon_parallel_executor.executor.parallel:run_until_complete
[0.205s] INFO:colcon.colcon_ros.task.ament_cmake.build:Building ROS package in '/home/mayo_poyo/ros2_ws2/src/tutorial_interfaces' with build type 'ament_cmake'
[0.205s] INFO:colcon.colcon_cmake.task.cmake.build:Building CMake package in '/home/mayo_poyo/ros2_ws2/src/tutorial_interfaces'
[0.207s] INFO:colcon.colcon_core.plugin_system:Skipping extension 'colcon_core.shell.bat': Not used on non-Windows systems
[0.207s] INFO:colcon.colcon_core.shell:Skip shell extension 'powershell' for command environment: Not usable outside of PowerShell
[0.207s] DEBUG:colcon.colcon_core.shell:Skip shell extension 'dsv' for command environment
[0.210s] INFO:colcon.colcon_ros.task.ament_python.build:Building ROS package in '/home/mayo_poyo/ros2_ws2/src/go_to_goal' with build type 'ament_python'
[0.210s] Level 1:colcon.colcon_core.shell:create_environment_hook('go_to_goal', 'ament_prefix_path')
[0.210s] INFO:colcon.colcon_core.shell:Creating environment hook '/home/mayo_poyo/ros2_ws2/install/go_to_goal/share/go_to_goal/hook/ament_prefix_path.ps1'
[0.210s] INFO:colcon.colcon_core.shell:Creating environment descriptor '/home/mayo_poyo/ros2_ws2/install/go_to_goal/share/go_to_goal/hook/ament_prefix_path.dsv'
[0.211s] INFO:colcon.colcon_core.shell:Creating environment hook '/home/mayo_poyo/ros2_ws2/install/go_to_goal/share/go_to_goal/hook/ament_prefix_path.sh'
[0.211s] INFO:colcon.colcon_core.shell:Skip shell extension 'powershell' for command environment: Not usable outside of PowerShell
[0.211s] DEBUG:colcon.colcon_core.shell:Skip shell extension 'dsv' for command environment
[0.212s] INFO:colcon.colcon_ros.task.ament_python.build:Building ROS package in '/home/mayo_poyo/ros2_ws2/src/python_parameters' with build type 'ament_python'
[0.212s] Level 1:colcon.colcon_core.shell:create_environment_hook('python_parameters', 'ament_prefix_path')
[0.212s] INFO:colcon.colcon_core.shell:Creating environment hook '/home/mayo_poyo/ros2_ws2/install/python_parameters/share/python_parameters/hook/ament_prefix_path.ps1'
[0.213s] INFO:colcon.colcon_core.shell:Creating environment descriptor '/home/mayo_poyo/ros2_ws2/install/python_parameters/share/python_parameters/hook/ament_prefix_path.dsv'
[0.213s] INFO:colcon.colcon_core.shell:Creating environment hook '/home/mayo_poyo/ros2_ws2/install/python_parameters/share/python_parameters/hook/ament_prefix_path.sh'
[0.213s] INFO:colcon.colcon_core.shell:Skip shell extension 'powershell' for command environment: Not usable outside of PowerShell
[0.213s] DEBUG:colcon.colcon_core.shell:Skip shell extension 'dsv' for command environment
[0.217s] DEBUG:colcon.colcon_core.event_handler.log_command:Invoking command in '/home/mayo_poyo/ros2_ws2/build/tutorial_interfaces': CMAKE_PREFIX_PATH=${CMAKE_PREFIX_PATH}:/opt/ros/jazzy DEBUGINFOD_URLS=https://debuginfod.ubuntu.com /usr/bin/cmake --build /home/mayo_poyo/ros2_ws2/build/tutorial_interfaces -- -j8 -l8
[0.338s] INFO:colcon.colcon_core.task.python.build:Building Python package in '/home/mayo_poyo/ros2_ws2/src/go_to_goal'
[0.338s] INFO:colcon.colcon_core.shell:Skip shell extension 'powershell' for command environment: Not usable outside of PowerShell
[0.338s] DEBUG:colcon.colcon_core.shell:Skip shell extension 'dsv' for command environment
[0.442s] INFO:colcon.colcon_core.task.python.build:Building Python package in '/home/mayo_poyo/ros2_ws2/src/python_parameters'
[0.442s] INFO:colcon.colcon_core.shell:Skip shell extension 'powershell' for command environment: Not usable outside of PowerShell
[0.442s] DEBUG:colcon.colcon_core.shell:Skip shell extension 'dsv' for command environment
[0.474s] DEBUG:colcon.colcon_core.event_handler.log_command:Invoked command in '/home/mayo_poyo/ros2_ws2/build/tutorial_interfaces' returned '0': CMAKE_PREFIX_PATH=${CMAKE_PREFIX_PATH}:/opt/ros/jazzy DEBUGINFOD_URLS=https://debuginfod.ubuntu.com /usr/bin/cmake --build /home/mayo_poyo/ros2_ws2/build/tutorial_interfaces -- -j8 -l8
[0.543s] DEBUG:colcon.colcon_core.event_handler.log_command:Invoking command in '/home/mayo_poyo/ros2_ws2/build/tutorial_interfaces': CMAKE_PREFIX_PATH=${CMAKE_PREFIX_PATH}:/opt/ros/jazzy DEBUGINFOD_URLS=https://debuginfod.ubuntu.com /usr/bin/cmake --install /home/mayo_poyo/ros2_ws2/build/tutorial_interfaces
[0.624s] Level 1:colcon.colcon_core.environment:create_environment_scripts_only(tutorial_interfaces)
[0.625s] DEBUG:colcon.colcon_core.event_handler.log_command:Invoked command in '/home/mayo_poyo/ros2_ws2/build/tutorial_interfaces' returned '0': CMAKE_PREFIX_PATH=${CMAKE_PREFIX_PATH}:/opt/ros/jazzy DEBUGINFOD_URLS=https://debuginfod.ubuntu.com /usr/bin/cmake --install /home/mayo_poyo/ros2_ws2/build/tutorial_interfaces
[0.629s] Level 1:colcon.colcon_core.environment:checking '/home/mayo_poyo/ros2_ws2/install/tutorial_interfaces' for CMake module files
[0.630s] Level 1:colcon.colcon_core.environment:checking '/home/mayo_poyo/ros2_ws2/install/tutorial_interfaces' for CMake config files
[0.631s] Level 1:colcon.colcon_core.shell:create_environment_hook('tutorial_interfaces', 'cmake_prefix_path')
[0.631s] INFO:colcon.colcon_core.shell:Creating environment hook '/home/mayo_poyo/ros2_ws2/install/tutorial_interfaces/share/tutorial_interfaces/hook/cmake_prefix_path.ps1'
[0.631s] INFO:colcon.colcon_core.shell:Creating environment descriptor '/home/mayo_poyo/ros2_ws2/install/tutorial_interfaces/share/tutorial_interfaces/hook/cmake_prefix_path.dsv'
[0.632s] INFO:colcon.colcon_core.shell:Creating environment hook '/home/mayo_poyo/ros2_ws2/install/tutorial_interfaces/share/tutorial_interfaces/hook/cmake_prefix_path.sh'
[0.632s] Level 1:colcon.colcon_core.environment:checking '/home/mayo_poyo/ros2_ws2/install/tutorial_interfaces/lib'
[0.633s] Level 1:colcon.colcon_core.shell:create_environment_hook('tutorial_interfaces', 'ld_library_path_lib')
[0.633s] INFO:colcon.colcon_core.shell:Creating environment hook '/home/mayo_poyo/ros2_ws2/install/tutorial_interfaces/share/tutorial_interfaces/hook/ld_library_path_lib.ps1'
[0.633s] INFO:colcon.colcon_core.shell:Creating environment descriptor '/home/mayo_poyo/ros2_ws2/install/tutorial_interfaces/share/tutorial_interfaces/hook/ld_library_path_lib.dsv'
[0.633s] INFO:colcon.colcon_core.shell:Creating environment hook '/home/mayo_poyo/ros2_ws2/install/tutorial_interfaces/share/tutorial_interfaces/hook/ld_library_path_lib.sh'
[0.634s] Level 1:colcon.colcon_core.environment:checking '/home/mayo_poyo/ros2_ws2/install/tutorial_interfaces/bin'
[0.634s] Level 1:colcon.colcon_core.environment:checking '/home/mayo_poyo/ros2_ws2/install/tutorial_interfaces/lib/pkgconfig/tutorial_interfaces.pc'
[0.634s] Level 1:colcon.colcon_core.environment:checking '/home/mayo_poyo/ros2_ws2/install/tutorial_interfaces/lib/python3.12/site-packages'
[0.634s] Level 1:colcon.colcon_core.shell:create_environment_hook('tutorial_interfaces', 'pythonpath')
[0.634s] INFO:colcon.colcon_core.shell:Creating environment hook '/home/mayo_poyo/ros2_ws2/install/tutorial_interfaces/share/tutorial_interfaces/hook/pythonpath.ps1'
[0.635s] INFO:colcon.colcon_core.shell:Creating environment descriptor '/home/mayo_poyo/ros2_ws2/install/tutorial_interfaces/share/tutorial_interfaces/hook/pythonpath.dsv'
[0.635s] INFO:colcon.colcon_core.shell:Creating environment hook '/home/mayo_poyo/ros2_ws2/install/tutorial_interfaces/share/tutorial_interfaces/hook/pythonpath.sh'
[0.635s] Level 1:colcon.colcon_core.environment:checking '/home/mayo_poyo/ros2_ws2/install/tutorial_interfaces/bin'
[0.636s] INFO:colcon.colcon_core.shell:Creating package script '/home/mayo_poyo/ros2_ws2/install/tutorial_interfaces/share/tutorial_interfaces/package.ps1'
[0.637s] INFO:colcon.colcon_core.shell:Creating package descriptor '/home/mayo_poyo/ros2_ws2/install/tutorial_interfaces/share/tutorial_interfaces/package.dsv'
[0.637s] INFO:colcon.colcon_core.shell:Creating package script '/home/mayo_poyo/ros2_ws2/install/tutorial_interfaces/share/tutorial_interfaces/package.sh'
[0.638s] INFO:colcon.colcon_core.shell:Creating package script '/home/mayo_poyo/ros2_ws2/install/tutorial_interfaces/share/tutorial_interfaces/package.bash'
[0.639s] INFO:colcon.colcon_core.shell:Creating package script '/home/mayo_poyo/ros2_ws2/install/tutorial_interfaces/share/tutorial_interfaces/package.zsh'
[0.640s] Level 1:colcon.colcon_core.environment:create_file_with_runtime_dependencies(/home/mayo_poyo/ros2_ws2/install/tutorial_interfaces/share/colcon-core/packages/tutorial_interfaces)
[0.727s] Level 1:colcon.colcon_core.environment:create_environment_scripts_only(tutorial_interfaces)
[0.728s] Level 1:colcon.colcon_core.environment:checking '/home/mayo_poyo/ros2_ws2/install/tutorial_interfaces' for CMake module files
[0.729s] Level 1:colcon.colcon_core.environment:checking '/home/mayo_poyo/ros2_ws2/install/tutorial_interfaces' for CMake config files
[0.729s] Level 1:colcon.colcon_core.shell:create_environment_hook('tutorial_interfaces', 'cmake_prefix_path')
[0.729s] INFO:colcon.colcon_core.shell:Creating environment hook '/home/mayo_poyo/ros2_ws2/install/tutorial_interfaces/share/tutorial_interfaces/hook/cmake_prefix_path.ps1'
[0.730s] INFO:colcon.colcon_core.shell:Creating environment descriptor '/home/mayo_poyo/ros2_ws2/install/tutorial_interfaces/share/tutorial_interfaces/hook/cmake_prefix_path.dsv'
[0.730s] INFO:colcon.colcon_core.shell:Creating environment hook '/home/mayo_poyo/ros2_ws2/install/tutorial_interfaces/share/tutorial_interfaces/hook/cmake_prefix_path.sh'
[0.730s] Level 1:colcon.colcon_core.environment:checking '/home/mayo_poyo/ros2_ws2/install/tutorial_interfaces/lib'
[0.731s] Level 1:colcon.colcon_core.shell:create_environment_hook('tutorial_interfaces', 'ld_library_path_lib')
[0.731s] INFO:colcon.colcon_core.shell:Creating environment hook '/home/mayo_poyo/ros2_ws2/install/tutorial_interfaces/share/tutorial_interfaces/hook/ld_library_path_lib.ps1'
[0.731s] INFO:colcon.colcon_core.shell:Creating environment descriptor '/home/mayo_poyo/ros2_ws2/install/tutorial_interfaces/share/tutorial_interfaces/hook/ld_library_path_lib.dsv'
[0.732s] INFO:colcon.colcon_core.shell:Creating environment hook '/home/mayo_poyo/ros2_ws2/install/tutorial_interfaces/share/tutorial_interfaces/hook/ld_library_path_lib.sh'
[0.732s] Level 1:colcon.colcon_core.environment:checking '/home/mayo_poyo/ros2_ws2/install/tutorial_interfaces/bin'
[0.732s] Level 1:colcon.colcon_core.environment:checking '/home/mayo_poyo/ros2_ws2/install/tutorial_interfaces/lib/pkgconfig/tutorial_interfaces.pc'
[0.732s] Level 1:colcon.colcon_core.environment:checking '/home/mayo_poyo/ros2_ws2/install/tutorial_interfaces/lib/python3.12/site-packages'
[0.733s] Level 1:colcon.colcon_core.shell:create_environment_hook('tutorial_interfaces', 'pythonpath')
[0.733s] INFO:colcon.colcon_core.shell:Creating environment hook '/home/mayo_poyo/ros2_ws2/install/tutorial_interfaces/share/tutorial_interfaces/hook/pythonpath.ps1'
[0.733s] INFO:colcon.colcon_core.shell:Creating environment descriptor '/home/mayo_poyo/ros2_ws2/install/tutorial_interfaces/share/tutorial_interfaces/hook/pythonpath.dsv'
[0.733s] INFO:colcon.colcon_core.shell:Creating environment hook '/home/mayo_poyo/ros2_ws2/install/tutorial_interfaces/share/tutorial_interfaces/hook/pythonpath.sh'
[0.734s] Level 1:colcon.colcon_core.environment:checking '/home/mayo_poyo/ros2_ws2/install/tutorial_interfaces/bin'
[0.734s] INFO:colcon.colcon_core.shell:Creating package script '/home/mayo_poyo/ros2_ws2/install/tutorial_interfaces/share/tutorial_interfaces/package.ps1'
[0.735s] INFO:colcon.colcon_core.shell:Creating package descriptor '/home/mayo_poyo/ros2_ws2/install/tutorial_interfaces/share/tutorial_interfaces/package.dsv'
[0.735s] INFO:colcon.colcon_core.shell:Creating package script '/home/mayo_poyo/ros2_ws2/install/tutorial_interfaces/share/tutorial_interfaces/package.sh'
[0.736s] INFO:colcon.colcon_core.shell:Creating package script '/home/mayo_poyo/ros2_ws2/install/tutorial_interfaces/share/tutorial_interfaces/package.bash'
[0.736s] INFO:colcon.colcon_core.shell:Creating package script '/home/mayo_poyo/ros2_ws2/install/tutorial_interfaces/share/tutorial_interfaces/package.zsh'
[0.736s] Level 1:colcon.colcon_core.environment:create_file_with_runtime_dependencies(/home/mayo_poyo/ros2_ws2/install/tutorial_interfaces/share/colcon-core/packages/tutorial_interfaces)
[0.737s] INFO:colcon.colcon_ros.task.ament_python.build:Building ROS package in '/home/mayo_poyo/ros2_ws2/src/py_pubsub' with build type 'ament_python'
[0.737s] Level 1:colcon.colcon_core.shell:create_environment_hook('py_pubsub', 'ament_prefix_path')
[0.737s] INFO:colcon.colcon_core.shell:Creating environment hook '/home/mayo_poyo/ros2_ws2/install/py_pubsub/share/py_pubsub/hook/ament_prefix_path.ps1'
[0.738s] INFO:colcon.colcon_core.shell:Creating environment descriptor '/home/mayo_poyo/ros2_ws2/install/py_pubsub/share/py_pubsub/hook/ament_prefix_path.dsv'
[0.739s] INFO:colcon.colcon_core.shell:Creating environment hook '/home/mayo_poyo/ros2_ws2/install/py_pubsub/share/py_pubsub/hook/ament_prefix_path.sh'
[0.739s] INFO:colcon.colcon_core.shell:Skip shell extension 'powershell' for command environment: Not usable outside of PowerShell
[0.739s] DEBUG:colcon.colcon_core.shell:Skip shell extension 'dsv' for command environment
[0.744s] INFO:colcon.colcon_ros.task.ament_python.build:Building ROS package in '/home/mayo_poyo/ros2_ws2/src/py_srvcli' with build type 'ament_python'
[0.744s] Level 1:colcon.colcon_core.shell:create_environment_hook('py_srvcli', 'ament_prefix_path')
[0.744s] INFO:colcon.colcon_core.shell:Creating environment hook '/home/mayo_poyo/ros2_ws2/install/py_srvcli/share/py_srvcli/hook/ament_prefix_path.ps1'
[0.745s] INFO:colcon.colcon_core.shell:Creating environment descriptor '/home/mayo_poyo/ros2_ws2/install/py_srvcli/share/py_srvcli/hook/ament_prefix_path.dsv'
[0.745s] INFO:colcon.colcon_core.shell:Creating environment hook '/home/mayo_poyo/ros2_ws2/install/py_srvcli/share/py_srvcli/hook/ament_prefix_path.sh'
[0.746s] INFO:colcon.colcon_core.shell:Skip shell extension 'powershell' for command environment: Not usable outside of PowerShell
[0.746s] DEBUG:colcon.colcon_core.shell:Skip shell extension 'dsv' for command environment
[0.876s] INFO:colcon.colcon_core.task.python.build:Building Python package in '/home/mayo_poyo/ros2_ws2/src/py_pubsub'
[0.877s] INFO:colcon.colcon_core.shell:Skip shell extension 'powershell' for command environment: Not usable outside of PowerShell
[0.877s] DEBUG:colcon.colcon_core.shell:Skip shell extension 'dsv' for command environment
[0.978s] INFO:colcon.colcon_core.task.python.build:Building Python package in '/home/mayo_poyo/ros2_ws2/src/py_srvcli'
[0.978s] INFO:colcon.colcon_core.shell:Skip shell extension 'powershell' for command environment: Not usable outside of PowerShell
[0.978s] DEBUG:colcon.colcon_core.shell:Skip shell extension 'dsv' for command environment
[0.984s] DEBUG:colcon.colcon_core.event_handler.log_command:Invoking command in '/home/mayo_poyo/ros2_ws2/src/python_parameters': DEBUGINFOD_URLS=https://debuginfod.ubuntu.com PYTHONPATH=/home/mayo_poyo/ros2_ws2/build/python_parameters/prefix_override:/usr/lib/python3/dist-packages/colcon_core/task/python/colcon_distutils_commands:/home/mayo_poyo/ros2_ws2/install/python_parameters/lib/python3.12/site-packages:${PYTHONPATH} /usr/bin/python3 -W ignore:setup.py install is deprecated setup.py egg_info --egg-base ../../build/python_parameters build --build-base /home/mayo_poyo/ros2_ws2/build/python_parameters/build install --record /home/mayo_poyo/ros2_ws2/build/python_parameters/install.log --single-version-externally-managed install_data
[0.986s] DEBUG:colcon.colcon_core.event_handler.log_command:Invoking command in '/home/mayo_poyo/ros2_ws2/src/go_to_goal': DEBUGINFOD_URLS=https://debuginfod.ubuntu.com PYTHONPATH=/home/mayo_poyo/ros2_ws2/build/go_to_goal/prefix_override:/usr/lib/python3/dist-packages/colcon_core/task/python/colcon_distutils_commands:/home/mayo_poyo/ros2_ws2/install/go_to_goal/lib/python3.12/site-packages:${PYTHONPATH} /usr/bin/python3 -W ignore:setup.py install is deprecated setup.py egg_info --egg-base ../../build/go_to_goal build --build-base /home/mayo_poyo/ros2_ws2/build/go_to_goal/build install --record /home/mayo_poyo/ros2_ws2/build/go_to_goal/install.log --single-version-externally-managed install_data
[1.249s] Level 1:colcon.colcon_core.environment:checking '/home/mayo_poyo/ros2_ws2/install/python_parameters' for CMake module files
[1.250s] DEBUG:colcon.colcon_core.event_handler.log_command:Invoked command in '/home/mayo_poyo/ros2_ws2/src/python_parameters' returned '0': DEBUGINFOD_URLS=https://debuginfod.ubuntu.com PYTHONPATH=/home/mayo_poyo/ros2_ws2/build/python_parameters/prefix_override:/usr/lib/python3/dist-packages/colcon_core/task/python/colcon_distutils_commands:/home/mayo_poyo/ros2_ws2/install/python_parameters/lib/python3.12/site-packages:${PYTHONPATH} /usr/bin/python3 -W ignore:setup.py install is deprecated setup.py egg_info --egg-base ../../build/python_parameters build --build-base /home/mayo_poyo/ros2_ws2/build/python_parameters/build install --record /home/mayo_poyo/ros2_ws2/build/python_parameters/install.log --single-version-externally-managed install_data
[1.251s] Level 1:colcon.colcon_core.environment:checking '/home/mayo_poyo/ros2_ws2/install/python_parameters' for CMake config files
[1.252s] Level 1:colcon.colcon_core.environment:checking '/home/mayo_poyo/ros2_ws2/install/python_parameters/lib'
[1.252s] Level 1:colcon.colcon_core.environment:checking '/home/mayo_poyo/ros2_ws2/install/python_parameters/bin'
[1.253s] Level 1:colcon.colcon_core.environment:checking '/home/mayo_poyo/ros2_ws2/install/python_parameters/lib/pkgconfig/python_parameters.pc'
[1.253s] Level 1:colcon.colcon_core.environment:checking '/home/mayo_poyo/ros2_ws2/install/python_parameters/lib/python3.12/site-packages'
[1.253s] Level 1:colcon.colcon_core.shell:create_environment_hook('python_parameters', 'pythonpath')
[1.253s] INFO:colcon.colcon_core.shell:Creating environment hook '/home/mayo_poyo/ros2_ws2/install/python_parameters/share/python_parameters/hook/pythonpath.ps1'
[1.254s] INFO:colcon.colcon_core.shell:Creating environment descriptor '/home/mayo_poyo/ros2_ws2/install/python_parameters/share/python_parameters/hook/pythonpath.dsv'
[1.254s] INFO:colcon.colcon_core.shell:Creating environment hook '/home/mayo_poyo/ros2_ws2/install/python_parameters/share/python_parameters/hook/pythonpath.sh'
[1.255s] Level 1:colcon.colcon_core.environment:checking '/home/mayo_poyo/ros2_ws2/install/python_parameters/bin'
[1.255s] Level 1:colcon.colcon_core.environment:create_environment_scripts_only(python_parameters)
[1.256s] INFO:colcon.colcon_core.shell:Creating package script '/home/mayo_poyo/ros2_ws2/install/python_parameters/share/python_parameters/package.ps1'
[1.256s] INFO:colcon.colcon_core.shell:Creating package descriptor '/home/mayo_poyo/ros2_ws2/install/python_parameters/share/python_parameters/package.dsv'
[1.257s] INFO:colcon.colcon_core.shell:Creating package script '/home/mayo_poyo/ros2_ws2/install/python_parameters/share/python_parameters/package.sh'
[1.257s] INFO:colcon.colcon_core.shell:Creating package script '/home/mayo_poyo/ros2_ws2/install/python_parameters/share/python_parameters/package.bash'
[1.257s] INFO:colcon.colcon_core.shell:Creating package script '/home/mayo_poyo/ros2_ws2/install/python_parameters/share/python_parameters/package.zsh'
[1.258s] Level 1:colcon.colcon_core.environment:create_file_with_runtime_dependencies(/home/mayo_poyo/ros2_ws2/install/python_parameters/share/colcon-core/packages/python_parameters)
[1.258s] Level 1:colcon.colcon_core.environment:checking '/home/mayo_poyo/ros2_ws2/install/go_to_goal' for CMake module files
[1.259s] DEBUG:colcon.colcon_core.event_handler.log_command:Invoked command in '/home/mayo_poyo/ros2_ws2/src/go_to_goal' returned '0': DEBUGINFOD_URLS=https://debuginfod.ubuntu.com PYTHONPATH=/home/mayo_poyo/ros2_ws2/build/go_to_goal/prefix_override:/usr/lib/python3/dist-packages/colcon_core/task/python/colcon_distutils_commands:/home/mayo_poyo/ros2_ws2/install/go_to_goal/lib/python3.12/site-packages:${PYTHONPATH} /usr/bin/python3 -W ignore:setup.py install is deprecated setup.py egg_info --egg-base ../../build/go_to_goal build --build-base /home/mayo_poyo/ros2_ws2/build/go_to_goal/build install --record /home/mayo_poyo/ros2_ws2/build/go_to_goal/install.log --single-version-externally-managed install_data
[1.259s] Level 1:colcon.colcon_core.environment:checking '/home/mayo_poyo/ros2_ws2/install/go_to_goal' for CMake config files
[1.261s] Level 1:colcon.colcon_core.environment:checking '/home/mayo_poyo/ros2_ws2/install/go_to_goal/lib'
[1.261s] Level 1:colcon.colcon_core.environment:checking '/home/mayo_poyo/ros2_ws2/install/go_to_goal/bin'
[1.261s] Level 1:colcon.colcon_core.environment:checking '/home/mayo_poyo/ros2_ws2/install/go_to_goal/lib/pkgconfig/go_to_goal.pc'
[1.262s] Level 1:colcon.colcon_core.environment:checking '/home/mayo_poyo/ros2_ws2/install/go_to_goal/lib/python3.12/site-packages'
[1.262s] Level 1:colcon.colcon_core.shell:create_environment_hook('go_to_goal', 'pythonpath')
[1.262s] INFO:colcon.colcon_core.shell:Creating environment hook '/home/mayo_poyo/ros2_ws2/install/go_to_goal/share/go_to_goal/hook/pythonpath.ps1'
[1.263s] INFO:colcon.colcon_core.shell:Creating environment descriptor '/home/mayo_poyo/ros2_ws2/install/go_to_goal/share/go_to_goal/hook/pythonpath.dsv'
[1.263s] INFO:colcon.colcon_core.shell:Creating environment hook '/home/mayo_poyo/ros2_ws2/install/go_to_goal/share/go_to_goal/hook/pythonpath.sh'
[1.264s] Level 1:colcon.colcon_core.environment:checking '/home/mayo_poyo/ros2_ws2/install/go_to_goal/bin'
[1.264s] Level 1:colcon.colcon_core.environment:create_environment_scripts_only(go_to_goal)
[1.264s] INFO:colcon.colcon_core.shell:Creating package script '/home/mayo_poyo/ros2_ws2/install/go_to_goal/share/go_to_goal/package.ps1'
[1.265s] INFO:colcon.colcon_core.shell:Creating package descriptor '/home/mayo_poyo/ros2_ws2/install/go_to_goal/share/go_to_goal/package.dsv'
[1.265s] INFO:colcon.colcon_core.shell:Creating package script '/home/mayo_poyo/ros2_ws2/install/go_to_goal/share/go_to_goal/package.sh'
[1.265s] INFO:colcon.colcon_core.shell:Creating package script '/home/mayo_poyo/ros2_ws2/install/go_to_goal/share/go_to_goal/package.bash'
[1.266s] INFO:colcon.colcon_core.shell:Creating package script '/home/mayo_poyo/ros2_ws2/install/go_to_goal/share/go_to_goal/package.zsh'
[1.266s] Level 1:colcon.colcon_core.environment:create_file_with_runtime_dependencies(/home/mayo_poyo/ros2_ws2/install/go_to_goal/share/colcon-core/packages/go_to_goal)
[1.292s] DEBUG:colcon.colcon_core.event_handler.log_command:Invoking command in '/home/mayo_poyo/ros2_ws2/src/py_srvcli': AMENT_PREFIX_PATH=/home/mayo_poyo/ros2_ws2/install/tutorial_interfaces:${AMENT_PREFIX_PATH} CMAKE_PREFIX_PATH=/home/mayo_poyo/ros2_ws2/install/tutorial_interfaces:${CMAKE_PREFIX_PATH} DEBUGINFOD_URLS=https://debuginfod.ubuntu.com LD_LIBRARY_PATH=/home/mayo_poyo/ros2_ws2/install/tutorial_interfaces/lib:${LD_LIBRARY_PATH} PYTHONPATH=/home/mayo_poyo/ros2_ws2/build/py_srvcli/prefix_override:/usr/lib/python3/dist-packages/colcon_core/task/python/colcon_distutils_commands:/home/mayo_poyo/ros2_ws2/install/py_srvcli/lib/python3.12/site-packages:/home/mayo_poyo/ros2_ws2/install/tutorial_interfaces/lib/python3.12/site-packages:${PYTHONPATH} /usr/bin/python3 -W ignore:setup.py install is deprecated setup.py egg_info --egg-base ../../build/py_srvcli build --build-base /home/mayo_poyo/ros2_ws2/build/py_srvcli/build install --record /home/mayo_poyo/ros2_ws2/build/py_srvcli/install.log --single-version-externally-managed install_data
[1.310s] DEBUG:colcon.colcon_core.event_handler.log_command:Invoking command in '/home/mayo_poyo/ros2_ws2/src/py_pubsub': AMENT_PREFIX_PATH=/home/mayo_poyo/ros2_ws2/install/tutorial_interfaces:${AMENT_PREFIX_PATH} CMAKE_PREFIX_PATH=/home/mayo_poyo/ros2_ws2/install/tutorial_interfaces:${CMAKE_PREFIX_PATH} DEBUGINFOD_URLS=https://debuginfod.ubuntu.com LD_LIBRARY_PATH=/home/mayo_poyo/ros2_ws2/install/tutorial_interfaces/lib:${LD_LIBRARY_PATH} PYTHONPATH=/home/mayo_poyo/ros2_ws2/build/py_pubsub/prefix_override:/usr/lib/python3/dist-packages/colcon_core/task/python/colcon_distutils_commands:/home/mayo_poyo/ros2_ws2/install/py_pubsub/lib/python3.12/site-packages:/home/mayo_poyo/ros2_ws2/install/tutorial_interfaces/lib/python3.12/site-packages:${PYTHONPATH} /usr/bin/python3 -W ignore:setup.py install is deprecated setup.py egg_info --egg-base ../../build/py_pubsub build --build-base /home/mayo_poyo/ros2_ws2/build/py_pubsub/build install --record /home/mayo_poyo/ros2_ws2/build/py_pubsub/install.log --single-version-externally-managed install_data
[1.548s] Level 1:colcon.colcon_core.environment:checking '/home/mayo_poyo/ros2_ws2/install/py_srvcli' for CMake module files
[1.549s] DEBUG:colcon.colcon_core.event_handler.log_command:Invoked command in '/home/mayo_poyo/ros2_ws2/src/py_srvcli' returned '0': AMENT_PREFIX_PATH=/home/mayo_poyo/ros2_ws2/install/tutorial_interfaces:${AMENT_PREFIX_PATH} CMAKE_PREFIX_PATH=/home/mayo_poyo/ros2_ws2/install/tutorial_interfaces:${CMAKE_PREFIX_PATH} DEBUGINFOD_URLS=https://debuginfod.ubuntu.com LD_LIBRARY_PATH=/home/mayo_poyo/ros2_ws2/install/tutorial_interfaces/lib:${LD_LIBRARY_PATH} PYTHONPATH=/home/mayo_poyo/ros2_ws2/build/py_srvcli/prefix_override:/usr/lib/python3/dist-packages/colcon_core/task/python/colcon_distutils_commands:/home/mayo_poyo/ros2_ws2/install/py_srvcli/lib/python3.12/site-packages:/home/mayo_poyo/ros2_ws2/install/tutorial_interfaces/lib/python3.12/site-packages:${PYTHONPATH} /usr/bin/python3 -W ignore:setup.py install is deprecated setup.py egg_info --egg-base ../../build/py_srvcli build --build-base /home/mayo_poyo/ros2_ws2/build/py_srvcli/build install --record /home/mayo_poyo/ros2_ws2/build/py_srvcli/install.log --single-version-externally-managed install_data
[1.549s] Level 1:colcon.colcon_core.environment:checking '/home/mayo_poyo/ros2_ws2/install/py_srvcli' for CMake config files
[1.549s] Level 1:colcon.colcon_core.environment:checking '/home/mayo_poyo/ros2_ws2/install/py_srvcli/lib'
[1.550s] Level 1:colcon.colcon_core.environment:checking '/home/mayo_poyo/ros2_ws2/install/py_srvcli/bin'
[1.550s] Level 1:colcon.colcon_core.environment:checking '/home/mayo_poyo/ros2_ws2/install/py_srvcli/lib/pkgconfig/py_srvcli.pc'
[1.550s] Level 1:colcon.colcon_core.environment:checking '/home/mayo_poyo/ros2_ws2/install/py_srvcli/lib/python3.12/site-packages'
[1.550s] Level 1:colcon.colcon_core.shell:create_environment_hook('py_srvcli', 'pythonpath')
[1.550s] INFO:colcon.colcon_core.shell:Creating environment hook '/home/mayo_poyo/ros2_ws2/install/py_srvcli/share/py_srvcli/hook/pythonpath.ps1'
[1.550s] INFO:colcon.colcon_core.shell:Creating environment descriptor '/home/mayo_poyo/ros2_ws2/install/py_srvcli/share/py_srvcli/hook/pythonpath.dsv'
[1.550s] INFO:colcon.colcon_core.shell:Creating environment hook '/home/mayo_poyo/ros2_ws2/install/py_srvcli/share/py_srvcli/hook/pythonpath.sh'
[1.550s] Level 1:colcon.colcon_core.environment:checking '/home/mayo_poyo/ros2_ws2/install/py_srvcli/bin'
[1.550s] Level 1:colcon.colcon_core.environment:create_environment_scripts_only(py_srvcli)
[1.550s] INFO:colcon.colcon_core.shell:Creating package script '/home/mayo_poyo/ros2_ws2/install/py_srvcli/share/py_srvcli/package.ps1'
[1.551s] INFO:colcon.colcon_core.shell:Creating package descriptor '/home/mayo_poyo/ros2_ws2/install/py_srvcli/share/py_srvcli/package.dsv'
[1.551s] INFO:colcon.colcon_core.shell:Creating package script '/home/mayo_poyo/ros2_ws2/install/py_srvcli/share/py_srvcli/package.sh'
[1.551s] INFO:colcon.colcon_core.shell:Creating package script '/home/mayo_poyo/ros2_ws2/install/py_srvcli/share/py_srvcli/package.bash'
[1.551s] INFO:colcon.colcon_core.shell:Creating package script '/home/mayo_poyo/ros2_ws2/install/py_srvcli/share/py_srvcli/package.zsh'
[1.551s] Level 1:colcon.colcon_core.environment:create_file_with_runtime_dependencies(/home/mayo_poyo/ros2_ws2/install/py_srvcli/share/colcon-core/packages/py_srvcli)
[1.564s] Level 1:colcon.colcon_core.environment:checking '/home/mayo_poyo/ros2_ws2/install/py_pubsub' for CMake module files
[1.565s] DEBUG:colcon.colcon_core.event_handler.log_command:Invoked command in '/home/mayo_poyo/ros2_ws2/src/py_pubsub' returned '0': AMENT_PREFIX_PATH=/home/mayo_poyo/ros2_ws2/install/tutorial_interfaces:${AMENT_PREFIX_PATH} CMAKE_PREFIX_PATH=/home/mayo_poyo/ros2_ws2/install/tutorial_interfaces:${CMAKE_PREFIX_PATH} DEBUGINFOD_URLS=https://debuginfod.ubuntu.com LD_LIBRARY_PATH=/home/mayo_poyo/ros2_ws2/install/tutorial_interfaces/lib:${LD_LIBRARY_PATH} PYTHONPATH=/home/mayo_poyo/ros2_ws2/build/py_pubsub/prefix_override:/usr/lib/python3/dist-packages/colcon_core/task/python/colcon_distutils_commands:/home/mayo_poyo/ros2_ws2/install/py_pubsub/lib/python3.12/site-packages:/home/mayo_poyo/ros2_ws2/install/tutorial_interfaces/lib/python3.12/site-packages:${PYTHONPATH} /usr/bin/python3 -W ignore:setup.py install is deprecated setup.py egg_info --egg-base ../../build/py_pubsub build --build-base /home/mayo_poyo/ros2_ws2/build/py_pubsub/build install --record /home/mayo_poyo/ros2_ws2/build/py_pubsub/install.log --single-version-externally-managed install_data
[1.565s] Level 1:colcon.colcon_core.environment:checking '/home/mayo_poyo/ros2_ws2/install/py_pubsub' for CMake config files
[1.566s] Level 1:colcon.colcon_core.environment:checking '/home/mayo_poyo/ros2_ws2/install/py_pubsub/lib'
[1.566s] Level 1:colcon.colcon_core.environment:checking '/home/mayo_poyo/ros2_ws2/install/py_pubsub/bin'
[1.566s] Level 1:colcon.colcon_core.environment:checking '/home/mayo_poyo/ros2_ws2/install/py_pubsub/lib/pkgconfig/py_pubsub.pc'
[1.566s] Level 1:colcon.colcon_core.environment:checking '/home/mayo_poyo/ros2_ws2/install/py_pubsub/lib/python3.12/site-packages'
[1.566s] Level 1:colcon.colcon_core.shell:create_environment_hook('py_pubsub', 'pythonpath')
[1.566s] INFO:colcon.colcon_core.shell:Creating environment hook '/home/mayo_poyo/ros2_ws2/install/py_pubsub/share/py_pubsub/hook/pythonpath.ps1'
[1.567s] INFO:colcon.colcon_core.shell:Creating environment descriptor '/home/mayo_poyo/ros2_ws2/install/py_pubsub/share/py_pubsub/hook/pythonpath.dsv'
[1.567s] INFO:colcon.colcon_core.shell:Creating environment hook '/home/mayo_poyo/ros2_ws2/install/py_pubsub/share/py_pubsub/hook/pythonpath.sh'
[1.567s] Level 1:colcon.colcon_core.environment:checking '/home/mayo_poyo/ros2_ws2/install/py_pubsub/bin'
[1.567s] Level 1:colcon.colcon_core.environment:create_environment_scripts_only(py_pubsub)
[1.568s] INFO:colcon.colcon_core.shell:Creating package script '/home/mayo_poyo/ros2_ws2/install/py_pubsub/share/py_pubsub/package.ps1'
[1.568s] INFO:colcon.colcon_core.shell:Creating package descriptor '/home/mayo_poyo/ros2_ws2/install/py_pubsub/share/py_pubsub/package.dsv'
[1.568s] INFO:colcon.colcon_core.shell:Creating package script '/home/mayo_poyo/ros2_ws2/install/py_pubsub/share/py_pubsub/package.sh'
[1.568s] INFO:colcon.colcon_core.shell:Creating package script '/home/mayo_poyo/ros2_ws2/install/py_pubsub/share/py_pubsub/package.bash'
[1.568s] INFO:colcon.colcon_core.shell:Creating package script '/home/mayo_poyo/ros2_ws2/install/py_pubsub/share/py_pubsub/package.zsh'
[1.568s] Level 1:colcon.colcon_core.environment:create_file_with_runtime_dependencies(/home/mayo_poyo/ros2_ws2/install/py_pubsub/share/colcon-core/packages/py_pubsub)
[1.569s] DEBUG:colcon.colcon_parallel_executor.executor.parallel:closing loop
[1.569s] DEBUG:colcon.colcon_parallel_executor.executor.parallel:loop closed
[1.569s] DEBUG:colcon.colcon_parallel_executor.executor.parallel:run_until_complete finished with '0'
[1.569s] DEBUG:colcon.colcon_core.event_reactor:joining thread
[1.583s] INFO:colcon.colcon_core.plugin_system:Skipping extension 'colcon_notification.desktop_notification.terminal_notifier': Not used on non-Darwin systems
[1.583s] INFO:colcon.colcon_core.plugin_system:Skipping extension 'colcon_notification.desktop_notification.win32': Not used on non-Windows systems
[1.583s] INFO:colcon.colcon_notification.desktop_notification:Sending desktop notification using 'notify2'
[1.594s] DEBUG:colcon.colcon_core.event_reactor:joined thread
[1.594s] INFO:colcon.colcon_core.shell:Creating prefix script '/home/mayo_poyo/ros2_ws2/install/local_setup.ps1'
[1.594s] INFO:colcon.colcon_core.shell:Creating prefix util module '/home/mayo_poyo/ros2_ws2/install/_local_setup_util_ps1.py'
[1.595s] INFO:colcon.colcon_core.shell:Creating prefix chain script '/home/mayo_poyo/ros2_ws2/install/setup.ps1'
[1.595s] INFO:colcon.colcon_core.shell:Creating prefix script '/home/mayo_poyo/ros2_ws2/install/local_setup.sh'
[1.596s] INFO:colcon.colcon_core.shell:Creating prefix util module '/home/mayo_poyo/ros2_ws2/install/_local_setup_util_sh.py'
[1.596s] INFO:colcon.colcon_core.shell:Creating prefix chain script '/home/mayo_poyo/ros2_ws2/install/setup.sh'
[1.597s] INFO:colcon.colcon_core.shell:Creating prefix script '/home/mayo_poyo/ros2_ws2/install/local_setup.bash'
[1.597s] INFO:colcon.colcon_core.shell:Creating prefix chain script '/home/mayo_poyo/ros2_ws2/install/setup.bash'
[1.597s] INFO:colcon.colcon_core.shell:Creating prefix script '/home/mayo_poyo/ros2_ws2/install/local_setup.zsh'
[1.598s] INFO:colcon.colcon_core.shell:Creating prefix chain script '/home/mayo_poyo/ros2_ws2/install/setup.zsh'
