running egg_info
creating ../build/go_to_goal/go_to_goal.egg-info
writing ../build/go_to_goal/go_to_goal.egg-info/PKG-INFO
writing dependency_links to ../build/go_to_goal/go_to_goal.egg-info/dependency_links.txt
writing requirements to ../build/go_to_goal/go_to_goal.egg-info/requires.txt
writing top-level names to ../build/go_to_goal/go_to_goal.egg-info/top_level.txt
writing manifest file '../build/go_to_goal/go_to_goal.egg-info/SOURCES.txt'
reading manifest file '../build/go_to_goal/go_to_goal.egg-info/SOURCES.txt'
adding license file 'LICENSE'
writing manifest file '../build/go_to_goal/go_to_goal.egg-info/SOURCES.txt'
running build
running build_py
creating /home/mayo_poyo/ros2_ws2/build/go_to_goal/build
creating /home/mayo_poyo/ros2_ws2/build/go_to_goal/build/lib
creating /home/mayo_poyo/ros2_ws2/build/go_to_goal/build/lib/go_to_goal
copying go_to_goal/pub.py -> /home/mayo_poyo/ros2_ws2/build/go_to_goal/build/lib/go_to_goal
copying go_to_goal/__init__.py -> /home/mayo_poyo/ros2_ws2/build/go_to_goal/build/lib/go_to_goal
running install
running install_lib
creating /home/mayo_poyo/ros2_ws2/install/go_to_goal/lib/python3.12/site-packages/go_to_goal
copying /home/mayo_poyo/ros2_ws2/build/go_to_goal/build/lib/go_to_goal/pub.py -> /home/mayo_poyo/ros2_ws2/install/go_to_goal/lib/python3.12/site-packages/go_to_goal
copying /home/mayo_poyo/ros2_ws2/build/go_to_goal/build/lib/go_to_goal/__init__.py -> /home/mayo_poyo/ros2_ws2/install/go_to_goal/lib/python3.12/site-packages/go_to_goal
byte-compiling /home/mayo_poyo/ros2_ws2/install/go_to_goal/lib/python3.12/site-packages/go_to_goal/pub.py to pub.cpython-312.pyc
byte-compiling /home/mayo_poyo/ros2_ws2/install/go_to_goal/lib/python3.12/site-packages/go_to_goal/__init__.py to __init__.cpython-312.pyc
running install_data
creating /home/mayo_poyo/ros2_ws2/install/go_to_goal/share/ament_index
creating /home/mayo_poyo/ros2_ws2/install/go_to_goal/share/ament_index/resource_index
creating /home/mayo_poyo/ros2_ws2/install/go_to_goal/share/ament_index/resource_index/packages
copying resource/go_to_goal -> /home/mayo_poyo/ros2_ws2/install/go_to_goal/share/ament_index/resource_index/packages
copying package.xml -> /home/mayo_poyo/ros2_ws2/install/go_to_goal/share/go_to_goal
running install_egg_info
Copying ../build/go_to_goal/go_to_goal.egg-info to /home/mayo_poyo/ros2_ws2/install/go_to_goal/lib/python3.12/site-packages/go_to_goal-0.0.0-py3.12.egg-info
running install_scripts
writing list of installed files to '/home/mayo_poyo/ros2_ws2/build/go_to_goal/install.log'
