[0.448s] Invoking command in '/home/mayo_poyo/ros2_ws2/src/py_pubsub': DEBUGINFOD_URLS=https://debuginfod.ubuntu.com PYTHONPATH=/home/mayo_poyo/ros2_ws2/build/py_pubsub/prefix_override:/usr/lib/python3/dist-packages/colcon_core/task/python/colcon_distutils_commands:/home/mayo_poyo/ros2_ws2/install/py_pubsub/lib/python3.12/site-packages:${PYTHONPATH} /usr/bin/python3 -W ignore:setup.py install is deprecated setup.py egg_info --egg-base ../../build/py_pubsub build --build-base /home/mayo_poyo/ros2_ws2/build/py_pubsub/build install --record /home/mayo_poyo/ros2_ws2/build/py_pubsub/install.log --single-version-externally-managed install_data
[0.578s] running egg_info
[0.586s] writing ../../build/py_pubsub/py_pubsub.egg-info/PKG-INFO
[0.586s] writing dependency_links to ../../build/py_pubsub/py_pubsub.egg-info/dependency_links.txt
[0.586s] writing entry points to ../../build/py_pubsub/py_pubsub.egg-info/entry_points.txt
[0.586s] writing requirements to ../../build/py_pubsub/py_pubsub.egg-info/requires.txt
[0.587s] writing top-level names to ../../build/py_pubsub/py_pubsub.egg-info/top_level.txt
[0.602s] reading manifest file '../../build/py_pubsub/py_pubsub.egg-info/SOURCES.txt'
[0.603s] adding license file 'LICENSE'
[0.603s] writing manifest file '../../build/py_pubsub/py_pubsub.egg-info/SOURCES.txt'
[0.603s] running build
[0.603s] running build_py
[0.603s] running install
[0.606s] running install_lib
[0.614s] running install_data
[0.614s] running install_egg_info
[0.622s] removing '/home/mayo_poyo/ros2_ws2/install/py_pubsub/lib/python3.12/site-packages/py_pubsub-0.0.0-py3.12.egg-info' (and everything under it)
[0.623s] Copying ../../build/py_pubsub/py_pubsub.egg-info to /home/mayo_poyo/ros2_ws2/install/py_pubsub/lib/python3.12/site-packages/py_pubsub-0.0.0-py3.12.egg-info
[0.623s] running install_scripts
[0.680s] Installing listener script to /home/mayo_poyo/ros2_ws2/install/py_pubsub/lib/py_pubsub
[0.680s] Installing talker script to /home/mayo_poyo/ros2_ws2/install/py_pubsub/lib/py_pubsub
[0.681s] writing list of installed files to '/home/mayo_poyo/ros2_ws2/build/py_pubsub/install.log'
[0.696s] Invoked command in '/home/mayo_poyo/ros2_ws2/src/py_pubsub' returned '0': DEBUGINFOD_URLS=https://debuginfod.ubuntu.com PYTHONPATH=/home/mayo_poyo/ros2_ws2/build/py_pubsub/prefix_override:/usr/lib/python3/dist-packages/colcon_core/task/python/colcon_distutils_commands:/home/mayo_poyo/ros2_ws2/install/py_pubsub/lib/python3.12/site-packages:${PYTHONPATH} /usr/bin/python3 -W ignore:setup.py install is deprecated setup.py egg_info --egg-base ../../build/py_pubsub build --build-base /home/mayo_poyo/ros2_ws2/build/py_pubsub/build install --record /home/mayo_poyo/ros2_ws2/build/py_pubsub/install.log --single-version-externally-managed install_data
