[0.558s] Invoking command in '/home/mayo_poyo/ros2_ws2/src/py_srvcli': DEBUGINFOD_URLS=https://debuginfod.ubuntu.com PYTHONPATH=/home/mayo_poyo/ros2_ws2/build/py_srvcli/prefix_override:/usr/lib/python3/dist-packages/colcon_core/task/python/colcon_distutils_commands:/home/mayo_poyo/ros2_ws2/install/py_srvcli/lib/python3.12/site-packages:/home/mayo_poyo/ros2_ws2/install/tutorial_interfaces/lib/python3.12/site-packages:/home/mayo_poyo/ros2_ws2/install/py_srvcli/lib/python3.12/site-packages:/home/mayo_poyo/ros2_ws2/install/py_pubsub/lib/python3.12/site-packages:/home/mayo_poyo/ros2_ws2/install/python_parameters/lib/python3.12/site-packages:/opt/ros/jazzy/lib/python3.12/site-packages /usr/bin/python3 -W ignore:setup.py install is deprecated setup.py egg_info --egg-base ../../build/py_srvcli build --build-base /home/mayo_poyo/ros2_ws2/build/py_srvcli/build install --record /home/mayo_poyo/ros2_ws2/build/py_srvcli/install.log --single-version-externally-managed install_data
[0.673s] running egg_info
[0.682s] writing ../../build/py_srvcli/py_srvcli.egg-info/PKG-INFO
[0.682s] writing dependency_links to ../../build/py_srvcli/py_srvcli.egg-info/dependency_links.txt
[0.682s] writing entry points to ../../build/py_srvcli/py_srvcli.egg-info/entry_points.txt
[0.682s] writing requirements to ../../build/py_srvcli/py_srvcli.egg-info/requires.txt
[0.682s] writing top-level names to ../../build/py_srvcli/py_srvcli.egg-info/top_level.txt
[0.697s] reading manifest file '../../build/py_srvcli/py_srvcli.egg-info/SOURCES.txt'
[0.698s] adding license file 'LICENSE'
[0.698s] writing manifest file '../../build/py_srvcli/py_srvcli.egg-info/SOURCES.txt'
[0.698s] running build
[0.699s] running build_py
[0.699s] running install
[0.701s] running install_lib
[0.709s] running install_data
[0.710s] running install_egg_info
[0.718s] removing '/home/mayo_poyo/ros2_ws2/install/py_srvcli/lib/python3.12/site-packages/py_srvcli-0.0.0-py3.12.egg-info' (and everything under it)
[0.718s] Copying ../../build/py_srvcli/py_srvcli.egg-info to /home/mayo_poyo/ros2_ws2/install/py_srvcli/lib/python3.12/site-packages/py_srvcli-0.0.0-py3.12.egg-info
[0.718s] running install_scripts
[0.778s] Installing client script to /home/mayo_poyo/ros2_ws2/install/py_srvcli/lib/py_srvcli
[0.778s] Installing service script to /home/mayo_poyo/ros2_ws2/install/py_srvcli/lib/py_srvcli
[0.778s] writing list of installed files to '/home/mayo_poyo/ros2_ws2/build/py_srvcli/install.log'
[0.794s] Invoked command in '/home/mayo_poyo/ros2_ws2/src/py_srvcli' returned '0': DEBUGINFOD_URLS=https://debuginfod.ubuntu.com PYTHONPATH=/home/mayo_poyo/ros2_ws2/build/py_srvcli/prefix_override:/usr/lib/python3/dist-packages/colcon_core/task/python/colcon_distutils_commands:/home/mayo_poyo/ros2_ws2/install/py_srvcli/lib/python3.12/site-packages:/home/mayo_poyo/ros2_ws2/install/tutorial_interfaces/lib/python3.12/site-packages:/home/mayo_poyo/ros2_ws2/install/py_srvcli/lib/python3.12/site-packages:/home/mayo_poyo/ros2_ws2/install/py_pubsub/lib/python3.12/site-packages:/home/mayo_poyo/ros2_ws2/install/python_parameters/lib/python3.12/site-packages:/opt/ros/jazzy/lib/python3.12/site-packages /usr/bin/python3 -W ignore:setup.py install is deprecated setup.py egg_info --egg-base ../../build/py_srvcli build --build-base /home/mayo_poyo/ros2_ws2/build/py_srvcli/build install --record /home/mayo_poyo/ros2_ws2/build/py_srvcli/install.log --single-version-externally-managed install_data
