[0.691s] Invoking command in '/home/mayo_poyo/ros2_ws2/src/go_to_goal': DEBUGINFOD_URLS=https://debuginfod.ubuntu.com PYTHONPATH=/home/mayo_poyo/ros2_ws2/build/go_to_goal/prefix_override:/usr/lib/python3/dist-packages/colcon_core/task/python/colcon_distutils_commands:/home/mayo_poyo/ros2_ws2/install/go_to_goal/lib/python3.12/site-packages:${PYTHONPATH} /usr/bin/python3 -W ignore:setup.py install is deprecated setup.py egg_info --egg-base ../../build/go_to_goal build --build-base /home/mayo_poyo/ros2_ws2/build/go_to_goal/build install --record /home/mayo_poyo/ros2_ws2/build/go_to_goal/install.log --single-version-externally-managed install_data
[0.814s] running egg_info
[0.822s] writing ../../build/go_to_goal/go_to_goal.egg-info/PKG-INFO
[0.823s] writing dependency_links to ../../build/go_to_goal/go_to_goal.egg-info/dependency_links.txt
[0.823s] writing entry points to ../../build/go_to_goal/go_to_goal.egg-info/entry_points.txt
[0.823s] writing requirements to ../../build/go_to_goal/go_to_goal.egg-info/requires.txt
[0.823s] writing top-level names to ../../build/go_to_goal/go_to_goal.egg-info/top_level.txt
[0.840s] reading manifest file '../../build/go_to_goal/go_to_goal.egg-info/SOURCES.txt'
[0.840s] adding license file 'LICENSE'
[0.840s] writing manifest file '../../build/go_to_goal/go_to_goal.egg-info/SOURCES.txt'
[0.841s] running build
[0.841s] running build_py
[0.841s] running install
[0.844s] running install_lib
[0.853s] running install_data
[0.853s] running install_egg_info
[0.862s] removing '/home/mayo_poyo/ros2_ws2/install/go_to_goal/lib/python3.12/site-packages/go_to_goal-0.0.0-py3.12.egg-info' (and everything under it)
[0.864s] Copying ../../build/go_to_goal/go_to_goal.egg-info to /home/mayo_poyo/ros2_ws2/install/go_to_goal/lib/python3.12/site-packages/go_to_goal-0.0.0-py3.12.egg-info
[0.864s] running install_scripts
[0.924s] Installing gtg script to /home/mayo_poyo/ros2_ws2/install/go_to_goal/lib/go_to_goal
[0.924s] Installing pub script to /home/mayo_poyo/ros2_ws2/install/go_to_goal/lib/go_to_goal
[0.925s] writing list of installed files to '/home/mayo_poyo/ros2_ws2/build/go_to_goal/install.log'
[0.946s] Invoked command in '/home/mayo_poyo/ros2_ws2/src/go_to_goal' returned '0': DEBUGINFOD_URLS=https://debuginfod.ubuntu.com PYTHONPATH=/home/mayo_poyo/ros2_ws2/build/go_to_goal/prefix_override:/usr/lib/python3/dist-packages/colcon_core/task/python/colcon_distutils_commands:/home/mayo_poyo/ros2_ws2/install/go_to_goal/lib/python3.12/site-packages:${PYTHONPATH} /usr/bin/python3 -W ignore:setup.py install is deprecated setup.py egg_info --egg-base ../../build/go_to_goal build --build-base /home/mayo_poyo/ros2_ws2/build/go_to_goal/build install --record /home/mayo_poyo/ros2_ws2/build/go_to_goal/install.log --single-version-externally-managed install_data
